[0.027s] Invoking command in '/home/ab/final_ws/build/target_reacher': AMENT_PREFIX_PATH=/home/ab/final_ws/install/ros2_aruco_interfaces:/home/ab/final_ws/install/bot_controller:${AMENT_PREFIX_PATH} CMAKE_PREFIX_PATH=/home/ab/final_ws/install/ros2_aruco_interfaces:/home/ab/final_ws/install/bot_controller:/opt/ros/galactic LD_LIBRARY_PATH=/home/ab/final_ws/install/ros2_aruco_interfaces/lib:/home/ab/final_ws/install/bot_controller/lib:${LD_LIBRARY_PATH} PYTHONPATH=/home/ab/final_ws/install/ros2_aruco_interfaces/lib/python3.8/site-packages:${PYTHONPATH} /usr/bin/cmake --build /home/ab/final_ws/build/target_reacher -- -j16 -l16
[0.082s] [100%] Built target target_reacher
[0.105s] Invoked command in '/home/ab/final_ws/build/target_reacher' returned '0': AMENT_PREFIX_PATH=/home/ab/final_ws/install/ros2_aruco_interfaces:/home/ab/final_ws/install/bot_controller:${AMENT_PREFIX_PATH} CMAKE_PREFIX_PATH=/home/ab/final_ws/install/ros2_aruco_interfaces:/home/ab/final_ws/install/bot_controller:/opt/ros/galactic LD_LIBRARY_PATH=/home/ab/final_ws/install/ros2_aruco_interfaces/lib:/home/ab/final_ws/install/bot_controller/lib:${LD_LIBRARY_PATH} PYTHONPATH=/home/ab/final_ws/install/ros2_aruco_interfaces/lib/python3.8/site-packages:${PYTHONPATH} /usr/bin/cmake --build /home/ab/final_ws/build/target_reacher -- -j16 -l16
[0.132s] Invoking command in '/home/ab/final_ws/build/target_reacher': AMENT_PREFIX_PATH=/home/ab/final_ws/install/ros2_aruco_interfaces:/home/ab/final_ws/install/bot_controller:${AMENT_PREFIX_PATH} CMAKE_PREFIX_PATH=/home/ab/final_ws/install/ros2_aruco_interfaces:/home/ab/final_ws/install/bot_controller:/opt/ros/galactic LD_LIBRARY_PATH=/home/ab/final_ws/install/ros2_aruco_interfaces/lib:/home/ab/final_ws/install/bot_controller/lib:${LD_LIBRARY_PATH} PYTHONPATH=/home/ab/final_ws/install/ros2_aruco_interfaces/lib/python3.8/site-packages:${PYTHONPATH} /usr/bin/cmake --install /home/ab/final_ws/build/target_reacher
[0.139s] -- Install configuration: ""
[0.139s] -- Up-to-date: /home/ab/final_ws/install/target_reacher/include/target_reacher
[0.139s] -- Up-to-date: /home/ab/final_ws/install/target_reacher/include/target_reacher/target_reacher.h
[0.139s] -- Up-to-date: /home/ab/final_ws/install/target_reacher/share/target_reacher/params
[0.139s] -- Up-to-date: /home/ab/final_ws/install/target_reacher/share/target_reacher/params/final_params.yaml
[0.139s] -- Up-to-date: /home/ab/final_ws/install/target_reacher/lib/target_reacher/target_reacher
[0.139s] -- Up-to-date: /home/ab/final_ws/install/target_reacher/share/ament_index/resource_index/package_run_dependencies/target_reacher
[0.140s] -- Up-to-date: /home/ab/final_ws/install/target_reacher/share/ament_index/resource_index/parent_prefix_path/target_reacher
[0.140s] -- Up-to-date: /home/ab/final_ws/install/target_reacher/share/target_reacher/environment/ament_prefix_path.sh
[0.140s] -- Up-to-date: /home/ab/final_ws/install/target_reacher/share/target_reacher/environment/ament_prefix_path.dsv
[0.140s] -- Up-to-date: /home/ab/final_ws/install/target_reacher/share/target_reacher/environment/path.sh
[0.140s] -- Up-to-date: /home/ab/final_ws/install/target_reacher/share/target_reacher/environment/path.dsv
[0.140s] -- Up-to-date: /home/ab/final_ws/install/target_reacher/share/target_reacher/local_setup.bash
[0.140s] -- Up-to-date: /home/ab/final_ws/install/target_reacher/share/target_reacher/local_setup.sh
[0.140s] -- Up-to-date: /home/ab/final_ws/install/target_reacher/share/target_reacher/local_setup.zsh
[0.140s] -- Up-to-date: /home/ab/final_ws/install/target_reacher/share/target_reacher/local_setup.dsv
[0.140s] -- Installing: /home/ab/final_ws/install/target_reacher/share/target_reacher/package.dsv
[0.140s] -- Up-to-date: /home/ab/final_ws/install/target_reacher/share/ament_index/resource_index/packages/target_reacher
[0.140s] -- Up-to-date: /home/ab/final_ws/install/target_reacher/share/target_reacher/cmake/target_reacherConfig.cmake
[0.140s] -- Up-to-date: /home/ab/final_ws/install/target_reacher/share/target_reacher/cmake/target_reacherConfig-version.cmake
[0.140s] -- Up-to-date: /home/ab/final_ws/install/target_reacher/share/target_reacher/package.xml
[0.144s] Invoked command in '/home/ab/final_ws/build/target_reacher' returned '0': AMENT_PREFIX_PATH=/home/ab/final_ws/install/ros2_aruco_interfaces:/home/ab/final_ws/install/bot_controller:${AMENT_PREFIX_PATH} CMAKE_PREFIX_PATH=/home/ab/final_ws/install/ros2_aruco_interfaces:/home/ab/final_ws/install/bot_controller:/opt/ros/galactic LD_LIBRARY_PATH=/home/ab/final_ws/install/ros2_aruco_interfaces/lib:/home/ab/final_ws/install/bot_controller/lib:${LD_LIBRARY_PATH} PYTHONPATH=/home/ab/final_ws/install/ros2_aruco_interfaces/lib/python3.8/site-packages:${PYTHONPATH} /usr/bin/cmake --install /home/ab/final_ws/build/target_reacher
