[0.099s] DEBUG:colcon:Command line arguments: ['/usr/bin/colcon', 'build']
[0.099s] DEBUG:colcon:Parsed command line arguments: Namespace(allow_overriding=[], ament_cmake_args=None, base_paths=['.'], build_base='build', catkin_cmake_args=None, catkin_skip_building_tests=False, cmake_args=None, cmake_clean_cache=False, cmake_clean_first=False, cmake_force_configure=False, cmake_target=None, cmake_target_skip_unavailable=False, continue_on_error=False, event_handlers=None, executor='parallel', ignore_user_meta=False, install_base='install', log_base=None, log_level=None, main=<bound method BuildVerb.main of <colcon_core.verb.build.BuildVerb object at 0x7f3cb27987c0>>, merge_install=False, metas=['./colcon.meta'], packages_above=None, packages_above_and_dependencies=None, packages_above_depth=None, packages_end=None, packages_ignore=None, packages_ignore_regex=None, packages_select=None, packages_select_build_failed=False, packages_select_by_dep=None, packages_select_regex=None, packages_select_test_failures=False, packages_skip=None, packages_skip_build_finished=False, packages_skip_by_dep=None, packages_skip_regex=None, packages_skip_test_passed=False, packages_skip_up_to=None, packages_start=None, packages_up_to=None, packages_up_to_regex=None, parallel_workers=16, paths=None, symlink_install=False, test_result_base=None, verb_extension=<colcon_core.verb.build.BuildVerb object at 0x7f3cb27987c0>, verb_name='build', verb_parser=<colcon_defaults.argument_parser.defaults.DefaultArgumentsDecorator object at 0x7f3cb2798d30>)
[0.114s] Level 1:colcon.colcon_core.package_discovery:discover_packages(colcon_meta) check parameters
[0.114s] Level 1:colcon.colcon_core.package_discovery:discover_packages(recursive) check parameters
[0.114s] Level 1:colcon.colcon_core.package_discovery:discover_packages(ignore) check parameters
[0.114s] Level 1:colcon.colcon_core.package_discovery:discover_packages(path) check parameters
[0.114s] Level 1:colcon.colcon_core.package_discovery:discover_packages(colcon_meta) discover
[0.114s] Level 1:colcon.colcon_core.package_discovery:discover_packages(recursive) discover
[0.114s] INFO:colcon.colcon_core.package_discovery:Crawling recursively for packages in '/home/ab/final_ws'
[0.114s] Level 1:colcon.colcon_core.package_identification:_identify(.) by extensions ['ignore', 'ignore_ament_install']
[0.114s] Level 1:colcon.colcon_core.package_identification:_identify(.) by extension 'ignore'
[0.114s] Level 1:colcon.colcon_core.package_identification:_identify(.) by extension 'ignore_ament_install'
[0.114s] Level 1:colcon.colcon_core.package_identification:_identify(.) by extensions ['colcon_pkg']
[0.114s] Level 1:colcon.colcon_core.package_identification:_identify(.) by extension 'colcon_pkg'
[0.114s] Level 1:colcon.colcon_core.package_identification:_identify(.) by extensions ['colcon_meta']
[0.114s] Level 1:colcon.colcon_core.package_identification:_identify(.) by extension 'colcon_meta'
[0.114s] Level 1:colcon.colcon_core.package_identification:_identify(.) by extensions ['ros']
[0.114s] Level 1:colcon.colcon_core.package_identification:_identify(.) by extension 'ros'
[0.139s] Level 1:colcon.colcon_core.package_identification:_identify(.) by extensions ['cmake', 'python']
[0.139s] Level 1:colcon.colcon_core.package_identification:_identify(.) by extension 'cmake'
[0.139s] Level 1:colcon.colcon_core.package_identification:_identify(.) by extension 'python'
[0.139s] Level 1:colcon.colcon_core.package_identification:_identify(.) by extensions ['python_setup_py']
[0.139s] Level 1:colcon.colcon_core.package_identification:_identify(.) by extension 'python_setup_py'
[0.140s] Level 1:colcon.colcon_core.package_identification:_identify(build) by extensions ['ignore', 'ignore_ament_install']
[0.140s] Level 1:colcon.colcon_core.package_identification:_identify(build) by extension 'ignore'
[0.140s] Level 1:colcon.colcon_core.package_identification:_identify(build) ignored
[0.140s] Level 1:colcon.colcon_core.package_identification:_identify(install) by extensions ['ignore', 'ignore_ament_install']
[0.140s] Level 1:colcon.colcon_core.package_identification:_identify(install) by extension 'ignore'
[0.140s] Level 1:colcon.colcon_core.package_identification:_identify(install) ignored
[0.140s] Level 1:colcon.colcon_core.package_identification:_identify(log) by extensions ['ignore', 'ignore_ament_install']
[0.140s] Level 1:colcon.colcon_core.package_identification:_identify(log) by extension 'ignore'
[0.140s] Level 1:colcon.colcon_core.package_identification:_identify(log) ignored
[0.140s] Level 1:colcon.colcon_core.package_identification:_identify(src) by extensions ['ignore', 'ignore_ament_install']
[0.140s] Level 1:colcon.colcon_core.package_identification:_identify(src) by extension 'ignore'
[0.140s] Level 1:colcon.colcon_core.package_identification:_identify(src) by extension 'ignore_ament_install'
[0.140s] Level 1:colcon.colcon_core.package_identification:_identify(src) by extensions ['colcon_pkg']
[0.140s] Level 1:colcon.colcon_core.package_identification:_identify(src) by extension 'colcon_pkg'
[0.140s] Level 1:colcon.colcon_core.package_identification:_identify(src) by extensions ['colcon_meta']
[0.140s] Level 1:colcon.colcon_core.package_identification:_identify(src) by extension 'colcon_meta'
[0.140s] Level 1:colcon.colcon_core.package_identification:_identify(src) by extensions ['ros']
[0.140s] Level 1:colcon.colcon_core.package_identification:_identify(src) by extension 'ros'
[0.140s] Level 1:colcon.colcon_core.package_identification:_identify(src) by extensions ['cmake', 'python']
[0.140s] Level 1:colcon.colcon_core.package_identification:_identify(src) by extension 'cmake'
[0.140s] Level 1:colcon.colcon_core.package_identification:_identify(src) by extension 'python'
[0.140s] Level 1:colcon.colcon_core.package_identification:_identify(src) by extensions ['python_setup_py']
[0.140s] Level 1:colcon.colcon_core.package_identification:_identify(src) by extension 'python_setup_py'
[0.140s] Level 1:colcon.colcon_core.package_identification:_identify(src/enpm809y_FinalFall2022) by extensions ['ignore', 'ignore_ament_install']
[0.141s] Level 1:colcon.colcon_core.package_identification:_identify(src/enpm809y_FinalFall2022) by extension 'ignore'
[0.141s] Level 1:colcon.colcon_core.package_identification:_identify(src/enpm809y_FinalFall2022) by extension 'ignore_ament_install'
[0.141s] Level 1:colcon.colcon_core.package_identification:_identify(src/enpm809y_FinalFall2022) by extensions ['colcon_pkg']
[0.141s] Level 1:colcon.colcon_core.package_identification:_identify(src/enpm809y_FinalFall2022) by extension 'colcon_pkg'
[0.141s] Level 1:colcon.colcon_core.package_identification:_identify(src/enpm809y_FinalFall2022) by extensions ['colcon_meta']
[0.141s] Level 1:colcon.colcon_core.package_identification:_identify(src/enpm809y_FinalFall2022) by extension 'colcon_meta'
[0.141s] Level 1:colcon.colcon_core.package_identification:_identify(src/enpm809y_FinalFall2022) by extensions ['ros']
[0.141s] Level 1:colcon.colcon_core.package_identification:_identify(src/enpm809y_FinalFall2022) by extension 'ros'
[0.141s] Level 1:colcon.colcon_core.package_identification:_identify(src/enpm809y_FinalFall2022) by extensions ['cmake', 'python']
[0.141s] Level 1:colcon.colcon_core.package_identification:_identify(src/enpm809y_FinalFall2022) by extension 'cmake'
[0.141s] Level 1:colcon.colcon_core.package_identification:_identify(src/enpm809y_FinalFall2022) by extension 'python'
[0.141s] Level 1:colcon.colcon_core.package_identification:_identify(src/enpm809y_FinalFall2022) by extensions ['python_setup_py']
[0.141s] Level 1:colcon.colcon_core.package_identification:_identify(src/enpm809y_FinalFall2022) by extension 'python_setup_py'
[0.141s] Level 1:colcon.colcon_core.package_identification:_identify(src/enpm809y_FinalFall2022/build) by extensions ['ignore', 'ignore_ament_install']
[0.141s] Level 1:colcon.colcon_core.package_identification:_identify(src/enpm809y_FinalFall2022/build) by extension 'ignore'
[0.141s] Level 1:colcon.colcon_core.package_identification:_identify(src/enpm809y_FinalFall2022/build) ignored
[0.141s] Level 1:colcon.colcon_core.package_identification:_identify(src/enpm809y_FinalFall2022/final) by extensions ['ignore', 'ignore_ament_install']
[0.141s] Level 1:colcon.colcon_core.package_identification:_identify(src/enpm809y_FinalFall2022/final) by extension 'ignore'
[0.141s] Level 1:colcon.colcon_core.package_identification:_identify(src/enpm809y_FinalFall2022/final) by extension 'ignore_ament_install'
[0.141s] Level 1:colcon.colcon_core.package_identification:_identify(src/enpm809y_FinalFall2022/final) by extensions ['colcon_pkg']
[0.141s] Level 1:colcon.colcon_core.package_identification:_identify(src/enpm809y_FinalFall2022/final) by extension 'colcon_pkg'
[0.141s] Level 1:colcon.colcon_core.package_identification:_identify(src/enpm809y_FinalFall2022/final) by extensions ['colcon_meta']
[0.141s] Level 1:colcon.colcon_core.package_identification:_identify(src/enpm809y_FinalFall2022/final) by extension 'colcon_meta'
[0.141s] Level 1:colcon.colcon_core.package_identification:_identify(src/enpm809y_FinalFall2022/final) by extensions ['ros']
[0.141s] Level 1:colcon.colcon_core.package_identification:_identify(src/enpm809y_FinalFall2022/final) by extension 'ros'
[0.141s] Level 1:colcon.colcon_core.package_identification:_identify(src/enpm809y_FinalFall2022/final) by extensions ['cmake', 'python']
[0.141s] Level 1:colcon.colcon_core.package_identification:_identify(src/enpm809y_FinalFall2022/final) by extension 'cmake'
[0.141s] Level 1:colcon.colcon_core.package_identification:_identify(src/enpm809y_FinalFall2022/final) by extension 'python'
[0.141s] Level 1:colcon.colcon_core.package_identification:_identify(src/enpm809y_FinalFall2022/final) by extensions ['python_setup_py']
[0.141s] Level 1:colcon.colcon_core.package_identification:_identify(src/enpm809y_FinalFall2022/final) by extension 'python_setup_py'
[0.142s] Level 1:colcon.colcon_core.package_identification:_identify(src/enpm809y_FinalFall2022/final/bot_controller) by extensions ['ignore', 'ignore_ament_install']
[0.142s] Level 1:colcon.colcon_core.package_identification:_identify(src/enpm809y_FinalFall2022/final/bot_controller) by extension 'ignore'
[0.142s] Level 1:colcon.colcon_core.package_identification:_identify(src/enpm809y_FinalFall2022/final/bot_controller) by extension 'ignore_ament_install'
[0.142s] Level 1:colcon.colcon_core.package_identification:_identify(src/enpm809y_FinalFall2022/final/bot_controller) by extensions ['colcon_pkg']
[0.142s] Level 1:colcon.colcon_core.package_identification:_identify(src/enpm809y_FinalFall2022/final/bot_controller) by extension 'colcon_pkg'
[0.142s] Level 1:colcon.colcon_core.package_identification:_identify(src/enpm809y_FinalFall2022/final/bot_controller) by extensions ['colcon_meta']
[0.142s] Level 1:colcon.colcon_core.package_identification:_identify(src/enpm809y_FinalFall2022/final/bot_controller) by extension 'colcon_meta'
[0.142s] Level 1:colcon.colcon_core.package_identification:_identify(src/enpm809y_FinalFall2022/final/bot_controller) by extensions ['ros']
[0.142s] Level 1:colcon.colcon_core.package_identification:_identify(src/enpm809y_FinalFall2022/final/bot_controller) by extension 'ros'
[0.144s] DEBUG:colcon.colcon_core.package_identification:Package 'src/enpm809y_FinalFall2022/final/bot_controller' with type 'ros.ament_cmake' and name 'bot_controller'
[0.144s] Level 1:colcon.colcon_core.package_identification:_identify(src/enpm809y_FinalFall2022/final/final_plugins) by extensions ['ignore', 'ignore_ament_install']
[0.144s] Level 1:colcon.colcon_core.package_identification:_identify(src/enpm809y_FinalFall2022/final/final_plugins) by extension 'ignore'
[0.144s] Level 1:colcon.colcon_core.package_identification:_identify(src/enpm809y_FinalFall2022/final/final_plugins) by extension 'ignore_ament_install'
[0.144s] Level 1:colcon.colcon_core.package_identification:_identify(src/enpm809y_FinalFall2022/final/final_plugins) by extensions ['colcon_pkg']
[0.144s] Level 1:colcon.colcon_core.package_identification:_identify(src/enpm809y_FinalFall2022/final/final_plugins) by extension 'colcon_pkg'
[0.144s] Level 1:colcon.colcon_core.package_identification:_identify(src/enpm809y_FinalFall2022/final/final_plugins) by extensions ['colcon_meta']
[0.144s] Level 1:colcon.colcon_core.package_identification:_identify(src/enpm809y_FinalFall2022/final/final_plugins) by extension 'colcon_meta'
[0.144s] Level 1:colcon.colcon_core.package_identification:_identify(src/enpm809y_FinalFall2022/final/final_plugins) by extensions ['ros']
[0.144s] Level 1:colcon.colcon_core.package_identification:_identify(src/enpm809y_FinalFall2022/final/final_plugins) by extension 'ros'
[0.144s] DEBUG:colcon.colcon_core.package_identification:Package 'src/enpm809y_FinalFall2022/final/final_plugins' with type 'ros.ament_cmake' and name 'final_plugins'
[0.145s] Level 1:colcon.colcon_core.package_identification:_identify(src/enpm809y_FinalFall2022/final/ros2_aruco) by extensions ['ignore', 'ignore_ament_install']
[0.145s] Level 1:colcon.colcon_core.package_identification:_identify(src/enpm809y_FinalFall2022/final/ros2_aruco) by extension 'ignore'
[0.145s] Level 1:colcon.colcon_core.package_identification:_identify(src/enpm809y_FinalFall2022/final/ros2_aruco) by extension 'ignore_ament_install'
[0.145s] Level 1:colcon.colcon_core.package_identification:_identify(src/enpm809y_FinalFall2022/final/ros2_aruco) by extensions ['colcon_pkg']
[0.145s] Level 1:colcon.colcon_core.package_identification:_identify(src/enpm809y_FinalFall2022/final/ros2_aruco) by extension 'colcon_pkg'
[0.145s] Level 1:colcon.colcon_core.package_identification:_identify(src/enpm809y_FinalFall2022/final/ros2_aruco) by extensions ['colcon_meta']
[0.145s] Level 1:colcon.colcon_core.package_identification:_identify(src/enpm809y_FinalFall2022/final/ros2_aruco) by extension 'colcon_meta'
[0.145s] Level 1:colcon.colcon_core.package_identification:_identify(src/enpm809y_FinalFall2022/final/ros2_aruco) by extensions ['ros']
[0.145s] Level 1:colcon.colcon_core.package_identification:_identify(src/enpm809y_FinalFall2022/final/ros2_aruco) by extension 'ros'
[0.145s] Level 1:colcon.colcon_core.package_identification:_identify(src/enpm809y_FinalFall2022/final/ros2_aruco) by extensions ['cmake', 'python']
[0.145s] Level 1:colcon.colcon_core.package_identification:_identify(src/enpm809y_FinalFall2022/final/ros2_aruco) by extension 'cmake'
[0.145s] Level 1:colcon.colcon_core.package_identification:_identify(src/enpm809y_FinalFall2022/final/ros2_aruco) by extension 'python'
[0.145s] Level 1:colcon.colcon_core.package_identification:_identify(src/enpm809y_FinalFall2022/final/ros2_aruco) by extensions ['python_setup_py']
[0.145s] Level 1:colcon.colcon_core.package_identification:_identify(src/enpm809y_FinalFall2022/final/ros2_aruco) by extension 'python_setup_py'
[0.145s] Level 1:colcon.colcon_core.package_identification:_identify(src/enpm809y_FinalFall2022/final/ros2_aruco/ros2_aruco) by extensions ['ignore', 'ignore_ament_install']
[0.145s] Level 1:colcon.colcon_core.package_identification:_identify(src/enpm809y_FinalFall2022/final/ros2_aruco/ros2_aruco) by extension 'ignore'
[0.145s] Level 1:colcon.colcon_core.package_identification:_identify(src/enpm809y_FinalFall2022/final/ros2_aruco/ros2_aruco) by extension 'ignore_ament_install'
[0.145s] Level 1:colcon.colcon_core.package_identification:_identify(src/enpm809y_FinalFall2022/final/ros2_aruco/ros2_aruco) by extensions ['colcon_pkg']
[0.145s] Level 1:colcon.colcon_core.package_identification:_identify(src/enpm809y_FinalFall2022/final/ros2_aruco/ros2_aruco) by extension 'colcon_pkg'
[0.145s] Level 1:colcon.colcon_core.package_identification:_identify(src/enpm809y_FinalFall2022/final/ros2_aruco/ros2_aruco) by extensions ['colcon_meta']
[0.145s] Level 1:colcon.colcon_core.package_identification:_identify(src/enpm809y_FinalFall2022/final/ros2_aruco/ros2_aruco) by extension 'colcon_meta'
[0.145s] Level 1:colcon.colcon_core.package_identification:_identify(src/enpm809y_FinalFall2022/final/ros2_aruco/ros2_aruco) by extensions ['ros']
[0.145s] Level 1:colcon.colcon_core.package_identification:_identify(src/enpm809y_FinalFall2022/final/ros2_aruco/ros2_aruco) by extension 'ros'
[0.146s] DEBUG:colcon.colcon_core.package_identification:Package 'src/enpm809y_FinalFall2022/final/ros2_aruco/ros2_aruco' with type 'ros.ament_python' and name 'ros2_aruco'
[0.146s] Level 1:colcon.colcon_core.package_identification:_identify(src/enpm809y_FinalFall2022/final/ros2_aruco/ros2_aruco_interfaces) by extensions ['ignore', 'ignore_ament_install']
[0.146s] Level 1:colcon.colcon_core.package_identification:_identify(src/enpm809y_FinalFall2022/final/ros2_aruco/ros2_aruco_interfaces) by extension 'ignore'
[0.146s] Level 1:colcon.colcon_core.package_identification:_identify(src/enpm809y_FinalFall2022/final/ros2_aruco/ros2_aruco_interfaces) by extension 'ignore_ament_install'
[0.146s] Level 1:colcon.colcon_core.package_identification:_identify(src/enpm809y_FinalFall2022/final/ros2_aruco/ros2_aruco_interfaces) by extensions ['colcon_pkg']
[0.146s] Level 1:colcon.colcon_core.package_identification:_identify(src/enpm809y_FinalFall2022/final/ros2_aruco/ros2_aruco_interfaces) by extension 'colcon_pkg'
[0.146s] Level 1:colcon.colcon_core.package_identification:_identify(src/enpm809y_FinalFall2022/final/ros2_aruco/ros2_aruco_interfaces) by extensions ['colcon_meta']
[0.146s] Level 1:colcon.colcon_core.package_identification:_identify(src/enpm809y_FinalFall2022/final/ros2_aruco/ros2_aruco_interfaces) by extension 'colcon_meta'
[0.146s] Level 1:colcon.colcon_core.package_identification:_identify(src/enpm809y_FinalFall2022/final/ros2_aruco/ros2_aruco_interfaces) by extensions ['ros']
[0.146s] Level 1:colcon.colcon_core.package_identification:_identify(src/enpm809y_FinalFall2022/final/ros2_aruco/ros2_aruco_interfaces) by extension 'ros'
[0.146s] DEBUG:colcon.colcon_core.package_identification:Package 'src/enpm809y_FinalFall2022/final/ros2_aruco/ros2_aruco_interfaces' with type 'ros.ament_cmake' and name 'ros2_aruco_interfaces'
[0.146s] Level 1:colcon.colcon_core.package_identification:_identify(src/enpm809y_FinalFall2022/final/target_reacher) by extensions ['ignore', 'ignore_ament_install']
[0.146s] Level 1:colcon.colcon_core.package_identification:_identify(src/enpm809y_FinalFall2022/final/target_reacher) by extension 'ignore'
[0.147s] Level 1:colcon.colcon_core.package_identification:_identify(src/enpm809y_FinalFall2022/final/target_reacher) by extension 'ignore_ament_install'
[0.147s] Level 1:colcon.colcon_core.package_identification:_identify(src/enpm809y_FinalFall2022/final/target_reacher) by extensions ['colcon_pkg']
[0.147s] Level 1:colcon.colcon_core.package_identification:_identify(src/enpm809y_FinalFall2022/final/target_reacher) by extension 'colcon_pkg'
[0.147s] Level 1:colcon.colcon_core.package_identification:_identify(src/enpm809y_FinalFall2022/final/target_reacher) by extensions ['colcon_meta']
[0.147s] Level 1:colcon.colcon_core.package_identification:_identify(src/enpm809y_FinalFall2022/final/target_reacher) by extension 'colcon_meta'
[0.147s] Level 1:colcon.colcon_core.package_identification:_identify(src/enpm809y_FinalFall2022/final/target_reacher) by extensions ['ros']
[0.147s] Level 1:colcon.colcon_core.package_identification:_identify(src/enpm809y_FinalFall2022/final/target_reacher) by extension 'ros'
[0.147s] DEBUG:colcon.colcon_core.package_identification:Found ROS schema reference in package manifest in 'src/enpm809y_FinalFall2022/final/target_reacher'
[0.148s] WARNING:colcon.colcon_core.package_identification:Failed to parse ROS package manifest in 'src/enpm809y_FinalFall2022/final/target_reacher': Error(s) in package 'src/enpm809y_FinalFall2022/final/target_reacher/package.xml':
Invalid email "abhoir@dddddumdu" for person "student2"
[0.148s] Level 1:colcon.colcon_core.package_identification:_identify(src/enpm809y_FinalFall2022/final/target_reacher) by extensions ['cmake', 'python']
[0.148s] Level 1:colcon.colcon_core.package_identification:_identify(src/enpm809y_FinalFall2022/final/target_reacher) by extension 'cmake'
[0.148s] Level 1:colcon.colcon_core.package_identification:_identify(src/enpm809y_FinalFall2022/final/target_reacher) by extension 'python'
[0.149s] DEBUG:colcon.colcon_core.package_identification:Package 'src/enpm809y_FinalFall2022/final/target_reacher' with type 'cmake' and name 'target_reacher'
[0.149s] Level 1:colcon.colcon_core.package_identification:_identify(src/enpm809y_FinalFall2022/final/tb3_bringup) by extensions ['ignore', 'ignore_ament_install']
[0.149s] Level 1:colcon.colcon_core.package_identification:_identify(src/enpm809y_FinalFall2022/final/tb3_bringup) by extension 'ignore'
[0.149s] Level 1:colcon.colcon_core.package_identification:_identify(src/enpm809y_FinalFall2022/final/tb3_bringup) by extension 'ignore_ament_install'
[0.149s] Level 1:colcon.colcon_core.package_identification:_identify(src/enpm809y_FinalFall2022/final/tb3_bringup) by extensions ['colcon_pkg']
[0.149s] Level 1:colcon.colcon_core.package_identification:_identify(src/enpm809y_FinalFall2022/final/tb3_bringup) by extension 'colcon_pkg'
[0.149s] Level 1:colcon.colcon_core.package_identification:_identify(src/enpm809y_FinalFall2022/final/tb3_bringup) by extensions ['colcon_meta']
[0.149s] Level 1:colcon.colcon_core.package_identification:_identify(src/enpm809y_FinalFall2022/final/tb3_bringup) by extension 'colcon_meta'
[0.149s] Level 1:colcon.colcon_core.package_identification:_identify(src/enpm809y_FinalFall2022/final/tb3_bringup) by extensions ['ros']
[0.149s] Level 1:colcon.colcon_core.package_identification:_identify(src/enpm809y_FinalFall2022/final/tb3_bringup) by extension 'ros'
[0.149s] Level 1:colcon.colcon_core.package_identification:_identify(src/enpm809y_FinalFall2022/final/tb3_bringup) by extensions ['cmake', 'python']
[0.149s] Level 1:colcon.colcon_core.package_identification:_identify(src/enpm809y_FinalFall2022/final/tb3_bringup) by extension 'cmake'
[0.149s] Level 1:colcon.colcon_core.package_identification:_identify(src/enpm809y_FinalFall2022/final/tb3_bringup) by extension 'python'
[0.149s] Level 1:colcon.colcon_core.package_identification:_identify(src/enpm809y_FinalFall2022/final/tb3_bringup) by extensions ['python_setup_py']
[0.149s] Level 1:colcon.colcon_core.package_identification:_identify(src/enpm809y_FinalFall2022/final/tb3_bringup) by extension 'python_setup_py'
[0.149s] Level 1:colcon.colcon_core.package_identification:_identify(src/enpm809y_FinalFall2022/final/tb3_bringup/bringup) by extensions ['ignore', 'ignore_ament_install']
[0.149s] Level 1:colcon.colcon_core.package_identification:_identify(src/enpm809y_FinalFall2022/final/tb3_bringup/bringup) by extension 'ignore'
[0.149s] Level 1:colcon.colcon_core.package_identification:_identify(src/enpm809y_FinalFall2022/final/tb3_bringup/bringup) by extension 'ignore_ament_install'
[0.149s] Level 1:colcon.colcon_core.package_identification:_identify(src/enpm809y_FinalFall2022/final/tb3_bringup/bringup) by extensions ['colcon_pkg']
[0.149s] Level 1:colcon.colcon_core.package_identification:_identify(src/enpm809y_FinalFall2022/final/tb3_bringup/bringup) by extension 'colcon_pkg'
[0.149s] Level 1:colcon.colcon_core.package_identification:_identify(src/enpm809y_FinalFall2022/final/tb3_bringup/bringup) by extensions ['colcon_meta']
[0.149s] Level 1:colcon.colcon_core.package_identification:_identify(src/enpm809y_FinalFall2022/final/tb3_bringup/bringup) by extension 'colcon_meta'
[0.149s] Level 1:colcon.colcon_core.package_identification:_identify(src/enpm809y_FinalFall2022/final/tb3_bringup/bringup) by extensions ['ros']
[0.149s] Level 1:colcon.colcon_core.package_identification:_identify(src/enpm809y_FinalFall2022/final/tb3_bringup/bringup) by extension 'ros'
[0.150s] DEBUG:colcon.colcon_core.package_identification:Package 'src/enpm809y_FinalFall2022/final/tb3_bringup/bringup' with type 'ros.ament_cmake' and name 'tb3_bringup'
[0.150s] Level 1:colcon.colcon_core.package_identification:_identify(src/enpm809y_FinalFall2022/final/tb3_bringup/tb3_gazebo_spawner) by extensions ['ignore', 'ignore_ament_install']
[0.150s] Level 1:colcon.colcon_core.package_identification:_identify(src/enpm809y_FinalFall2022/final/tb3_bringup/tb3_gazebo_spawner) by extension 'ignore'
[0.150s] Level 1:colcon.colcon_core.package_identification:_identify(src/enpm809y_FinalFall2022/final/tb3_bringup/tb3_gazebo_spawner) by extension 'ignore_ament_install'
[0.150s] Level 1:colcon.colcon_core.package_identification:_identify(src/enpm809y_FinalFall2022/final/tb3_bringup/tb3_gazebo_spawner) by extensions ['colcon_pkg']
[0.150s] Level 1:colcon.colcon_core.package_identification:_identify(src/enpm809y_FinalFall2022/final/tb3_bringup/tb3_gazebo_spawner) by extension 'colcon_pkg'
[0.150s] Level 1:colcon.colcon_core.package_identification:_identify(src/enpm809y_FinalFall2022/final/tb3_bringup/tb3_gazebo_spawner) by extensions ['colcon_meta']
[0.150s] Level 1:colcon.colcon_core.package_identification:_identify(src/enpm809y_FinalFall2022/final/tb3_bringup/tb3_gazebo_spawner) by extension 'colcon_meta'
[0.150s] Level 1:colcon.colcon_core.package_identification:_identify(src/enpm809y_FinalFall2022/final/tb3_bringup/tb3_gazebo_spawner) by extensions ['ros']
[0.150s] Level 1:colcon.colcon_core.package_identification:_identify(src/enpm809y_FinalFall2022/final/tb3_bringup/tb3_gazebo_spawner) by extension 'ros'
[0.150s] DEBUG:colcon.colcon_core.package_identification:Package 'src/enpm809y_FinalFall2022/final/tb3_bringup/tb3_gazebo_spawner' with type 'ros.ament_python' and name 'tb3_gazebo_spawner'
[0.151s] Level 1:colcon.colcon_core.package_identification:_identify(src/enpm809y_FinalFall2022/final/tb3_gazebo) by extensions ['ignore', 'ignore_ament_install']
[0.151s] Level 1:colcon.colcon_core.package_identification:_identify(src/enpm809y_FinalFall2022/final/tb3_gazebo) by extension 'ignore'
[0.151s] Level 1:colcon.colcon_core.package_identification:_identify(src/enpm809y_FinalFall2022/final/tb3_gazebo) by extension 'ignore_ament_install'
[0.151s] Level 1:colcon.colcon_core.package_identification:_identify(src/enpm809y_FinalFall2022/final/tb3_gazebo) by extensions ['colcon_pkg']
[0.151s] Level 1:colcon.colcon_core.package_identification:_identify(src/enpm809y_FinalFall2022/final/tb3_gazebo) by extension 'colcon_pkg'
[0.151s] Level 1:colcon.colcon_core.package_identification:_identify(src/enpm809y_FinalFall2022/final/tb3_gazebo) by extensions ['colcon_meta']
[0.151s] Level 1:colcon.colcon_core.package_identification:_identify(src/enpm809y_FinalFall2022/final/tb3_gazebo) by extension 'colcon_meta'
[0.151s] Level 1:colcon.colcon_core.package_identification:_identify(src/enpm809y_FinalFall2022/final/tb3_gazebo) by extensions ['ros']
[0.151s] Level 1:colcon.colcon_core.package_identification:_identify(src/enpm809y_FinalFall2022/final/tb3_gazebo) by extension 'ros'
[0.151s] DEBUG:colcon.colcon_core.package_identification:Package 'src/enpm809y_FinalFall2022/final/tb3_gazebo' with type 'ros.ament_cmake' and name 'tb3_gazebo'
[0.152s] Level 1:colcon.colcon_core.package_identification:_identify(src/enpm809y_FinalFall2022/final/world_odom_broadcaster) by extensions ['ignore', 'ignore_ament_install']
[0.152s] Level 1:colcon.colcon_core.package_identification:_identify(src/enpm809y_FinalFall2022/final/world_odom_broadcaster) by extension 'ignore'
[0.152s] Level 1:colcon.colcon_core.package_identification:_identify(src/enpm809y_FinalFall2022/final/world_odom_broadcaster) by extension 'ignore_ament_install'
[0.152s] Level 1:colcon.colcon_core.package_identification:_identify(src/enpm809y_FinalFall2022/final/world_odom_broadcaster) by extensions ['colcon_pkg']
[0.152s] Level 1:colcon.colcon_core.package_identification:_identify(src/enpm809y_FinalFall2022/final/world_odom_broadcaster) by extension 'colcon_pkg'
[0.152s] Level 1:colcon.colcon_core.package_identification:_identify(src/enpm809y_FinalFall2022/final/world_odom_broadcaster) by extensions ['colcon_meta']
[0.152s] Level 1:colcon.colcon_core.package_identification:_identify(src/enpm809y_FinalFall2022/final/world_odom_broadcaster) by extension 'colcon_meta'
[0.152s] Level 1:colcon.colcon_core.package_identification:_identify(src/enpm809y_FinalFall2022/final/world_odom_broadcaster) by extensions ['ros']
[0.152s] Level 1:colcon.colcon_core.package_identification:_identify(src/enpm809y_FinalFall2022/final/world_odom_broadcaster) by extension 'ros'
[0.152s] DEBUG:colcon.colcon_core.package_identification:Package 'src/enpm809y_FinalFall2022/final/world_odom_broadcaster' with type 'ros.ament_cmake' and name 'world_odom_broadcaster'
[0.152s] Level 1:colcon.colcon_core.package_identification:_identify(src/enpm809y_FinalFall2022/install) by extensions ['ignore', 'ignore_ament_install']
[0.152s] Level 1:colcon.colcon_core.package_identification:_identify(src/enpm809y_FinalFall2022/install) by extension 'ignore'
[0.152s] Level 1:colcon.colcon_core.package_identification:_identify(src/enpm809y_FinalFall2022/install) ignored
[0.153s] Level 1:colcon.colcon_core.package_identification:_identify(src/enpm809y_FinalFall2022/log) by extensions ['ignore', 'ignore_ament_install']
[0.153s] Level 1:colcon.colcon_core.package_identification:_identify(src/enpm809y_FinalFall2022/log) by extension 'ignore'
[0.153s] Level 1:colcon.colcon_core.package_identification:_identify(src/enpm809y_FinalFall2022/log) ignored
[0.153s] Level 1:colcon.colcon_core.package_discovery:discover_packages(recursive) using defaults
[0.153s] Level 1:colcon.colcon_core.package_discovery:discover_packages(ignore) discover
[0.153s] Level 1:colcon.colcon_core.package_discovery:discover_packages(ignore) using defaults
[0.153s] Level 1:colcon.colcon_core.package_discovery:discover_packages(path) discover
[0.153s] Level 1:colcon.colcon_core.package_discovery:discover_packages(path) using defaults
[0.166s] Level 1:colcon.colcon_core.package_discovery:discover_packages(prefix_path) check parameters
[0.166s] Level 1:colcon.colcon_core.package_discovery:discover_packages(prefix_path) discover
[0.168s] DEBUG:colcon.colcon_installed_package_information.package_discovery:Found 329 installed packages in /opt/ros/galactic
[0.170s] Level 1:colcon.colcon_core.package_discovery:discover_packages(prefix_path) using defaults
[0.222s] Level 5:colcon.colcon_core.verb:set package 'bot_controller' build argument 'cmake_args' from command line to 'None'
[0.222s] Level 5:colcon.colcon_core.verb:set package 'bot_controller' build argument 'cmake_target' from command line to 'None'
[0.222s] Level 5:colcon.colcon_core.verb:set package 'bot_controller' build argument 'cmake_target_skip_unavailable' from command line to 'False'
[0.222s] Level 5:colcon.colcon_core.verb:set package 'bot_controller' build argument 'cmake_clean_cache' from command line to 'False'
[0.222s] Level 5:colcon.colcon_core.verb:set package 'bot_controller' build argument 'cmake_clean_first' from command line to 'False'
[0.222s] Level 5:colcon.colcon_core.verb:set package 'bot_controller' build argument 'cmake_force_configure' from command line to 'False'
[0.222s] Level 5:colcon.colcon_core.verb:set package 'bot_controller' build argument 'ament_cmake_args' from command line to 'None'
[0.222s] Level 5:colcon.colcon_core.verb:set package 'bot_controller' build argument 'catkin_cmake_args' from command line to 'None'
[0.222s] Level 5:colcon.colcon_core.verb:set package 'bot_controller' build argument 'catkin_skip_building_tests' from command line to 'False'
[0.222s] DEBUG:colcon.colcon_core.verb:Building package 'bot_controller' with the following arguments: {'ament_cmake_args': None, 'build_base': '/home/ab/final_ws/build/bot_controller', 'catkin_cmake_args': None, 'catkin_skip_building_tests': False, 'cmake_args': None, 'cmake_clean_cache': False, 'cmake_clean_first': False, 'cmake_force_configure': False, 'cmake_target': None, 'cmake_target_skip_unavailable': False, 'install_base': '/home/ab/final_ws/install/bot_controller', 'merge_install': False, 'path': '/home/ab/final_ws/src/enpm809y_FinalFall2022/final/bot_controller', 'symlink_install': False, 'test_result_base': None}
[0.223s] Level 5:colcon.colcon_core.verb:set package 'final_plugins' build argument 'cmake_args' from command line to 'None'
[0.223s] Level 5:colcon.colcon_core.verb:set package 'final_plugins' build argument 'cmake_target' from command line to 'None'
[0.223s] Level 5:colcon.colcon_core.verb:set package 'final_plugins' build argument 'cmake_target_skip_unavailable' from command line to 'False'
[0.223s] Level 5:colcon.colcon_core.verb:set package 'final_plugins' build argument 'cmake_clean_cache' from command line to 'False'
[0.223s] Level 5:colcon.colcon_core.verb:set package 'final_plugins' build argument 'cmake_clean_first' from command line to 'False'
[0.223s] Level 5:colcon.colcon_core.verb:set package 'final_plugins' build argument 'cmake_force_configure' from command line to 'False'
[0.223s] Level 5:colcon.colcon_core.verb:set package 'final_plugins' build argument 'ament_cmake_args' from command line to 'None'
[0.223s] Level 5:colcon.colcon_core.verb:set package 'final_plugins' build argument 'catkin_cmake_args' from command line to 'None'
[0.223s] Level 5:colcon.colcon_core.verb:set package 'final_plugins' build argument 'catkin_skip_building_tests' from command line to 'False'
[0.223s] DEBUG:colcon.colcon_core.verb:Building package 'final_plugins' with the following arguments: {'ament_cmake_args': None, 'build_base': '/home/ab/final_ws/build/final_plugins', 'catkin_cmake_args': None, 'catkin_skip_building_tests': False, 'cmake_args': None, 'cmake_clean_cache': False, 'cmake_clean_first': False, 'cmake_force_configure': False, 'cmake_target': None, 'cmake_target_skip_unavailable': False, 'install_base': '/home/ab/final_ws/install/final_plugins', 'merge_install': False, 'path': '/home/ab/final_ws/src/enpm809y_FinalFall2022/final/final_plugins', 'symlink_install': False, 'test_result_base': None}
[0.223s] Level 5:colcon.colcon_core.verb:set package 'ros2_aruco' build argument 'cmake_args' from command line to 'None'
[0.224s] Level 5:colcon.colcon_core.verb:set package 'ros2_aruco' build argument 'cmake_target' from command line to 'None'
[0.224s] Level 5:colcon.colcon_core.verb:set package 'ros2_aruco' build argument 'cmake_target_skip_unavailable' from command line to 'False'
[0.224s] Level 5:colcon.colcon_core.verb:set package 'ros2_aruco' build argument 'cmake_clean_cache' from command line to 'False'
[0.224s] Level 5:colcon.colcon_core.verb:set package 'ros2_aruco' build argument 'cmake_clean_first' from command line to 'False'
[0.224s] Level 5:colcon.colcon_core.verb:set package 'ros2_aruco' build argument 'cmake_force_configure' from command line to 'False'
[0.224s] Level 5:colcon.colcon_core.verb:set package 'ros2_aruco' build argument 'ament_cmake_args' from command line to 'None'
[0.224s] Level 5:colcon.colcon_core.verb:set package 'ros2_aruco' build argument 'catkin_cmake_args' from command line to 'None'
[0.224s] Level 5:colcon.colcon_core.verb:set package 'ros2_aruco' build argument 'catkin_skip_building_tests' from command line to 'False'
[0.224s] DEBUG:colcon.colcon_core.verb:Building package 'ros2_aruco' with the following arguments: {'ament_cmake_args': None, 'build_base': '/home/ab/final_ws/build/ros2_aruco', 'catkin_cmake_args': None, 'catkin_skip_building_tests': False, 'cmake_args': None, 'cmake_clean_cache': False, 'cmake_clean_first': False, 'cmake_force_configure': False, 'cmake_target': None, 'cmake_target_skip_unavailable': False, 'install_base': '/home/ab/final_ws/install/ros2_aruco', 'merge_install': False, 'path': '/home/ab/final_ws/src/enpm809y_FinalFall2022/final/ros2_aruco/ros2_aruco', 'symlink_install': False, 'test_result_base': None}
[0.224s] Level 5:colcon.colcon_core.verb:set package 'ros2_aruco_interfaces' build argument 'cmake_args' from command line to 'None'
[0.224s] Level 5:colcon.colcon_core.verb:set package 'ros2_aruco_interfaces' build argument 'cmake_target' from command line to 'None'
[0.224s] Level 5:colcon.colcon_core.verb:set package 'ros2_aruco_interfaces' build argument 'cmake_target_skip_unavailable' from command line to 'False'
[0.224s] Level 5:colcon.colcon_core.verb:set package 'ros2_aruco_interfaces' build argument 'cmake_clean_cache' from command line to 'False'
[0.224s] Level 5:colcon.colcon_core.verb:set package 'ros2_aruco_interfaces' build argument 'cmake_clean_first' from command line to 'False'
[0.224s] Level 5:colcon.colcon_core.verb:set package 'ros2_aruco_interfaces' build argument 'cmake_force_configure' from command line to 'False'
[0.224s] Level 5:colcon.colcon_core.verb:set package 'ros2_aruco_interfaces' build argument 'ament_cmake_args' from command line to 'None'
[0.224s] Level 5:colcon.colcon_core.verb:set package 'ros2_aruco_interfaces' build argument 'catkin_cmake_args' from command line to 'None'
[0.224s] Level 5:colcon.colcon_core.verb:set package 'ros2_aruco_interfaces' build argument 'catkin_skip_building_tests' from command line to 'False'
[0.224s] DEBUG:colcon.colcon_core.verb:Building package 'ros2_aruco_interfaces' with the following arguments: {'ament_cmake_args': None, 'build_base': '/home/ab/final_ws/build/ros2_aruco_interfaces', 'catkin_cmake_args': None, 'catkin_skip_building_tests': False, 'cmake_args': None, 'cmake_clean_cache': False, 'cmake_clean_first': False, 'cmake_force_configure': False, 'cmake_target': None, 'cmake_target_skip_unavailable': False, 'install_base': '/home/ab/final_ws/install/ros2_aruco_interfaces', 'merge_install': False, 'path': '/home/ab/final_ws/src/enpm809y_FinalFall2022/final/ros2_aruco/ros2_aruco_interfaces', 'symlink_install': False, 'test_result_base': None}
[0.225s] Level 5:colcon.colcon_core.verb:set package 'tb3_gazebo' build argument 'cmake_args' from command line to 'None'
[0.225s] Level 5:colcon.colcon_core.verb:set package 'tb3_gazebo' build argument 'cmake_target' from command line to 'None'
[0.225s] Level 5:colcon.colcon_core.verb:set package 'tb3_gazebo' build argument 'cmake_target_skip_unavailable' from command line to 'False'
[0.225s] Level 5:colcon.colcon_core.verb:set package 'tb3_gazebo' build argument 'cmake_clean_cache' from command line to 'False'
[0.225s] Level 5:colcon.colcon_core.verb:set package 'tb3_gazebo' build argument 'cmake_clean_first' from command line to 'False'
[0.225s] Level 5:colcon.colcon_core.verb:set package 'tb3_gazebo' build argument 'cmake_force_configure' from command line to 'False'
[0.225s] Level 5:colcon.colcon_core.verb:set package 'tb3_gazebo' build argument 'ament_cmake_args' from command line to 'None'
[0.225s] Level 5:colcon.colcon_core.verb:set package 'tb3_gazebo' build argument 'catkin_cmake_args' from command line to 'None'
[0.225s] Level 5:colcon.colcon_core.verb:set package 'tb3_gazebo' build argument 'catkin_skip_building_tests' from command line to 'False'
[0.225s] DEBUG:colcon.colcon_core.verb:Building package 'tb3_gazebo' with the following arguments: {'ament_cmake_args': None, 'build_base': '/home/ab/final_ws/build/tb3_gazebo', 'catkin_cmake_args': None, 'catkin_skip_building_tests': False, 'cmake_args': None, 'cmake_clean_cache': False, 'cmake_clean_first': False, 'cmake_force_configure': False, 'cmake_target': None, 'cmake_target_skip_unavailable': False, 'install_base': '/home/ab/final_ws/install/tb3_gazebo', 'merge_install': False, 'path': '/home/ab/final_ws/src/enpm809y_FinalFall2022/final/tb3_gazebo', 'symlink_install': False, 'test_result_base': None}
[0.226s] Level 5:colcon.colcon_core.verb:set package 'tb3_gazebo_spawner' build argument 'cmake_args' from command line to 'None'
[0.226s] Level 5:colcon.colcon_core.verb:set package 'tb3_gazebo_spawner' build argument 'cmake_target' from command line to 'None'
[0.226s] Level 5:colcon.colcon_core.verb:set package 'tb3_gazebo_spawner' build argument 'cmake_target_skip_unavailable' from command line to 'False'
[0.226s] Level 5:colcon.colcon_core.verb:set package 'tb3_gazebo_spawner' build argument 'cmake_clean_cache' from command line to 'False'
[0.226s] Level 5:colcon.colcon_core.verb:set package 'tb3_gazebo_spawner' build argument 'cmake_clean_first' from command line to 'False'
[0.226s] Level 5:colcon.colcon_core.verb:set package 'tb3_gazebo_spawner' build argument 'cmake_force_configure' from command line to 'False'
[0.226s] Level 5:colcon.colcon_core.verb:set package 'tb3_gazebo_spawner' build argument 'ament_cmake_args' from command line to 'None'
[0.226s] Level 5:colcon.colcon_core.verb:set package 'tb3_gazebo_spawner' build argument 'catkin_cmake_args' from command line to 'None'
[0.226s] Level 5:colcon.colcon_core.verb:set package 'tb3_gazebo_spawner' build argument 'catkin_skip_building_tests' from command line to 'False'
[0.226s] DEBUG:colcon.colcon_core.verb:Building package 'tb3_gazebo_spawner' with the following arguments: {'ament_cmake_args': None, 'build_base': '/home/ab/final_ws/build/tb3_gazebo_spawner', 'catkin_cmake_args': None, 'catkin_skip_building_tests': False, 'cmake_args': None, 'cmake_clean_cache': False, 'cmake_clean_first': False, 'cmake_force_configure': False, 'cmake_target': None, 'cmake_target_skip_unavailable': False, 'install_base': '/home/ab/final_ws/install/tb3_gazebo_spawner', 'merge_install': False, 'path': '/home/ab/final_ws/src/enpm809y_FinalFall2022/final/tb3_bringup/tb3_gazebo_spawner', 'symlink_install': False, 'test_result_base': None}
[0.227s] Level 5:colcon.colcon_core.verb:set package 'world_odom_broadcaster' build argument 'cmake_args' from command line to 'None'
[0.227s] Level 5:colcon.colcon_core.verb:set package 'world_odom_broadcaster' build argument 'cmake_target' from command line to 'None'
[0.227s] Level 5:colcon.colcon_core.verb:set package 'world_odom_broadcaster' build argument 'cmake_target_skip_unavailable' from command line to 'False'
[0.227s] Level 5:colcon.colcon_core.verb:set package 'world_odom_broadcaster' build argument 'cmake_clean_cache' from command line to 'False'
[0.227s] Level 5:colcon.colcon_core.verb:set package 'world_odom_broadcaster' build argument 'cmake_clean_first' from command line to 'False'
[0.227s] Level 5:colcon.colcon_core.verb:set package 'world_odom_broadcaster' build argument 'cmake_force_configure' from command line to 'False'
[0.227s] Level 5:colcon.colcon_core.verb:set package 'world_odom_broadcaster' build argument 'ament_cmake_args' from command line to 'None'
[0.227s] Level 5:colcon.colcon_core.verb:set package 'world_odom_broadcaster' build argument 'catkin_cmake_args' from command line to 'None'
[0.227s] Level 5:colcon.colcon_core.verb:set package 'world_odom_broadcaster' build argument 'catkin_skip_building_tests' from command line to 'False'
[0.227s] DEBUG:colcon.colcon_core.verb:Building package 'world_odom_broadcaster' with the following arguments: {'ament_cmake_args': None, 'build_base': '/home/ab/final_ws/build/world_odom_broadcaster', 'catkin_cmake_args': None, 'catkin_skip_building_tests': False, 'cmake_args': None, 'cmake_clean_cache': False, 'cmake_clean_first': False, 'cmake_force_configure': False, 'cmake_target': None, 'cmake_target_skip_unavailable': False, 'install_base': '/home/ab/final_ws/install/world_odom_broadcaster', 'merge_install': False, 'path': '/home/ab/final_ws/src/enpm809y_FinalFall2022/final/world_odom_broadcaster', 'symlink_install': False, 'test_result_base': None}
[0.228s] Level 5:colcon.colcon_core.verb:set package 'target_reacher' build argument 'cmake_args' from command line to 'None'
[0.228s] Level 5:colcon.colcon_core.verb:set package 'target_reacher' build argument 'cmake_target' from command line to 'None'
[0.228s] Level 5:colcon.colcon_core.verb:set package 'target_reacher' build argument 'cmake_target_skip_unavailable' from command line to 'False'
[0.228s] Level 5:colcon.colcon_core.verb:set package 'target_reacher' build argument 'cmake_clean_cache' from command line to 'False'
[0.228s] Level 5:colcon.colcon_core.verb:set package 'target_reacher' build argument 'cmake_clean_first' from command line to 'False'
[0.228s] Level 5:colcon.colcon_core.verb:set package 'target_reacher' build argument 'cmake_force_configure' from command line to 'False'
[0.228s] Level 5:colcon.colcon_core.verb:set package 'target_reacher' build argument 'ament_cmake_args' from command line to 'None'
[0.228s] Level 5:colcon.colcon_core.verb:set package 'target_reacher' build argument 'catkin_cmake_args' from command line to 'None'
[0.228s] Level 5:colcon.colcon_core.verb:set package 'target_reacher' build argument 'catkin_skip_building_tests' from command line to 'False'
[0.228s] DEBUG:colcon.colcon_core.verb:Building package 'target_reacher' with the following arguments: {'ament_cmake_args': None, 'build_base': '/home/ab/final_ws/build/target_reacher', 'catkin_cmake_args': None, 'catkin_skip_building_tests': False, 'cmake_args': None, 'cmake_clean_cache': False, 'cmake_clean_first': False, 'cmake_force_configure': False, 'cmake_target': None, 'cmake_target_skip_unavailable': False, 'install_base': '/home/ab/final_ws/install/target_reacher', 'merge_install': False, 'path': '/home/ab/final_ws/src/enpm809y_FinalFall2022/final/target_reacher', 'symlink_install': False, 'test_result_base': None}
[0.228s] Level 5:colcon.colcon_core.verb:set package 'tb3_bringup' build argument 'cmake_args' from command line to 'None'
[0.228s] Level 5:colcon.colcon_core.verb:set package 'tb3_bringup' build argument 'cmake_target' from command line to 'None'
[0.228s] Level 5:colcon.colcon_core.verb:set package 'tb3_bringup' build argument 'cmake_target_skip_unavailable' from command line to 'False'
[0.228s] Level 5:colcon.colcon_core.verb:set package 'tb3_bringup' build argument 'cmake_clean_cache' from command line to 'False'
[0.228s] Level 5:colcon.colcon_core.verb:set package 'tb3_bringup' build argument 'cmake_clean_first' from command line to 'False'
[0.228s] Level 5:colcon.colcon_core.verb:set package 'tb3_bringup' build argument 'cmake_force_configure' from command line to 'False'
[0.228s] Level 5:colcon.colcon_core.verb:set package 'tb3_bringup' build argument 'ament_cmake_args' from command line to 'None'
[0.228s] Level 5:colcon.colcon_core.verb:set package 'tb3_bringup' build argument 'catkin_cmake_args' from command line to 'None'
[0.228s] Level 5:colcon.colcon_core.verb:set package 'tb3_bringup' build argument 'catkin_skip_building_tests' from command line to 'False'
[0.229s] DEBUG:colcon.colcon_core.verb:Building package 'tb3_bringup' with the following arguments: {'ament_cmake_args': None, 'build_base': '/home/ab/final_ws/build/tb3_bringup', 'catkin_cmake_args': None, 'catkin_skip_building_tests': False, 'cmake_args': None, 'cmake_clean_cache': False, 'cmake_clean_first': False, 'cmake_force_configure': False, 'cmake_target': None, 'cmake_target_skip_unavailable': False, 'install_base': '/home/ab/final_ws/install/tb3_bringup', 'merge_install': False, 'path': '/home/ab/final_ws/src/enpm809y_FinalFall2022/final/tb3_bringup/bringup', 'symlink_install': False, 'test_result_base': None}
[0.229s] INFO:colcon.colcon_core.executor:Executing jobs using 'parallel' executor
[0.232s] DEBUG:colcon.colcon_parallel_executor.executor.parallel:run_until_complete
[0.232s] INFO:colcon.colcon_ros.task.ament_cmake.build:Building ROS package in '/home/ab/final_ws/src/enpm809y_FinalFall2022/final/bot_controller' with build type 'ament_cmake'
[0.232s] INFO:colcon.colcon_cmake.task.cmake.build:Building CMake package in '/home/ab/final_ws/src/enpm809y_FinalFall2022/final/bot_controller'
[0.235s] INFO:colcon.colcon_core.plugin_system:Skipping extension 'colcon_core.shell.bat': Not used on non-Windows systems
[0.235s] INFO:colcon.colcon_core.shell:Skip shell extension 'powershell' for command environment: Not usable outside of PowerShell
[0.235s] DEBUG:colcon.colcon_core.shell:Skip shell extension 'dsv' for command environment
[0.239s] INFO:colcon.colcon_ros.task.ament_cmake.build:Building ROS package in '/home/ab/final_ws/src/enpm809y_FinalFall2022/final/ros2_aruco/ros2_aruco_interfaces' with build type 'ament_cmake'
[0.239s] INFO:colcon.colcon_cmake.task.cmake.build:Building CMake package in '/home/ab/final_ws/src/enpm809y_FinalFall2022/final/ros2_aruco/ros2_aruco_interfaces'
[0.240s] INFO:colcon.colcon_core.shell:Skip shell extension 'powershell' for command environment: Not usable outside of PowerShell
[0.240s] DEBUG:colcon.colcon_core.shell:Skip shell extension 'dsv' for command environment
[0.244s] INFO:colcon.colcon_ros.task.ament_cmake.build:Building ROS package in '/home/ab/final_ws/src/enpm809y_FinalFall2022/final/tb3_gazebo' with build type 'ament_cmake'
[0.244s] INFO:colcon.colcon_cmake.task.cmake.build:Building CMake package in '/home/ab/final_ws/src/enpm809y_FinalFall2022/final/tb3_gazebo'
[0.246s] INFO:colcon.colcon_core.shell:Skip shell extension 'powershell' for command environment: Not usable outside of PowerShell
[0.246s] DEBUG:colcon.colcon_core.shell:Skip shell extension 'dsv' for command environment
[0.251s] INFO:colcon.colcon_ros.task.ament_cmake.build:Building ROS package in '/home/ab/final_ws/src/enpm809y_FinalFall2022/final/final_plugins' with build type 'ament_cmake'
[0.251s] INFO:colcon.colcon_cmake.task.cmake.build:Building CMake package in '/home/ab/final_ws/src/enpm809y_FinalFall2022/final/final_plugins'
[0.252s] INFO:colcon.colcon_core.shell:Skip shell extension 'powershell' for command environment: Not usable outside of PowerShell
[0.252s] DEBUG:colcon.colcon_core.shell:Skip shell extension 'dsv' for command environment
[0.255s] INFO:colcon.colcon_ros.task.ament_python.build:Building ROS package in '/home/ab/final_ws/src/enpm809y_FinalFall2022/final/ros2_aruco/ros2_aruco' with build type 'ament_python'
[0.255s] Level 1:colcon.colcon_core.shell:create_environment_hook('ros2_aruco', 'ament_prefix_path')
[0.257s] INFO:colcon.colcon_core.shell:Creating environment hook '/home/ab/final_ws/install/ros2_aruco/share/ros2_aruco/hook/ament_prefix_path.ps1'
[0.257s] INFO:colcon.colcon_core.shell:Creating environment descriptor '/home/ab/final_ws/install/ros2_aruco/share/ros2_aruco/hook/ament_prefix_path.dsv'
[0.257s] INFO:colcon.colcon_core.shell:Creating environment hook '/home/ab/final_ws/install/ros2_aruco/share/ros2_aruco/hook/ament_prefix_path.sh'
[0.259s] INFO:colcon.colcon_core.shell:Skip shell extension 'powershell' for command environment: Not usable outside of PowerShell
[0.259s] DEBUG:colcon.colcon_core.shell:Skip shell extension 'dsv' for command environment
[0.262s] INFO:colcon.colcon_ros.task.ament_python.build:Building ROS package in '/home/ab/final_ws/src/enpm809y_FinalFall2022/final/tb3_bringup/tb3_gazebo_spawner' with build type 'ament_python'
[0.262s] Level 1:colcon.colcon_core.shell:create_environment_hook('tb3_gazebo_spawner', 'ament_prefix_path')
[0.263s] INFO:colcon.colcon_core.shell:Creating environment hook '/home/ab/final_ws/install/tb3_gazebo_spawner/share/tb3_gazebo_spawner/hook/ament_prefix_path.ps1'
[0.264s] INFO:colcon.colcon_core.shell:Creating environment descriptor '/home/ab/final_ws/install/tb3_gazebo_spawner/share/tb3_gazebo_spawner/hook/ament_prefix_path.dsv'
[0.264s] INFO:colcon.colcon_core.shell:Creating environment hook '/home/ab/final_ws/install/tb3_gazebo_spawner/share/tb3_gazebo_spawner/hook/ament_prefix_path.sh'
[0.265s] INFO:colcon.colcon_core.shell:Skip shell extension 'powershell' for command environment: Not usable outside of PowerShell
[0.265s] DEBUG:colcon.colcon_core.shell:Skip shell extension 'dsv' for command environment
[0.268s] INFO:colcon.colcon_ros.task.ament_cmake.build:Building ROS package in '/home/ab/final_ws/src/enpm809y_FinalFall2022/final/world_odom_broadcaster' with build type 'ament_cmake'
[0.268s] INFO:colcon.colcon_cmake.task.cmake.build:Building CMake package in '/home/ab/final_ws/src/enpm809y_FinalFall2022/final/world_odom_broadcaster'
[0.270s] INFO:colcon.colcon_core.shell:Skip shell extension 'powershell' for command environment: Not usable outside of PowerShell
[0.270s] DEBUG:colcon.colcon_core.shell:Skip shell extension 'dsv' for command environment
[0.279s] DEBUG:colcon.colcon_core.event_handler.log_command:Invoking command in '/home/ab/final_ws/build/bot_controller': CMAKE_PREFIX_PATH=/opt/ros/galactic /usr/bin/cmake /home/ab/final_ws/src/enpm809y_FinalFall2022/final/bot_controller -DCMAKE_INSTALL_PREFIX=/home/ab/final_ws/install/bot_controller
[0.281s] DEBUG:colcon.colcon_core.event_handler.log_command:Invoking command in '/home/ab/final_ws/build/ros2_aruco_interfaces': CMAKE_PREFIX_PATH=/opt/ros/galactic /usr/bin/cmake /home/ab/final_ws/src/enpm809y_FinalFall2022/final/ros2_aruco/ros2_aruco_interfaces -DCMAKE_INSTALL_PREFIX=/home/ab/final_ws/install/ros2_aruco_interfaces
[0.284s] DEBUG:colcon.colcon_core.event_handler.log_command:Invoking command in '/home/ab/final_ws/build/tb3_gazebo': CMAKE_PREFIX_PATH=/opt/ros/galactic /usr/bin/cmake /home/ab/final_ws/src/enpm809y_FinalFall2022/final/tb3_gazebo -DCMAKE_INSTALL_PREFIX=/home/ab/final_ws/install/tb3_gazebo
[0.287s] DEBUG:colcon.colcon_core.event_handler.log_command:Invoking command in '/home/ab/final_ws/build/final_plugins': CMAKE_PREFIX_PATH=/opt/ros/galactic /usr/bin/cmake /home/ab/final_ws/src/enpm809y_FinalFall2022/final/final_plugins -DCMAKE_INSTALL_PREFIX=/home/ab/final_ws/install/final_plugins
[0.469s] INFO:colcon.colcon_core.task.python.build:Building Python package in '/home/ab/final_ws/src/enpm809y_FinalFall2022/final/ros2_aruco/ros2_aruco'
[0.471s] INFO:colcon.colcon_core.shell:Skip shell extension 'powershell' for command environment: Not usable outside of PowerShell
[0.471s] DEBUG:colcon.colcon_core.shell:Skip shell extension 'dsv' for command environment
[0.655s] INFO:colcon.colcon_core.task.python.build:Building Python package in '/home/ab/final_ws/src/enpm809y_FinalFall2022/final/tb3_bringup/tb3_gazebo_spawner'
[0.657s] INFO:colcon.colcon_core.shell:Skip shell extension 'powershell' for command environment: Not usable outside of PowerShell
[0.657s] DEBUG:colcon.colcon_core.shell:Skip shell extension 'dsv' for command environment
[0.667s] DEBUG:colcon.colcon_core.event_handler.log_command:Invoking command in '/home/ab/final_ws/build/world_odom_broadcaster': CMAKE_PREFIX_PATH=/opt/ros/galactic /usr/bin/cmake /home/ab/final_ws/src/enpm809y_FinalFall2022/final/world_odom_broadcaster -DCMAKE_INSTALL_PREFIX=/home/ab/final_ws/install/world_odom_broadcaster
[1.061s] DEBUG:colcon.colcon_core.event_handler.log_command:Invoking command in '/home/ab/final_ws/src/enpm809y_FinalFall2022/final/ros2_aruco/ros2_aruco': PYTHONPATH=/home/ab/final_ws/build/ros2_aruco/prefix_override:/home/ab/final_ws/install/ros2_aruco/lib/python3.8/site-packages:${PYTHONPATH} /usr/bin/python3 setup.py egg_info --egg-base ../../../../../build/ros2_aruco build --build-base /home/ab/final_ws/build/ros2_aruco/build install --record /home/ab/final_ws/build/ros2_aruco/install.log --install-scripts $base/lib/ros2_aruco --single-version-externally-managed
[1.066s] DEBUG:colcon.colcon_core.event_handler.log_command:Invoking command in '/home/ab/final_ws/src/enpm809y_FinalFall2022/final/tb3_bringup/tb3_gazebo_spawner': PYTHONPATH=/home/ab/final_ws/build/tb3_gazebo_spawner/prefix_override:/home/ab/final_ws/install/tb3_gazebo_spawner/lib/python3.8/site-packages:${PYTHONPATH} /usr/bin/python3 setup.py egg_info --egg-base ../../../../../build/tb3_gazebo_spawner build --build-base /home/ab/final_ws/build/tb3_gazebo_spawner/build install --record /home/ab/final_ws/build/tb3_gazebo_spawner/install.log --install-scripts $base/lib/tb3_gazebo_spawner --single-version-externally-managed
[1.304s] DEBUG:colcon.colcon_core.event_handler.log_command:Invoked command in '/home/ab/final_ws/src/enpm809y_FinalFall2022/final/tb3_bringup/tb3_gazebo_spawner' returned '0': PYTHONPATH=/home/ab/final_ws/build/tb3_gazebo_spawner/prefix_override:/home/ab/final_ws/install/tb3_gazebo_spawner/lib/python3.8/site-packages:${PYTHONPATH} /usr/bin/python3 setup.py egg_info --egg-base ../../../../../build/tb3_gazebo_spawner build --build-base /home/ab/final_ws/build/tb3_gazebo_spawner/build install --record /home/ab/final_ws/build/tb3_gazebo_spawner/install.log --install-scripts $base/lib/tb3_gazebo_spawner --single-version-externally-managed
[1.307s] Level 1:colcon.colcon_core.environment:checking '/home/ab/final_ws/install/tb3_gazebo_spawner' for CMake module files
[1.308s] Level 1:colcon.colcon_core.environment:checking '/home/ab/final_ws/install/tb3_gazebo_spawner' for CMake config files
[1.308s] Level 1:colcon.colcon_core.environment:checking '/home/ab/final_ws/install/tb3_gazebo_spawner/lib'
[1.308s] Level 1:colcon.colcon_core.environment:checking '/home/ab/final_ws/install/tb3_gazebo_spawner/bin'
[1.308s] Level 1:colcon.colcon_core.environment:checking '/home/ab/final_ws/install/tb3_gazebo_spawner/lib/pkgconfig/tb3_gazebo_spawner.pc'
[1.309s] Level 1:colcon.colcon_core.environment:checking '/home/ab/final_ws/install/tb3_gazebo_spawner/lib/python3.8/site-packages'
[1.309s] Level 1:colcon.colcon_core.shell:create_environment_hook('tb3_gazebo_spawner', 'pythonpath')
[1.310s] INFO:colcon.colcon_core.shell:Creating environment hook '/home/ab/final_ws/install/tb3_gazebo_spawner/share/tb3_gazebo_spawner/hook/pythonpath.ps1'
[1.311s] INFO:colcon.colcon_core.shell:Creating environment descriptor '/home/ab/final_ws/install/tb3_gazebo_spawner/share/tb3_gazebo_spawner/hook/pythonpath.dsv'
[1.311s] INFO:colcon.colcon_core.shell:Creating environment hook '/home/ab/final_ws/install/tb3_gazebo_spawner/share/tb3_gazebo_spawner/hook/pythonpath.sh'
[1.312s] Level 1:colcon.colcon_core.environment:checking '/home/ab/final_ws/install/tb3_gazebo_spawner/bin'
[1.312s] Level 1:colcon.colcon_core.environment:create_environment_scripts_only(tb3_gazebo_spawner)
[1.313s] INFO:colcon.colcon_core.shell:Creating package script '/home/ab/final_ws/install/tb3_gazebo_spawner/share/tb3_gazebo_spawner/package.ps1'
[1.314s] INFO:colcon.colcon_core.shell:Creating package descriptor '/home/ab/final_ws/install/tb3_gazebo_spawner/share/tb3_gazebo_spawner/package.dsv'
[1.314s] INFO:colcon.colcon_core.shell:Creating package script '/home/ab/final_ws/install/tb3_gazebo_spawner/share/tb3_gazebo_spawner/package.sh'
[1.315s] INFO:colcon.colcon_core.shell:Creating package script '/home/ab/final_ws/install/tb3_gazebo_spawner/share/tb3_gazebo_spawner/package.bash'
[1.315s] INFO:colcon.colcon_core.shell:Creating package script '/home/ab/final_ws/install/tb3_gazebo_spawner/share/tb3_gazebo_spawner/package.zsh'
[1.316s] Level 1:colcon.colcon_core.environment:create_file_with_runtime_dependencies(/home/ab/final_ws/install/tb3_gazebo_spawner/share/colcon-core/packages/tb3_gazebo_spawner)
[1.330s] Level 1:colcon.colcon_core.environment:checking '/home/ab/final_ws/install/ros2_aruco' for CMake module files
[1.331s] DEBUG:colcon.colcon_core.event_handler.log_command:Invoked command in '/home/ab/final_ws/src/enpm809y_FinalFall2022/final/ros2_aruco/ros2_aruco' returned '0': PYTHONPATH=/home/ab/final_ws/build/ros2_aruco/prefix_override:/home/ab/final_ws/install/ros2_aruco/lib/python3.8/site-packages:${PYTHONPATH} /usr/bin/python3 setup.py egg_info --egg-base ../../../../../build/ros2_aruco build --build-base /home/ab/final_ws/build/ros2_aruco/build install --record /home/ab/final_ws/build/ros2_aruco/install.log --install-scripts $base/lib/ros2_aruco --single-version-externally-managed
[1.331s] Level 1:colcon.colcon_core.environment:checking '/home/ab/final_ws/install/ros2_aruco' for CMake config files
[1.331s] Level 1:colcon.colcon_core.environment:checking '/home/ab/final_ws/install/ros2_aruco/lib'
[1.331s] Level 1:colcon.colcon_core.environment:checking '/home/ab/final_ws/install/ros2_aruco/bin'
[1.331s] Level 1:colcon.colcon_core.environment:checking '/home/ab/final_ws/install/ros2_aruco/lib/pkgconfig/ros2_aruco.pc'
[1.332s] Level 1:colcon.colcon_core.environment:checking '/home/ab/final_ws/install/ros2_aruco/lib/python3.8/site-packages'
[1.332s] Level 1:colcon.colcon_core.shell:create_environment_hook('ros2_aruco', 'pythonpath')
[1.333s] INFO:colcon.colcon_core.shell:Creating environment hook '/home/ab/final_ws/install/ros2_aruco/share/ros2_aruco/hook/pythonpath.ps1'
[1.333s] INFO:colcon.colcon_core.shell:Creating environment descriptor '/home/ab/final_ws/install/ros2_aruco/share/ros2_aruco/hook/pythonpath.dsv'
[1.334s] INFO:colcon.colcon_core.shell:Creating environment hook '/home/ab/final_ws/install/ros2_aruco/share/ros2_aruco/hook/pythonpath.sh'
[1.334s] Level 1:colcon.colcon_core.environment:checking '/home/ab/final_ws/install/ros2_aruco/bin'
[1.334s] Level 1:colcon.colcon_core.environment:create_environment_scripts_only(ros2_aruco)
[1.335s] INFO:colcon.colcon_core.shell:Creating package script '/home/ab/final_ws/install/ros2_aruco/share/ros2_aruco/package.ps1'
[1.336s] INFO:colcon.colcon_core.shell:Creating package descriptor '/home/ab/final_ws/install/ros2_aruco/share/ros2_aruco/package.dsv'
[1.336s] INFO:colcon.colcon_core.shell:Creating package script '/home/ab/final_ws/install/ros2_aruco/share/ros2_aruco/package.sh'
[1.336s] INFO:colcon.colcon_core.shell:Creating package script '/home/ab/final_ws/install/ros2_aruco/share/ros2_aruco/package.bash'
[1.337s] INFO:colcon.colcon_core.shell:Creating package script '/home/ab/final_ws/install/ros2_aruco/share/ros2_aruco/package.zsh'
[1.337s] Level 1:colcon.colcon_core.environment:create_file_with_runtime_dependencies(/home/ab/final_ws/install/ros2_aruco/share/colcon-core/packages/ros2_aruco)
[1.634s] DEBUG:colcon.colcon_core.event_handler.log_command:Invoked command in '/home/ab/final_ws/build/ros2_aruco_interfaces' returned '0': CMAKE_PREFIX_PATH=/opt/ros/galactic /usr/bin/cmake /home/ab/final_ws/src/enpm809y_FinalFall2022/final/ros2_aruco/ros2_aruco_interfaces -DCMAKE_INSTALL_PREFIX=/home/ab/final_ws/install/ros2_aruco_interfaces
[1.637s] DEBUG:colcon.colcon_core.event_handler.log_command:Invoking command in '/home/ab/final_ws/build/ros2_aruco_interfaces': CMAKE_PREFIX_PATH=/opt/ros/galactic /usr/bin/cmake --build /home/ab/final_ws/build/ros2_aruco_interfaces -- -j16 -l16
[1.715s] DEBUG:colcon.colcon_core.event_handler.log_command:Invoked command in '/home/ab/final_ws/build/bot_controller' returned '0': CMAKE_PREFIX_PATH=/opt/ros/galactic /usr/bin/cmake /home/ab/final_ws/src/enpm809y_FinalFall2022/final/bot_controller -DCMAKE_INSTALL_PREFIX=/home/ab/final_ws/install/bot_controller
[1.718s] DEBUG:colcon.colcon_core.event_handler.log_command:Invoking command in '/home/ab/final_ws/build/bot_controller': CMAKE_PREFIX_PATH=/opt/ros/galactic /usr/bin/cmake --build /home/ab/final_ws/build/bot_controller -- -j16 -l16
[2.049s] DEBUG:colcon.colcon_core.event_handler.log_command:Invoked command in '/home/ab/final_ws/build/world_odom_broadcaster' returned '0': CMAKE_PREFIX_PATH=/opt/ros/galactic /usr/bin/cmake /home/ab/final_ws/src/enpm809y_FinalFall2022/final/world_odom_broadcaster -DCMAKE_INSTALL_PREFIX=/home/ab/final_ws/install/world_odom_broadcaster
[2.052s] DEBUG:colcon.colcon_core.event_handler.log_command:Invoking command in '/home/ab/final_ws/build/world_odom_broadcaster': CMAKE_PREFIX_PATH=/opt/ros/galactic /usr/bin/cmake --build /home/ab/final_ws/build/world_odom_broadcaster -- -j16 -l16
[2.292s] DEBUG:colcon.colcon_core.event_handler.log_command:Invoked command in '/home/ab/final_ws/build/tb3_gazebo' returned '0': CMAKE_PREFIX_PATH=/opt/ros/galactic /usr/bin/cmake /home/ab/final_ws/src/enpm809y_FinalFall2022/final/tb3_gazebo -DCMAKE_INSTALL_PREFIX=/home/ab/final_ws/install/tb3_gazebo
[2.296s] DEBUG:colcon.colcon_core.event_handler.log_command:Invoking command in '/home/ab/final_ws/build/tb3_gazebo': CMAKE_PREFIX_PATH=/opt/ros/galactic /usr/bin/cmake --build /home/ab/final_ws/build/tb3_gazebo -- -j16 -l16
[2.482s] DEBUG:colcon.colcon_core.event_handler.log_command:Invoked command in '/home/ab/final_ws/build/final_plugins' returned '0': CMAKE_PREFIX_PATH=/opt/ros/galactic /usr/bin/cmake /home/ab/final_ws/src/enpm809y_FinalFall2022/final/final_plugins -DCMAKE_INSTALL_PREFIX=/home/ab/final_ws/install/final_plugins
[2.485s] DEBUG:colcon.colcon_core.event_handler.log_command:Invoking command in '/home/ab/final_ws/build/final_plugins': CMAKE_PREFIX_PATH=/opt/ros/galactic /usr/bin/cmake --build /home/ab/final_ws/build/final_plugins -- -j16 -l16
[3.681s] DEBUG:colcon.colcon_core.event_handler.log_command:Invoked command in '/home/ab/final_ws/build/ros2_aruco_interfaces' returned '0': CMAKE_PREFIX_PATH=/opt/ros/galactic /usr/bin/cmake --build /home/ab/final_ws/build/ros2_aruco_interfaces -- -j16 -l16
[3.726s] DEBUG:colcon.colcon_core.event_handler.log_command:Invoking command in '/home/ab/final_ws/build/ros2_aruco_interfaces': CMAKE_PREFIX_PATH=/opt/ros/galactic /usr/bin/cmake --install /home/ab/final_ws/build/ros2_aruco_interfaces
[3.776s] Level 1:colcon.colcon_core.environment:create_environment_scripts_only(ros2_aruco_interfaces)
[3.776s] DEBUG:colcon.colcon_core.event_handler.log_command:Invoked command in '/home/ab/final_ws/build/ros2_aruco_interfaces' returned '0': CMAKE_PREFIX_PATH=/opt/ros/galactic /usr/bin/cmake --install /home/ab/final_ws/build/ros2_aruco_interfaces
[3.778s] Level 1:colcon.colcon_core.environment:checking '/home/ab/final_ws/install/ros2_aruco_interfaces' for CMake module files
[3.778s] Level 1:colcon.colcon_core.environment:checking '/home/ab/final_ws/install/ros2_aruco_interfaces' for CMake config files
[3.779s] Level 1:colcon.colcon_core.shell:create_environment_hook('ros2_aruco_interfaces', 'cmake_prefix_path')
[3.780s] INFO:colcon.colcon_core.shell:Creating environment hook '/home/ab/final_ws/install/ros2_aruco_interfaces/share/ros2_aruco_interfaces/hook/cmake_prefix_path.ps1'
[3.780s] INFO:colcon.colcon_core.shell:Creating environment descriptor '/home/ab/final_ws/install/ros2_aruco_interfaces/share/ros2_aruco_interfaces/hook/cmake_prefix_path.dsv'
[3.781s] INFO:colcon.colcon_core.shell:Creating environment hook '/home/ab/final_ws/install/ros2_aruco_interfaces/share/ros2_aruco_interfaces/hook/cmake_prefix_path.sh'
[3.781s] Level 1:colcon.colcon_core.environment:checking '/home/ab/final_ws/install/ros2_aruco_interfaces/lib'
[3.781s] Level 1:colcon.colcon_core.shell:create_environment_hook('ros2_aruco_interfaces', 'ld_library_path_lib')
[3.782s] INFO:colcon.colcon_core.shell:Creating environment hook '/home/ab/final_ws/install/ros2_aruco_interfaces/share/ros2_aruco_interfaces/hook/ld_library_path_lib.ps1'
[3.783s] INFO:colcon.colcon_core.shell:Creating environment descriptor '/home/ab/final_ws/install/ros2_aruco_interfaces/share/ros2_aruco_interfaces/hook/ld_library_path_lib.dsv'
[3.783s] INFO:colcon.colcon_core.shell:Creating environment hook '/home/ab/final_ws/install/ros2_aruco_interfaces/share/ros2_aruco_interfaces/hook/ld_library_path_lib.sh'
[3.783s] Level 1:colcon.colcon_core.environment:checking '/home/ab/final_ws/install/ros2_aruco_interfaces/bin'
[3.783s] Level 1:colcon.colcon_core.environment:checking '/home/ab/final_ws/install/ros2_aruco_interfaces/lib/pkgconfig/ros2_aruco_interfaces.pc'
[3.783s] Level 1:colcon.colcon_core.environment:checking '/home/ab/final_ws/install/ros2_aruco_interfaces/lib/python3.8/site-packages'
[3.783s] Level 1:colcon.colcon_core.shell:create_environment_hook('ros2_aruco_interfaces', 'pythonpath')
[3.785s] INFO:colcon.colcon_core.shell:Creating environment hook '/home/ab/final_ws/install/ros2_aruco_interfaces/share/ros2_aruco_interfaces/hook/pythonpath.ps1'
[3.785s] INFO:colcon.colcon_core.shell:Creating environment descriptor '/home/ab/final_ws/install/ros2_aruco_interfaces/share/ros2_aruco_interfaces/hook/pythonpath.dsv'
[3.785s] INFO:colcon.colcon_core.shell:Creating environment hook '/home/ab/final_ws/install/ros2_aruco_interfaces/share/ros2_aruco_interfaces/hook/pythonpath.sh'
[3.785s] Level 1:colcon.colcon_core.environment:checking '/home/ab/final_ws/install/ros2_aruco_interfaces/bin'
[3.787s] INFO:colcon.colcon_core.shell:Creating package script '/home/ab/final_ws/install/ros2_aruco_interfaces/share/ros2_aruco_interfaces/package.ps1'
[3.787s] INFO:colcon.colcon_core.shell:Creating package descriptor '/home/ab/final_ws/install/ros2_aruco_interfaces/share/ros2_aruco_interfaces/package.dsv'
[3.788s] INFO:colcon.colcon_core.shell:Creating package script '/home/ab/final_ws/install/ros2_aruco_interfaces/share/ros2_aruco_interfaces/package.sh'
[3.788s] INFO:colcon.colcon_core.shell:Creating package script '/home/ab/final_ws/install/ros2_aruco_interfaces/share/ros2_aruco_interfaces/package.bash'
[3.788s] INFO:colcon.colcon_core.shell:Creating package script '/home/ab/final_ws/install/ros2_aruco_interfaces/share/ros2_aruco_interfaces/package.zsh'
[3.788s] Level 1:colcon.colcon_core.environment:create_file_with_runtime_dependencies(/home/ab/final_ws/install/ros2_aruco_interfaces/share/colcon-core/packages/ros2_aruco_interfaces)
[3.827s] Level 1:colcon.colcon_core.environment:create_environment_scripts_only(ros2_aruco_interfaces)
[3.829s] Level 1:colcon.colcon_core.environment:checking '/home/ab/final_ws/install/ros2_aruco_interfaces' for CMake module files
[3.829s] Level 1:colcon.colcon_core.environment:checking '/home/ab/final_ws/install/ros2_aruco_interfaces' for CMake config files
[3.830s] Level 1:colcon.colcon_core.shell:create_environment_hook('ros2_aruco_interfaces', 'cmake_prefix_path')
[3.831s] INFO:colcon.colcon_core.shell:Creating environment hook '/home/ab/final_ws/install/ros2_aruco_interfaces/share/ros2_aruco_interfaces/hook/cmake_prefix_path.ps1'
[3.831s] INFO:colcon.colcon_core.shell:Creating environment descriptor '/home/ab/final_ws/install/ros2_aruco_interfaces/share/ros2_aruco_interfaces/hook/cmake_prefix_path.dsv'
[3.832s] INFO:colcon.colcon_core.shell:Creating environment hook '/home/ab/final_ws/install/ros2_aruco_interfaces/share/ros2_aruco_interfaces/hook/cmake_prefix_path.sh'
[3.832s] Level 1:colcon.colcon_core.environment:checking '/home/ab/final_ws/install/ros2_aruco_interfaces/lib'
[3.832s] Level 1:colcon.colcon_core.shell:create_environment_hook('ros2_aruco_interfaces', 'ld_library_path_lib')
[3.833s] INFO:colcon.colcon_core.shell:Creating environment hook '/home/ab/final_ws/install/ros2_aruco_interfaces/share/ros2_aruco_interfaces/hook/ld_library_path_lib.ps1'
[3.834s] INFO:colcon.colcon_core.shell:Creating environment descriptor '/home/ab/final_ws/install/ros2_aruco_interfaces/share/ros2_aruco_interfaces/hook/ld_library_path_lib.dsv'
[3.834s] INFO:colcon.colcon_core.shell:Creating environment hook '/home/ab/final_ws/install/ros2_aruco_interfaces/share/ros2_aruco_interfaces/hook/ld_library_path_lib.sh'
[3.834s] Level 1:colcon.colcon_core.environment:checking '/home/ab/final_ws/install/ros2_aruco_interfaces/bin'
[3.834s] Level 1:colcon.colcon_core.environment:checking '/home/ab/final_ws/install/ros2_aruco_interfaces/lib/pkgconfig/ros2_aruco_interfaces.pc'
[3.835s] Level 1:colcon.colcon_core.environment:checking '/home/ab/final_ws/install/ros2_aruco_interfaces/lib/python3.8/site-packages'
[3.835s] Level 1:colcon.colcon_core.shell:create_environment_hook('ros2_aruco_interfaces', 'pythonpath')
[3.836s] INFO:colcon.colcon_core.shell:Creating environment hook '/home/ab/final_ws/install/ros2_aruco_interfaces/share/ros2_aruco_interfaces/hook/pythonpath.ps1'
[3.836s] INFO:colcon.colcon_core.shell:Creating environment descriptor '/home/ab/final_ws/install/ros2_aruco_interfaces/share/ros2_aruco_interfaces/hook/pythonpath.dsv'
[3.836s] INFO:colcon.colcon_core.shell:Creating environment hook '/home/ab/final_ws/install/ros2_aruco_interfaces/share/ros2_aruco_interfaces/hook/pythonpath.sh'
[3.837s] Level 1:colcon.colcon_core.environment:checking '/home/ab/final_ws/install/ros2_aruco_interfaces/bin'
[3.839s] INFO:colcon.colcon_core.shell:Creating package script '/home/ab/final_ws/install/ros2_aruco_interfaces/share/ros2_aruco_interfaces/package.ps1'
[3.840s] INFO:colcon.colcon_core.shell:Creating package descriptor '/home/ab/final_ws/install/ros2_aruco_interfaces/share/ros2_aruco_interfaces/package.dsv'
[3.840s] INFO:colcon.colcon_core.shell:Creating package script '/home/ab/final_ws/install/ros2_aruco_interfaces/share/ros2_aruco_interfaces/package.sh'
[3.841s] INFO:colcon.colcon_core.shell:Creating package script '/home/ab/final_ws/install/ros2_aruco_interfaces/share/ros2_aruco_interfaces/package.bash'
[3.841s] INFO:colcon.colcon_core.shell:Creating package script '/home/ab/final_ws/install/ros2_aruco_interfaces/share/ros2_aruco_interfaces/package.zsh'
[3.841s] Level 1:colcon.colcon_core.environment:create_file_with_runtime_dependencies(/home/ab/final_ws/install/ros2_aruco_interfaces/share/colcon-core/packages/ros2_aruco_interfaces)
[4.426s] DEBUG:colcon.colcon_core.event_handler.log_command:Invoked command in '/home/ab/final_ws/build/bot_controller' returned '0': CMAKE_PREFIX_PATH=/opt/ros/galactic /usr/bin/cmake --build /home/ab/final_ws/build/bot_controller -- -j16 -l16
[4.445s] DEBUG:colcon.colcon_core.event_handler.log_command:Invoking command in '/home/ab/final_ws/build/bot_controller': CMAKE_PREFIX_PATH=/opt/ros/galactic /usr/bin/cmake --install /home/ab/final_ws/build/bot_controller
[4.456s] Level 1:colcon.colcon_core.environment:create_environment_scripts_only(bot_controller)
[4.456s] DEBUG:colcon.colcon_core.event_handler.log_command:Invoked command in '/home/ab/final_ws/build/bot_controller' returned '0': CMAKE_PREFIX_PATH=/opt/ros/galactic /usr/bin/cmake --install /home/ab/final_ws/build/bot_controller
[4.458s] Level 1:colcon.colcon_core.environment:checking '/home/ab/final_ws/install/bot_controller' for CMake module files
[4.459s] Level 1:colcon.colcon_core.environment:checking '/home/ab/final_ws/install/bot_controller' for CMake config files
[4.459s] Level 1:colcon.colcon_core.shell:create_environment_hook('bot_controller', 'cmake_prefix_path')
[4.460s] INFO:colcon.colcon_core.shell:Creating environment hook '/home/ab/final_ws/install/bot_controller/share/bot_controller/hook/cmake_prefix_path.ps1'
[4.461s] INFO:colcon.colcon_core.shell:Creating environment descriptor '/home/ab/final_ws/install/bot_controller/share/bot_controller/hook/cmake_prefix_path.dsv'
[4.461s] INFO:colcon.colcon_core.shell:Creating environment hook '/home/ab/final_ws/install/bot_controller/share/bot_controller/hook/cmake_prefix_path.sh'
[4.461s] Level 1:colcon.colcon_core.environment:checking '/home/ab/final_ws/install/bot_controller/lib'
[4.462s] Level 1:colcon.colcon_core.environment:checking '/home/ab/final_ws/install/bot_controller/bin'
[4.462s] Level 1:colcon.colcon_core.environment:checking '/home/ab/final_ws/install/bot_controller/lib/pkgconfig/bot_controller.pc'
[4.462s] Level 1:colcon.colcon_core.environment:checking '/home/ab/final_ws/install/bot_controller/lib/python3.8/site-packages'
[4.462s] Level 1:colcon.colcon_core.environment:checking '/home/ab/final_ws/install/bot_controller/bin'
[4.463s] INFO:colcon.colcon_core.shell:Creating package script '/home/ab/final_ws/install/bot_controller/share/bot_controller/package.ps1'
[4.464s] INFO:colcon.colcon_core.shell:Creating package descriptor '/home/ab/final_ws/install/bot_controller/share/bot_controller/package.dsv'
[4.464s] INFO:colcon.colcon_core.shell:Creating package script '/home/ab/final_ws/install/bot_controller/share/bot_controller/package.sh'
[4.464s] INFO:colcon.colcon_core.shell:Creating package script '/home/ab/final_ws/install/bot_controller/share/bot_controller/package.bash'
[4.465s] INFO:colcon.colcon_core.shell:Creating package script '/home/ab/final_ws/install/bot_controller/share/bot_controller/package.zsh'
[4.465s] Level 1:colcon.colcon_core.environment:create_file_with_runtime_dependencies(/home/ab/final_ws/install/bot_controller/share/colcon-core/packages/bot_controller)
[4.483s] Level 1:colcon.colcon_core.environment:create_environment_scripts_only(bot_controller)
[4.485s] Level 1:colcon.colcon_core.environment:checking '/home/ab/final_ws/install/bot_controller' for CMake module files
[4.485s] Level 1:colcon.colcon_core.environment:checking '/home/ab/final_ws/install/bot_controller' for CMake config files
[4.486s] Level 1:colcon.colcon_core.shell:create_environment_hook('bot_controller', 'cmake_prefix_path')
[4.487s] INFO:colcon.colcon_core.shell:Creating environment hook '/home/ab/final_ws/install/bot_controller/share/bot_controller/hook/cmake_prefix_path.ps1'
[4.487s] INFO:colcon.colcon_core.shell:Creating environment descriptor '/home/ab/final_ws/install/bot_controller/share/bot_controller/hook/cmake_prefix_path.dsv'
[4.488s] INFO:colcon.colcon_core.shell:Creating environment hook '/home/ab/final_ws/install/bot_controller/share/bot_controller/hook/cmake_prefix_path.sh'
[4.488s] Level 1:colcon.colcon_core.environment:checking '/home/ab/final_ws/install/bot_controller/lib'
[4.488s] Level 1:colcon.colcon_core.environment:checking '/home/ab/final_ws/install/bot_controller/bin'
[4.488s] Level 1:colcon.colcon_core.environment:checking '/home/ab/final_ws/install/bot_controller/lib/pkgconfig/bot_controller.pc'
[4.488s] Level 1:colcon.colcon_core.environment:checking '/home/ab/final_ws/install/bot_controller/lib/python3.8/site-packages'
[4.489s] Level 1:colcon.colcon_core.environment:checking '/home/ab/final_ws/install/bot_controller/bin'
[4.490s] INFO:colcon.colcon_core.shell:Creating package script '/home/ab/final_ws/install/bot_controller/share/bot_controller/package.ps1'
[4.490s] INFO:colcon.colcon_core.shell:Creating package descriptor '/home/ab/final_ws/install/bot_controller/share/bot_controller/package.dsv'
[4.491s] INFO:colcon.colcon_core.shell:Creating package script '/home/ab/final_ws/install/bot_controller/share/bot_controller/package.sh'
[4.491s] INFO:colcon.colcon_core.shell:Creating package script '/home/ab/final_ws/install/bot_controller/share/bot_controller/package.bash'
[4.491s] INFO:colcon.colcon_core.shell:Creating package script '/home/ab/final_ws/install/bot_controller/share/bot_controller/package.zsh'
[4.492s] Level 1:colcon.colcon_core.environment:create_file_with_runtime_dependencies(/home/ab/final_ws/install/bot_controller/share/colcon-core/packages/bot_controller)
[4.492s] INFO:colcon.colcon_cmake.task.cmake.build:Building CMake package in '/home/ab/final_ws/src/enpm809y_FinalFall2022/final/target_reacher'
[4.493s] INFO:colcon.colcon_core.shell:Skip shell extension 'powershell' for command environment: Not usable outside of PowerShell
[4.493s] DEBUG:colcon.colcon_core.shell:Skip shell extension 'dsv' for command environment
[4.506s] DEBUG:colcon.colcon_core.event_handler.log_command:Invoking command in '/home/ab/final_ws/build/target_reacher': AMENT_PREFIX_PATH=/home/ab/final_ws/install/ros2_aruco_interfaces:/home/ab/final_ws/install/bot_controller:${AMENT_PREFIX_PATH} CMAKE_PREFIX_PATH=/home/ab/final_ws/install/ros2_aruco_interfaces:/home/ab/final_ws/install/bot_controller LD_LIBRARY_PATH=/home/ab/final_ws/install/ros2_aruco_interfaces/lib:/home/ab/final_ws/install/bot_controller/lib:${LD_LIBRARY_PATH} PYTHONPATH=/home/ab/final_ws/install/ros2_aruco_interfaces/lib/python3.8/site-packages:${PYTHONPATH} /usr/bin/cmake /home/ab/final_ws/src/enpm809y_FinalFall2022/final/target_reacher -DCMAKE_INSTALL_PREFIX=/home/ab/final_ws/install/target_reacher
[5.522s] DEBUG:colcon.colcon_core.event_handler.log_command:Invoked command in '/home/ab/final_ws/build/world_odom_broadcaster' returned '0': CMAKE_PREFIX_PATH=/opt/ros/galactic /usr/bin/cmake --build /home/ab/final_ws/build/world_odom_broadcaster -- -j16 -l16
[5.541s] DEBUG:colcon.colcon_core.event_handler.log_command:Invoking command in '/home/ab/final_ws/build/world_odom_broadcaster': CMAKE_PREFIX_PATH=/opt/ros/galactic /usr/bin/cmake --install /home/ab/final_ws/build/world_odom_broadcaster
[5.551s] Level 1:colcon.colcon_core.environment:create_environment_scripts_only(world_odom_broadcaster)
[5.552s] DEBUG:colcon.colcon_core.event_handler.log_command:Invoked command in '/home/ab/final_ws/build/world_odom_broadcaster' returned '0': CMAKE_PREFIX_PATH=/opt/ros/galactic /usr/bin/cmake --install /home/ab/final_ws/build/world_odom_broadcaster
[5.553s] Level 1:colcon.colcon_core.environment:checking '/home/ab/final_ws/install/world_odom_broadcaster' for CMake module files
[5.554s] Level 1:colcon.colcon_core.environment:checking '/home/ab/final_ws/install/world_odom_broadcaster' for CMake config files
[5.554s] Level 1:colcon.colcon_core.shell:create_environment_hook('world_odom_broadcaster', 'cmake_prefix_path')
[5.555s] INFO:colcon.colcon_core.shell:Creating environment hook '/home/ab/final_ws/install/world_odom_broadcaster/share/world_odom_broadcaster/hook/cmake_prefix_path.ps1'
[5.556s] INFO:colcon.colcon_core.shell:Creating environment descriptor '/home/ab/final_ws/install/world_odom_broadcaster/share/world_odom_broadcaster/hook/cmake_prefix_path.dsv'
[5.556s] INFO:colcon.colcon_core.shell:Creating environment hook '/home/ab/final_ws/install/world_odom_broadcaster/share/world_odom_broadcaster/hook/cmake_prefix_path.sh'
[5.556s] Level 1:colcon.colcon_core.environment:checking '/home/ab/final_ws/install/world_odom_broadcaster/lib'
[5.556s] Level 1:colcon.colcon_core.environment:checking '/home/ab/final_ws/install/world_odom_broadcaster/bin'
[5.556s] Level 1:colcon.colcon_core.environment:checking '/home/ab/final_ws/install/world_odom_broadcaster/lib/pkgconfig/world_odom_broadcaster.pc'
[5.557s] Level 1:colcon.colcon_core.environment:checking '/home/ab/final_ws/install/world_odom_broadcaster/lib/python3.8/site-packages'
[5.557s] Level 1:colcon.colcon_core.environment:checking '/home/ab/final_ws/install/world_odom_broadcaster/bin'
[5.558s] INFO:colcon.colcon_core.shell:Creating package script '/home/ab/final_ws/install/world_odom_broadcaster/share/world_odom_broadcaster/package.ps1'
[5.558s] INFO:colcon.colcon_core.shell:Creating package descriptor '/home/ab/final_ws/install/world_odom_broadcaster/share/world_odom_broadcaster/package.dsv'
[5.559s] INFO:colcon.colcon_core.shell:Creating package script '/home/ab/final_ws/install/world_odom_broadcaster/share/world_odom_broadcaster/package.sh'
[5.559s] INFO:colcon.colcon_core.shell:Creating package script '/home/ab/final_ws/install/world_odom_broadcaster/share/world_odom_broadcaster/package.bash'
[5.559s] INFO:colcon.colcon_core.shell:Creating package script '/home/ab/final_ws/install/world_odom_broadcaster/share/world_odom_broadcaster/package.zsh'
[5.559s] Level 1:colcon.colcon_core.environment:create_file_with_runtime_dependencies(/home/ab/final_ws/install/world_odom_broadcaster/share/colcon-core/packages/world_odom_broadcaster)
[5.578s] Level 1:colcon.colcon_core.environment:create_environment_scripts_only(world_odom_broadcaster)
[5.580s] Level 1:colcon.colcon_core.environment:checking '/home/ab/final_ws/install/world_odom_broadcaster' for CMake module files
[5.580s] Level 1:colcon.colcon_core.environment:checking '/home/ab/final_ws/install/world_odom_broadcaster' for CMake config files
[5.581s] Level 1:colcon.colcon_core.shell:create_environment_hook('world_odom_broadcaster', 'cmake_prefix_path')
[5.582s] INFO:colcon.colcon_core.shell:Creating environment hook '/home/ab/final_ws/install/world_odom_broadcaster/share/world_odom_broadcaster/hook/cmake_prefix_path.ps1'
[5.582s] INFO:colcon.colcon_core.shell:Creating environment descriptor '/home/ab/final_ws/install/world_odom_broadcaster/share/world_odom_broadcaster/hook/cmake_prefix_path.dsv'
[5.582s] INFO:colcon.colcon_core.shell:Creating environment hook '/home/ab/final_ws/install/world_odom_broadcaster/share/world_odom_broadcaster/hook/cmake_prefix_path.sh'
[5.583s] Level 1:colcon.colcon_core.environment:checking '/home/ab/final_ws/install/world_odom_broadcaster/lib'
[5.583s] Level 1:colcon.colcon_core.environment:checking '/home/ab/final_ws/install/world_odom_broadcaster/bin'
[5.583s] Level 1:colcon.colcon_core.environment:checking '/home/ab/final_ws/install/world_odom_broadcaster/lib/pkgconfig/world_odom_broadcaster.pc'
[5.583s] Level 1:colcon.colcon_core.environment:checking '/home/ab/final_ws/install/world_odom_broadcaster/lib/python3.8/site-packages'
[5.583s] Level 1:colcon.colcon_core.environment:checking '/home/ab/final_ws/install/world_odom_broadcaster/bin'
[5.584s] INFO:colcon.colcon_core.shell:Creating package script '/home/ab/final_ws/install/world_odom_broadcaster/share/world_odom_broadcaster/package.ps1'
[5.585s] INFO:colcon.colcon_core.shell:Creating package descriptor '/home/ab/final_ws/install/world_odom_broadcaster/share/world_odom_broadcaster/package.dsv'
[5.585s] INFO:colcon.colcon_core.shell:Creating package script '/home/ab/final_ws/install/world_odom_broadcaster/share/world_odom_broadcaster/package.sh'
[5.585s] INFO:colcon.colcon_core.shell:Creating package script '/home/ab/final_ws/install/world_odom_broadcaster/share/world_odom_broadcaster/package.bash'
[5.586s] INFO:colcon.colcon_core.shell:Creating package script '/home/ab/final_ws/install/world_odom_broadcaster/share/world_odom_broadcaster/package.zsh'
[5.586s] Level 1:colcon.colcon_core.environment:create_file_with_runtime_dependencies(/home/ab/final_ws/install/world_odom_broadcaster/share/colcon-core/packages/world_odom_broadcaster)
[6.066s] DEBUG:colcon.colcon_core.event_handler.log_command:Invoked command in '/home/ab/final_ws/build/target_reacher' returned '1': AMENT_PREFIX_PATH=/home/ab/final_ws/install/ros2_aruco_interfaces:/home/ab/final_ws/install/bot_controller:${AMENT_PREFIX_PATH} CMAKE_PREFIX_PATH=/home/ab/final_ws/install/ros2_aruco_interfaces:/home/ab/final_ws/install/bot_controller LD_LIBRARY_PATH=/home/ab/final_ws/install/ros2_aruco_interfaces/lib:/home/ab/final_ws/install/bot_controller/lib:${LD_LIBRARY_PATH} PYTHONPATH=/home/ab/final_ws/install/ros2_aruco_interfaces/lib/python3.8/site-packages:${PYTHONPATH} /usr/bin/cmake /home/ab/final_ws/src/enpm809y_FinalFall2022/final/target_reacher -DCMAKE_INSTALL_PREFIX=/home/ab/final_ws/install/target_reacher
[9.946s] DEBUG:colcon.colcon_parallel_executor.executor.parallel:closing loop
[9.946s] DEBUG:colcon.colcon_parallel_executor.executor.parallel:loop closed
[9.946s] DEBUG:colcon.colcon_parallel_executor.executor.parallel:run_until_complete finished with '1'
[9.946s] DEBUG:colcon.colcon_core.event_reactor:joining thread
[9.954s] INFO:colcon.colcon_core.plugin_system:Skipping extension 'colcon_notification.desktop_notification.terminal_notifier': Not used on non-Darwin systems
[9.954s] INFO:colcon.colcon_core.plugin_system:Skipping extension 'colcon_notification.desktop_notification.win32': Not used on non-Windows systems
[9.954s] INFO:colcon.colcon_notification.desktop_notification:Sending desktop notification using 'notify2'
[9.967s] DEBUG:colcon.colcon_core.event_reactor:joined thread
[9.969s] INFO:colcon.colcon_core.shell:Creating prefix script '/home/ab/final_ws/install/local_setup.ps1'
[9.970s] INFO:colcon.colcon_core.shell:Creating prefix util module '/home/ab/final_ws/install/_local_setup_util_ps1.py'
[9.972s] INFO:colcon.colcon_core.shell:Creating prefix chain script '/home/ab/final_ws/install/setup.ps1'
[9.973s] INFO:colcon.colcon_core.shell:Creating prefix script '/home/ab/final_ws/install/local_setup.sh'
[9.973s] INFO:colcon.colcon_core.shell:Creating prefix util module '/home/ab/final_ws/install/_local_setup_util_sh.py'
[9.974s] INFO:colcon.colcon_core.shell:Creating prefix chain script '/home/ab/final_ws/install/setup.sh'
[9.975s] INFO:colcon.colcon_core.shell:Creating prefix script '/home/ab/final_ws/install/local_setup.bash'
[9.975s] INFO:colcon.colcon_core.shell:Creating prefix chain script '/home/ab/final_ws/install/setup.bash'
[9.976s] INFO:colcon.colcon_core.shell:Creating prefix script '/home/ab/final_ws/install/local_setup.zsh'
[9.977s] INFO:colcon.colcon_core.shell:Creating prefix chain script '/home/ab/final_ws/install/setup.zsh'
