[0.890s] Invoking command in '/home/ab/final_ws/src/enpm809y_FinalFall2022/final/tb3_bringup/tb3_gazebo_spawner': PYTHONPATH=/home/ab/final_ws/build/tb3_gazebo_spawner/prefix_override:/home/ab/final_ws/install/tb3_gazebo_spawner/lib/python3.8/site-packages:${PYTHONPATH} /usr/bin/python3 setup.py egg_info --egg-base ../../../../../build/tb3_gazebo_spawner build --build-base /home/ab/final_ws/build/tb3_gazebo_spawner/build install --record /home/ab/final_ws/build/tb3_gazebo_spawner/install.log --install-scripts $base/lib/tb3_gazebo_spawner --single-version-externally-managed
[1.088s] running egg_info
[1.088s] writing ../../../../../build/tb3_gazebo_spawner/tb3_gazebo_spawner.egg-info/PKG-INFO
[1.089s] writing dependency_links to ../../../../../build/tb3_gazebo_spawner/tb3_gazebo_spawner.egg-info/dependency_links.txt
[1.089s] writing entry points to ../../../../../build/tb3_gazebo_spawner/tb3_gazebo_spawner.egg-info/entry_points.txt
[1.089s] writing requirements to ../../../../../build/tb3_gazebo_spawner/tb3_gazebo_spawner.egg-info/requires.txt
[1.089s] writing top-level names to ../../../../../build/tb3_gazebo_spawner/tb3_gazebo_spawner.egg-info/top_level.txt
[1.115s] reading manifest file '../../../../../build/tb3_gazebo_spawner/tb3_gazebo_spawner.egg-info/SOURCES.txt'
[1.115s] writing manifest file '../../../../../build/tb3_gazebo_spawner/tb3_gazebo_spawner.egg-info/SOURCES.txt'
[1.116s] running build
[1.116s] running build_py
[1.116s] running install
[1.116s] running install_lib
[1.117s] running install_data
[1.118s] running install_egg_info
[1.119s] removing '/home/ab/final_ws/install/tb3_gazebo_spawner/lib/python3.8/site-packages/tb3_gazebo_spawner-0.3.0-py3.8.egg-info' (and everything under it)
[1.119s] Copying ../../../../../build/tb3_gazebo_spawner/tb3_gazebo_spawner.egg-info to /home/ab/final_ws/install/tb3_gazebo_spawner/lib/python3.8/site-packages/tb3_gazebo_spawner-0.3.0-py3.8.egg-info
[1.120s] running install_scripts
[1.135s] Installing tb3_gazebo_spawner script to /home/ab/final_ws/install/tb3_gazebo_spawner/lib/tb3_gazebo_spawner
[1.135s] writing list of installed files to '/home/ab/final_ws/build/tb3_gazebo_spawner/install.log'
[1.153s] Invoked command in '/home/ab/final_ws/src/enpm809y_FinalFall2022/final/tb3_bringup/tb3_gazebo_spawner' returned '0': PYTHONPATH=/home/ab/final_ws/build/tb3_gazebo_spawner/prefix_override:/home/ab/final_ws/install/tb3_gazebo_spawner/lib/python3.8/site-packages:${PYTHONPATH} /usr/bin/python3 setup.py egg_info --egg-base ../../../../../build/tb3_gazebo_spawner build --build-base /home/ab/final_ws/build/tb3_gazebo_spawner/build install --record /home/ab/final_ws/build/tb3_gazebo_spawner/install.log --install-scripts $base/lib/tb3_gazebo_spawner --single-version-externally-managed
