[0.035s] Invoking command in '/home/ab/final_ws/build/tb3_bringup': AMENT_PREFIX_PATH=/home/ab/final_ws/install/tb3_gazebo:${AMENT_PREFIX_PATH} CMAKE_PREFIX_PATH=/home/ab/final_ws/install/tb3_gazebo:/opt/ros/galactic /usr/bin/cmake /home/ab/final_ws/src/enpm809y_FinalFall2022/final/tb3_bringup/bringup -DCMAKE_INSTALL_PREFIX=/home/ab/final_ws/install/tb3_bringup
[0.080s] -- The C compiler identification is GNU 9.4.0
[0.121s] -- The CXX compiler identification is GNU 9.4.0
[0.125s] -- Check for working C compiler: /usr/bin/cc
[0.178s] -- Check for working C compiler: /usr/bin/cc -- works
[0.178s] -- Detecting C compiler ABI info
[0.232s] -- Detecting C compiler ABI info - done
[0.241s] -- Detecting C compile features
[0.241s] -- Detecting C compile features - done
[0.243s] -- Check for working CXX compiler: /usr/bin/c++
[0.301s] -- Check for working CXX compiler: /usr/bin/c++ -- works
[0.302s] -- Detecting CXX compiler ABI info
[0.359s] -- Detecting CXX compiler ABI info - done
[0.369s] -- Detecting CXX compile features
[0.369s] -- Detecting CXX compile features - done
[0.371s] -- Found ament_cmake: 1.1.6 (/opt/ros/galactic/share/ament_cmake/cmake)
[0.389s] -- Found PythonInterp: /usr/bin/python3 (found suitable version "3.8.10", minimum required is "3") 
[0.390s] -- Using PYTHON_EXECUTABLE: /usr/bin/python3
[0.454s] -- Found nav2_common: 1.0.12 (/opt/ros/galactic/share/nav2_common/cmake)
[0.454s] -- Found navigation2: 1.0.12 (/opt/ros/galactic/share/navigation2/cmake)
[0.455s] -- Setting build type to Release as none was specified.
[0.457s] -- Found ament_lint_auto: 0.10.7 (/opt/ros/galactic/share/ament_lint_auto/cmake)
[0.527s] -- Added test 'copyright' to check source files copyright and LICENSE
[0.529s] -- Added test 'flake8' to check Python code syntax and style conventions
[0.529s] -- Added test 'lint_cmake' to check CMake code style
[0.530s] -- Added test 'pep257' to check Python code against some of the style conventions in PEP 257
[0.531s] -- Added test 'xmllint' to check XML markup files
[0.532s] -- Configuring done
[0.533s] -- Generating done
[0.534s] -- Build files have been written to: /home/ab/final_ws/build/tb3_bringup
[0.536s] Invoked command in '/home/ab/final_ws/build/tb3_bringup' returned '0': AMENT_PREFIX_PATH=/home/ab/final_ws/install/tb3_gazebo:${AMENT_PREFIX_PATH} CMAKE_PREFIX_PATH=/home/ab/final_ws/install/tb3_gazebo:/opt/ros/galactic /usr/bin/cmake /home/ab/final_ws/src/enpm809y_FinalFall2022/final/tb3_bringup/bringup -DCMAKE_INSTALL_PREFIX=/home/ab/final_ws/install/tb3_bringup
[0.538s] Invoking command in '/home/ab/final_ws/build/tb3_bringup': AMENT_PREFIX_PATH=/home/ab/final_ws/install/tb3_gazebo:${AMENT_PREFIX_PATH} CMAKE_PREFIX_PATH=/home/ab/final_ws/install/tb3_gazebo:/opt/ros/galactic /usr/bin/cmake --build /home/ab/final_ws/build/tb3_bringup -- -j16 -l16
[0.565s] Invoked command in '/home/ab/final_ws/build/tb3_bringup' returned '0': AMENT_PREFIX_PATH=/home/ab/final_ws/install/tb3_gazebo:${AMENT_PREFIX_PATH} CMAKE_PREFIX_PATH=/home/ab/final_ws/install/tb3_gazebo:/opt/ros/galactic /usr/bin/cmake --build /home/ab/final_ws/build/tb3_bringup -- -j16 -l16
[0.581s] Invoking command in '/home/ab/final_ws/build/tb3_bringup': AMENT_PREFIX_PATH=/home/ab/final_ws/install/tb3_gazebo:${AMENT_PREFIX_PATH} CMAKE_PREFIX_PATH=/home/ab/final_ws/install/tb3_gazebo:/opt/ros/galactic /usr/bin/cmake --install /home/ab/final_ws/build/tb3_bringup
[0.587s] -- Install configuration: "Release"
[0.588s] -- Installing: /home/ab/final_ws/install/tb3_bringup/share/tb3_bringup/launch
[0.588s] -- Installing: /home/ab/final_ws/install/tb3_bringup/share/tb3_bringup/launch/spawn_tb3_launch.py
[0.588s] -- Installing: /home/ab/final_ws/install/tb3_bringup/share/tb3_bringup/launch/bringup_launch.py
[0.588s] -- Installing: /home/ab/final_ws/install/tb3_bringup/share/tb3_bringup/launch/tb3_simulation_launch.py
[0.588s] -- Installing: /home/ab/final_ws/install/tb3_bringup/share/tb3_bringup/launch/rviz_launch.py
[0.588s] -- Installing: /home/ab/final_ws/install/tb3_bringup/share/tb3_bringup/launch/final.launch.py
[0.588s] -- Installing: /home/ab/final_ws/install/tb3_bringup/share/tb3_bringup/launch/slam_launch.py
[0.588s] -- Installing: /home/ab/final_ws/install/tb3_bringup/share/tb3_bringup/launch/localization_launch.py
[0.588s] -- Installing: /home/ab/final_ws/install/tb3_bringup/share/tb3_bringup/launch/navigation_launch.py
[0.588s] -- Installing: /home/ab/final_ws/install/tb3_bringup/share/tb3_bringup/maps
[0.588s] -- Installing: /home/ab/final_ws/install/tb3_bringup/share/tb3_bringup/maps/turtlebot3_world.pgm
[0.588s] -- Installing: /home/ab/final_ws/install/tb3_bringup/share/tb3_bringup/maps/turtlebot3_world.yaml
[0.589s] -- Installing: /home/ab/final_ws/install/tb3_bringup/share/tb3_bringup/rviz
[0.589s] -- Installing: /home/ab/final_ws/install/tb3_bringup/share/tb3_bringup/rviz/nav2_default_view.rviz
[0.589s] -- Installing: /home/ab/final_ws/install/tb3_bringup/share/tb3_bringup/rviz/robots.rviz
[0.589s] -- Installing: /home/ab/final_ws/install/tb3_bringup/share/tb3_bringup/rviz/nav2_namespaced_view.rviz
[0.589s] -- Installing: /home/ab/final_ws/install/tb3_bringup/share/tb3_bringup/rviz/robot1.rviz
[0.589s] -- Installing: /home/ab/final_ws/install/tb3_bringup/share/tb3_bringup/worlds
[0.589s] -- Installing: /home/ab/final_ws/install/tb3_bringup/share/tb3_bringup/worlds/waffle.model
[0.589s] -- Installing: /home/ab/final_ws/install/tb3_bringup/share/tb3_bringup/worlds/world_only.model
[0.589s] -- Installing: /home/ab/final_ws/install/tb3_bringup/share/tb3_bringup/worlds/empty_world.world
[0.589s] -- Installing: /home/ab/final_ws/install/tb3_bringup/share/tb3_bringup/params
[0.589s] -- Installing: /home/ab/final_ws/install/tb3_bringup/share/tb3_bringup/params/nav2_multirobot_params_3yaml
[0.589s] -- Installing: /home/ab/final_ws/install/tb3_bringup/share/tb3_bringup/params/nav2_params.yaml
[0.589s] -- Installing: /home/ab/final_ws/install/tb3_bringup/share/tb3_bringup/params/nav2_multirobot_params_2.yaml
[0.589s] -- Installing: /home/ab/final_ws/install/tb3_bringup/share/tb3_bringup/params/nav2_multirobot_params_1.yaml
[0.589s] -- Installing: /home/ab/final_ws/install/tb3_bringup/share/tb3_bringup/urdf
[0.590s] -- Installing: /home/ab/final_ws/install/tb3_bringup/share/tb3_bringup/urdf/turtlebot3_waffle.urdf
[0.590s] -- Installing: /home/ab/final_ws/install/tb3_bringup/share/ament_index/resource_index/package_run_dependencies/tb3_bringup
[0.590s] -- Installing: /home/ab/final_ws/install/tb3_bringup/share/ament_index/resource_index/parent_prefix_path/tb3_bringup
[0.590s] -- Installing: /home/ab/final_ws/install/tb3_bringup/share/tb3_bringup/environment/ament_prefix_path.sh
[0.590s] -- Installing: /home/ab/final_ws/install/tb3_bringup/share/tb3_bringup/environment/ament_prefix_path.dsv
[0.590s] -- Installing: /home/ab/final_ws/install/tb3_bringup/share/tb3_bringup/environment/path.sh
[0.590s] -- Installing: /home/ab/final_ws/install/tb3_bringup/share/tb3_bringup/environment/path.dsv
[0.590s] -- Installing: /home/ab/final_ws/install/tb3_bringup/share/tb3_bringup/local_setup.bash
[0.590s] -- Installing: /home/ab/final_ws/install/tb3_bringup/share/tb3_bringup/local_setup.sh
[0.590s] -- Installing: /home/ab/final_ws/install/tb3_bringup/share/tb3_bringup/local_setup.zsh
[0.590s] -- Installing: /home/ab/final_ws/install/tb3_bringup/share/tb3_bringup/local_setup.dsv
[0.590s] -- Installing: /home/ab/final_ws/install/tb3_bringup/share/tb3_bringup/package.dsv
[0.591s] -- Installing: /home/ab/final_ws/install/tb3_bringup/share/ament_index/resource_index/packages/tb3_bringup
[0.591s] -- Installing: /home/ab/final_ws/install/tb3_bringup/share/tb3_bringup/cmake/tb3_bringupConfig.cmake
[0.591s] -- Installing: /home/ab/final_ws/install/tb3_bringup/share/tb3_bringup/cmake/tb3_bringupConfig-version.cmake
[0.591s] -- Installing: /home/ab/final_ws/install/tb3_bringup/share/tb3_bringup/package.xml
[0.592s] Invoked command in '/home/ab/final_ws/build/tb3_bringup' returned '0': AMENT_PREFIX_PATH=/home/ab/final_ws/install/tb3_gazebo:${AMENT_PREFIX_PATH} CMAKE_PREFIX_PATH=/home/ab/final_ws/install/tb3_gazebo:/opt/ros/galactic /usr/bin/cmake --install /home/ab/final_ws/build/tb3_bringup
