[0.743s] Invoking command in '/home/ab/final_ws/src/enpm809y_FinalFall2022/final/tb3_bringup/tb3_gazebo_spawner': PYTHONPATH=/home/ab/final_ws/build/tb3_gazebo_spawner/prefix_override:/home/ab/final_ws/install/tb3_gazebo_spawner/lib/python3.8/site-packages:${PYTHONPATH} /usr/bin/python3 setup.py egg_info --egg-base ../../../../../build/tb3_gazebo_spawner build --build-base /home/ab/final_ws/build/tb3_gazebo_spawner/build install --record /home/ab/final_ws/build/tb3_gazebo_spawner/install.log --install-scripts $base/lib/tb3_gazebo_spawner --single-version-externally-managed
[0.906s] running egg_info
[0.906s] writing ../../../../../build/tb3_gazebo_spawner/tb3_gazebo_spawner.egg-info/PKG-INFO
[0.907s] writing dependency_links to ../../../../../build/tb3_gazebo_spawner/tb3_gazebo_spawner.egg-info/dependency_links.txt
[0.907s] writing entry points to ../../../../../build/tb3_gazebo_spawner/tb3_gazebo_spawner.egg-info/entry_points.txt
[0.907s] writing requirements to ../../../../../build/tb3_gazebo_spawner/tb3_gazebo_spawner.egg-info/requires.txt
[0.907s] writing top-level names to ../../../../../build/tb3_gazebo_spawner/tb3_gazebo_spawner.egg-info/top_level.txt
[0.931s] reading manifest file '../../../../../build/tb3_gazebo_spawner/tb3_gazebo_spawner.egg-info/SOURCES.txt'
[0.931s] writing manifest file '../../../../../build/tb3_gazebo_spawner/tb3_gazebo_spawner.egg-info/SOURCES.txt'
[0.931s] running build
[0.932s] running build_py
[0.932s] running install
[0.932s] running install_lib
[0.933s] running install_data
[0.933s] running install_egg_info
[0.934s] removing '/home/ab/final_ws/install/tb3_gazebo_spawner/lib/python3.8/site-packages/tb3_gazebo_spawner-0.3.0-py3.8.egg-info' (and everything under it)
[0.934s] Copying ../../../../../build/tb3_gazebo_spawner/tb3_gazebo_spawner.egg-info to /home/ab/final_ws/install/tb3_gazebo_spawner/lib/python3.8/site-packages/tb3_gazebo_spawner-0.3.0-py3.8.egg-info
[0.935s] running install_scripts
[0.947s] Installing tb3_gazebo_spawner script to /home/ab/final_ws/install/tb3_gazebo_spawner/lib/tb3_gazebo_spawner
[0.947s] writing list of installed files to '/home/ab/final_ws/build/tb3_gazebo_spawner/install.log'
[0.977s] Invoked command in '/home/ab/final_ws/src/enpm809y_FinalFall2022/final/tb3_bringup/tb3_gazebo_spawner' returned '0': PYTHONPATH=/home/ab/final_ws/build/tb3_gazebo_spawner/prefix_override:/home/ab/final_ws/install/tb3_gazebo_spawner/lib/python3.8/site-packages:${PYTHONPATH} /usr/bin/python3 setup.py egg_info --egg-base ../../../../../build/tb3_gazebo_spawner build --build-base /home/ab/final_ws/build/tb3_gazebo_spawner/build install --record /home/ab/final_ws/build/tb3_gazebo_spawner/install.log --install-scripts $base/lib/tb3_gazebo_spawner --single-version-externally-managed
