[0.396s] Invoking command in '/home/ab/final_ws/build/world_odom_broadcaster': CMAKE_PREFIX_PATH=/opt/ros/galactic /usr/bin/cmake /home/ab/final_ws/src/enpm809y_FinalFall2022/final/world_odom_broadcaster -DCMAKE_INSTALL_PREFIX=/home/ab/final_ws/install/world_odom_broadcaster
[0.435s] -- The C compiler identification is GNU 9.4.0
[0.474s] -- The CXX compiler identification is GNU 9.4.0
[0.478s] -- Check for working C compiler: /usr/bin/cc
[0.529s] -- Check for working C compiler: /usr/bin/cc -- works
[0.530s] -- Detecting C compiler ABI info
[0.581s] -- Detecting C compiler ABI info - done
[0.595s] -- Detecting C compile features
[0.595s] -- Detecting C compile features - done
[0.598s] -- Check for working CXX compiler: /usr/bin/c++
[0.658s] -- Check for working CXX compiler: /usr/bin/c++ -- works
[0.659s] -- Detecting CXX compiler ABI info
[0.723s] -- Detecting CXX compiler ABI info - done
[0.732s] -- Detecting CXX compile features
[0.732s] -- Detecting CXX compile features - done
[0.734s] -- Found ament_cmake: 1.1.6 (/opt/ros/galactic/share/ament_cmake/cmake)
[0.755s] -- Found PythonInterp: /usr/bin/python3 (found suitable version "3.8.10", minimum required is "3") 
[0.755s] -- Using PYTHON_EXECUTABLE: /usr/bin/python3
[0.819s] -- Found rclcpp: 9.2.2 (/opt/ros/galactic/share/rclcpp/cmake)
[0.853s] -- Using all available rosidl_typesupport_c: rosidl_typesupport_fastrtps_c;rosidl_typesupport_introspection_c
[0.858s] -- Found rosidl_adapter: 2.2.3 (/opt/ros/galactic/share/rosidl_adapter/cmake)
[0.917s] -- Found OpenSSL: /usr/lib/x86_64-linux-gnu/libcrypto.so (found version "1.1.1f")  
[0.950s] -- Found FastRTPS: /opt/ros/galactic/include  
[1.029s] -- Using all available rosidl_typesupport_cpp: rosidl_typesupport_fastrtps_cpp;rosidl_typesupport_introspection_cpp
[1.073s] -- Found rmw_implementation_cmake: 3.3.1 (/opt/ros/galactic/share/rmw_implementation_cmake/cmake)
[1.075s] -- Found rmw_cyclonedds_cpp: 0.22.6 (/opt/ros/galactic/share/rmw_cyclonedds_cpp/cmake)
[1.090s] -- Using RMW implementation 'rmw_cyclonedds_cpp' as default
[1.090s] -- Looking for pthread.h
[1.142s] -- Looking for pthread.h - found
[1.142s] -- Performing Test CMAKE_HAVE_LIBC_PTHREAD
[1.197s] -- Performing Test CMAKE_HAVE_LIBC_PTHREAD - Failed
[1.197s] -- Looking for pthread_create in pthreads
[1.238s] -- Looking for pthread_create in pthreads - not found
[1.238s] -- Looking for pthread_create in pthread
[1.289s] -- Looking for pthread_create in pthread - found
[1.290s] -- Found Threads: TRUE  
[1.405s] -- Found rclcpp_components: 9.2.2 (/opt/ros/galactic/share/rclcpp_components/cmake)
[1.448s] -- Found rclpy: 1.9.3 (/opt/ros/galactic/share/rclpy/cmake)
[1.448s] -- Found geometry_msgs: 2.2.4 (/opt/ros/galactic/share/geometry_msgs/cmake)
[1.474s] -- Found tf2_ros: 0.17.5 (/opt/ros/galactic/share/tf2_ros/cmake)
[1.752s] -- Configuring done
[1.765s] -- Generating done
[1.767s] -- Build files have been written to: /home/ab/final_ws/build/world_odom_broadcaster
[1.778s] Invoked command in '/home/ab/final_ws/build/world_odom_broadcaster' returned '0': CMAKE_PREFIX_PATH=/opt/ros/galactic /usr/bin/cmake /home/ab/final_ws/src/enpm809y_FinalFall2022/final/world_odom_broadcaster -DCMAKE_INSTALL_PREFIX=/home/ab/final_ws/install/world_odom_broadcaster
[1.782s] Invoking command in '/home/ab/final_ws/build/world_odom_broadcaster': CMAKE_PREFIX_PATH=/opt/ros/galactic /usr/bin/cmake --build /home/ab/final_ws/build/world_odom_broadcaster -- -j16 -l16
[1.815s] [35m[1mScanning dependencies of target world_odom_broadcaster[0m
[1.854s] [ 33%] [32mBuilding CXX object CMakeFiles/world_odom_broadcaster.dir/src/main.cpp.o[0m
[1.854s] [ 66%] [32mBuilding CXX object CMakeFiles/world_odom_broadcaster.dir/src/world_odom_broadcaster.cpp.o[0m
[5.098s] [100%] [32m[1mLinking CXX executable world_odom_broadcaster[0m
[5.242s] [100%] Built target world_odom_broadcaster
[5.251s] Invoked command in '/home/ab/final_ws/build/world_odom_broadcaster' returned '0': CMAKE_PREFIX_PATH=/opt/ros/galactic /usr/bin/cmake --build /home/ab/final_ws/build/world_odom_broadcaster -- -j16 -l16
[5.270s] Invoking command in '/home/ab/final_ws/build/world_odom_broadcaster': CMAKE_PREFIX_PATH=/opt/ros/galactic /usr/bin/cmake --install /home/ab/final_ws/build/world_odom_broadcaster
[5.277s] -- Install configuration: ""
[5.277s] -- Installing: /home/ab/final_ws/install/world_odom_broadcaster/lib/world_odom_broadcaster/world_odom_broadcaster
[5.278s] -- Set runtime path of "/home/ab/final_ws/install/world_odom_broadcaster/lib/world_odom_broadcaster/world_odom_broadcaster" to ""
[5.278s] -- Installing: /home/ab/final_ws/install/world_odom_broadcaster/share/ament_index/resource_index/package_run_dependencies/world_odom_broadcaster
[5.278s] -- Installing: /home/ab/final_ws/install/world_odom_broadcaster/share/ament_index/resource_index/parent_prefix_path/world_odom_broadcaster
[5.278s] -- Installing: /home/ab/final_ws/install/world_odom_broadcaster/share/world_odom_broadcaster/environment/ament_prefix_path.sh
[5.278s] -- Installing: /home/ab/final_ws/install/world_odom_broadcaster/share/world_odom_broadcaster/environment/ament_prefix_path.dsv
[5.278s] -- Installing: /home/ab/final_ws/install/world_odom_broadcaster/share/world_odom_broadcaster/environment/path.sh
[5.279s] -- Installing: /home/ab/final_ws/install/world_odom_broadcaster/share/world_odom_broadcaster/environment/path.dsv
[5.279s] -- Installing: /home/ab/final_ws/install/world_odom_broadcaster/share/world_odom_broadcaster/local_setup.bash
[5.279s] -- Installing: /home/ab/final_ws/install/world_odom_broadcaster/share/world_odom_broadcaster/local_setup.sh
[5.279s] -- Installing: /home/ab/final_ws/install/world_odom_broadcaster/share/world_odom_broadcaster/local_setup.zsh
[5.279s] -- Installing: /home/ab/final_ws/install/world_odom_broadcaster/share/world_odom_broadcaster/local_setup.dsv
[5.279s] -- Installing: /home/ab/final_ws/install/world_odom_broadcaster/share/world_odom_broadcaster/package.dsv
[5.279s] -- Installing: /home/ab/final_ws/install/world_odom_broadcaster/share/ament_index/resource_index/packages/world_odom_broadcaster
[5.279s] -- Installing: /home/ab/final_ws/install/world_odom_broadcaster/share/world_odom_broadcaster/cmake/world_odom_broadcasterConfig.cmake
[5.279s] -- Installing: /home/ab/final_ws/install/world_odom_broadcaster/share/world_odom_broadcaster/cmake/world_odom_broadcasterConfig-version.cmake
[5.279s] -- Installing: /home/ab/final_ws/install/world_odom_broadcaster/share/world_odom_broadcaster/package.xml
[5.281s] Invoked command in '/home/ab/final_ws/build/world_odom_broadcaster' returned '0': CMAKE_PREFIX_PATH=/opt/ros/galactic /usr/bin/cmake --install /home/ab/final_ws/build/world_odom_broadcaster
