[0.011s] Invoking command in '/home/ab/final_ws/build/target_reacher': AMENT_PREFIX_PATH=/home/ab/final_ws/install/ros2_aruco_interfaces:/home/ab/final_ws/install/bot_controller:${AMENT_PREFIX_PATH} CMAKE_PREFIX_PATH=/home/ab/final_ws/install/ros2_aruco_interfaces:/home/ab/final_ws/install/bot_controller LD_LIBRARY_PATH=/home/ab/final_ws/install/ros2_aruco_interfaces/lib:/home/ab/final_ws/install/bot_controller/lib:${LD_LIBRARY_PATH} PYTHONPATH=/home/ab/final_ws/install/ros2_aruco_interfaces/lib/python3.8/site-packages:${PYTHONPATH} /usr/bin/cmake /home/ab/final_ws/src/enpm809y_FinalFall2022/final/target_reacher -DCMAKE_INSTALL_PREFIX=/home/ab/final_ws/install/target_reacher
[0.052s] -- The C compiler identification is GNU 9.4.0
[0.091s] -- The CXX compiler identification is GNU 9.4.0
[0.095s] -- Check for working C compiler: /usr/bin/cc
[0.147s] -- Check for working C compiler: /usr/bin/cc -- works
[0.148s] -- Detecting C compiler ABI info
[0.200s] -- Detecting C compiler ABI info - done
[0.209s] -- Detecting C compile features
[0.209s] -- Detecting C compile features - done
[0.211s] -- Check for working CXX compiler: /usr/bin/c++
[0.271s] -- Check for working CXX compiler: /usr/bin/c++ -- works
[0.272s] -- Detecting CXX compiler ABI info
[0.332s] -- Detecting CXX compiler ABI info - done
[0.342s] -- Detecting CXX compile features
[0.342s] -- Detecting CXX compile features - done
[0.344s] -- Found ament_cmake: 1.1.6 (/opt/ros/galactic/share/ament_cmake/cmake)
[0.363s] -- Found PythonInterp: /usr/bin/python3 (found suitable version "3.8.10", minimum required is "3") 
[0.364s] -- Using PYTHON_EXECUTABLE: /usr/bin/python3
[0.423s] -- Found rclcpp: 9.2.2 (/opt/ros/galactic/share/rclcpp/cmake)
[0.457s] -- Using all available rosidl_typesupport_c: rosidl_typesupport_fastrtps_c;rosidl_typesupport_introspection_c
[0.461s] -- Found rosidl_adapter: 2.2.3 (/opt/ros/galactic/share/rosidl_adapter/cmake)
[0.518s] -- Found OpenSSL: /usr/lib/x86_64-linux-gnu/libcrypto.so (found version "1.1.1f")  
[0.543s] -- Found FastRTPS: /opt/ros/galactic/include  
[0.604s] -- Using all available rosidl_typesupport_cpp: rosidl_typesupport_fastrtps_cpp;rosidl_typesupport_introspection_cpp
[0.651s] -- Found rmw_implementation_cmake: 3.3.1 (/opt/ros/galactic/share/rmw_implementation_cmake/cmake)
[0.651s] -- Found rmw_cyclonedds_cpp: 0.22.6 (/opt/ros/galactic/share/rmw_cyclonedds_cpp/cmake)
[0.665s] -- Using RMW implementation 'rmw_cyclonedds_cpp' as default
[0.666s] -- Looking for pthread.h
[0.721s] -- Looking for pthread.h - found
[0.722s] -- Performing Test CMAKE_HAVE_LIBC_PTHREAD
[0.779s] -- Performing Test CMAKE_HAVE_LIBC_PTHREAD - Failed
[0.780s] -- Looking for pthread_create in pthreads
[0.825s] -- Looking for pthread_create in pthreads - not found
[0.825s] -- Looking for pthread_create in pthread
[0.880s] -- Looking for pthread_create in pthread - found
[0.881s] -- Found Threads: TRUE  
[0.996s] -- Found geometry_msgs: 2.2.4 (/opt/ros/galactic/share/geometry_msgs/cmake)
[1.020s] -- Found bot_controller: 0.0.0 (/home/ab/final_ws/install/bot_controller/share/bot_controller/cmake)
[1.370s] -- Found ros2_aruco_interfaces: 0.1.0 (/home/ab/final_ws/install/ros2_aruco_interfaces/share/ros2_aruco_interfaces/cmake)
[1.451s] Error parsing '/home/ab/final_ws/src/enpm809y_FinalFall2022/final/target_reacher/package.xml':
[1.544s] Traceback (most recent call last):
[1.544s]   File "/opt/ros/galactic/share/ament_cmake_core/cmake/core/package_xml_2_cmake.py", line 151, in <module>
[1.544s]     main()
[1.544s]   File "/opt/ros/galactic/share/ament_cmake_core/cmake/core/package_xml_2_cmake.py", line 54, in main
[1.544s]     raise e
[1.544s]   File "/opt/ros/galactic/share/ament_cmake_core/cmake/core/package_xml_2_cmake.py", line 50, in main
[1.544s]     package = parse_package_string(
[1.544s]   File "/usr/lib/python3/dist-packages/catkin_pkg/package.py", line 788, in parse_package_string
[1.544s]     pkg.validate(warnings=warnings)
[1.544s]   File "/usr/lib/python3/dist-packages/catkin_pkg/package.py", line 330, in validate
[1.544s]     raise InvalidPackage('\n'.join(errors), self.filename)
[1.544s] catkin_pkg.package.InvalidPackage: Error(s) in package '/home/ab/final_ws/src/enpm809y_FinalFall2022/final/target_reacher/package.xml':
[1.544s] Invalid email "abhoir@dddddumdu" for person "student2"
[1.562s] CMake Error at /opt/ros/galactic/share/ament_cmake_core/cmake/core/ament_package_xml.cmake:94 (message):
[1.562s]   execute_process(/usr/bin/python3
[1.562s]   /opt/ros/galactic/share/ament_cmake_core/cmake/core/package_xml_2_cmake.py
[1.562s]   /home/ab/final_ws/src/enpm809y_FinalFall2022/final/target_reacher/package.xml
[1.562s]   /home/ab/final_ws/build/target_reacher/ament_cmake_core/package.cmake)
[1.562s]   returned error code 1
[1.562s] Call Stack (most recent call first):
[1.562s]   /opt/ros/galactic/share/ament_cmake_core/cmake/core/ament_package_xml.cmake:49 (_ament_package_xml)
[1.563s]   /opt/ros/galactic/share/ament_cmake_core/cmake/core/ament_package.cmake:63 (ament_package_xml)
[1.563s]   CMakeLists.txt:36 (ament_package)
[1.563s] 
[1.563s] 
[1.564s] -- Configuring incomplete, errors occurred!
[1.564s] See also "/home/ab/final_ws/build/target_reacher/CMakeFiles/CMakeOutput.log".
[1.564s] See also "/home/ab/final_ws/build/target_reacher/CMakeFiles/CMakeError.log".
[1.572s] Invoked command in '/home/ab/final_ws/build/target_reacher' returned '1': AMENT_PREFIX_PATH=/home/ab/final_ws/install/ros2_aruco_interfaces:/home/ab/final_ws/install/bot_controller:${AMENT_PREFIX_PATH} CMAKE_PREFIX_PATH=/home/ab/final_ws/install/ros2_aruco_interfaces:/home/ab/final_ws/install/bot_controller LD_LIBRARY_PATH=/home/ab/final_ws/install/ros2_aruco_interfaces/lib:/home/ab/final_ws/install/bot_controller/lib:${LD_LIBRARY_PATH} PYTHONPATH=/home/ab/final_ws/install/ros2_aruco_interfaces/lib/python3.8/site-packages:${PYTHONPATH} /usr/bin/cmake /home/ab/final_ws/src/enpm809y_FinalFall2022/final/target_reacher -DCMAKE_INSTALL_PREFIX=/home/ab/final_ws/install/target_reacher
