[0.040s] Invoking command in '/home/ab/final_ws/build/tb3_gazebo': CMAKE_PREFIX_PATH=/opt/ros/galactic /usr/bin/cmake /home/ab/final_ws/src/enpm809y_FinalFall2022/final/tb3_gazebo -DCMAKE_INSTALL_PREFIX=/home/ab/final_ws/install/tb3_gazebo
[0.429s] -- The C compiler identification is GNU 9.4.0
[0.429s] -- The CXX compiler identification is GNU 9.4.0
[0.429s] -- Check for working C compiler: /usr/bin/cc
[0.429s] -- Check for working C compiler: /usr/bin/cc -- works
[0.429s] -- Detecting C compiler ABI info
[0.429s] -- Detecting C compiler ABI info - done
[0.430s] -- Detecting C compile features
[0.430s] -- Detecting C compile features - done
[0.430s] -- Check for working CXX compiler: /usr/bin/c++
[0.430s] -- Check for working CXX compiler: /usr/bin/c++ -- works
[0.430s] -- Detecting CXX compiler ABI info
[0.431s] -- Detecting CXX compiler ABI info - done
[0.431s] -- Detecting CXX compile features
[0.431s] -- Detecting CXX compile features - done
[0.431s] -- Found ament_cmake: 1.1.6 (/opt/ros/galactic/share/ament_cmake/cmake)
[0.431s] -- Found PythonInterp: /usr/bin/python3 (found suitable version "3.8.10", minimum required is "3") 
[0.431s] -- Using PYTHON_EXECUTABLE: /usr/bin/python3
[0.448s] -- Found PkgConfig: /usr/bin/pkg-config (found version "0.29.1") 
[0.453s] -- Checking for module 'bullet>=2.82'
[0.464s] --   Found bullet, version 2.88
[0.556s] -- Found ccd: /usr/include (found suitable version "2.0", minimum required is "2.0") 
[0.598s] -- Found fcl: /usr/include (found suitable version "0.5.0", minimum required is "0.3.2") 
[0.642s] -- Found assimp: /usr/include (found version "5.0.0") 
[0.659s] -- Found DART: /usr/include (Required is at least version "6.6") found components: dart 
[0.896s] -- Found Boost: /usr/lib/x86_64-linux-gnu/cmake/Boost-1.71.0/BoostConfig.cmake (found suitable version "1.71.0", minimum required is "1.40.0") found components: thread system filesystem program_options regex iostreams date_time 
[0.916s] -- Found Protobuf: /usr/lib/x86_64-linux-gnu/libprotobuf.so;-lpthread (found version "3.6.1") 
[0.919s] -- Looking for ignition-math6 -- found version 6.13.0
[0.924s] -- Searching for dependencies of ignition-math6
[0.925s] -- Looking for OGRE...
[0.926s] -- OGRE_PREFIX_WATCH changed.
[0.929s] -- Checking for module 'OGRE'
[0.940s] --   Found OGRE, version 1.9.0
[0.967s] -- Found Ogre Ghadamon (1.9.0)
[0.974s] -- Found OGRE: optimized;/usr/lib/x86_64-linux-gnu/libOgreMain.so;debug;/usr/lib/x86_64-linux-gnu/libOgreMain.so
[0.982s] -- Looking for OGRE_Paging...
[0.988s] -- Found OGRE_Paging: optimized;/usr/lib/x86_64-linux-gnu/libOgrePaging.so;debug;/usr/lib/x86_64-linux-gnu/libOgrePaging.so
[0.988s] -- Looking for OGRE_Terrain...
[0.992s] -- Found OGRE_Terrain: optimized;/usr/lib/x86_64-linux-gnu/libOgreTerrain.so;debug;/usr/lib/x86_64-linux-gnu/libOgreTerrain.so
[0.992s] -- Looking for OGRE_Property...
[0.996s] -- Found OGRE_Property: optimized;/usr/lib/x86_64-linux-gnu/libOgreProperty.so;debug;/usr/lib/x86_64-linux-gnu/libOgreProperty.so
[0.996s] -- Looking for OGRE_RTShaderSystem...
[1.001s] -- Found OGRE_RTShaderSystem: optimized;/usr/lib/x86_64-linux-gnu/libOgreRTShaderSystem.so;debug;/usr/lib/x86_64-linux-gnu/libOgreRTShaderSystem.so
[1.001s] -- Looking for OGRE_Volume...
[1.005s] -- Found OGRE_Volume: optimized;/usr/lib/x86_64-linux-gnu/libOgreVolume.so;debug;/usr/lib/x86_64-linux-gnu/libOgreVolume.so
[1.005s] -- Looking for OGRE_Overlay...
[1.010s] -- Found OGRE_Overlay: optimized;/usr/lib/x86_64-linux-gnu/libOgreOverlay.so;debug;/usr/lib/x86_64-linux-gnu/libOgreOverlay.so
[1.107s] -- Looking for ignition-math6 -- found version 6.13.0
[1.108s] -- Looking for ignition-transport8 -- found version 8.4.0
[1.109s] -- Searching for dependencies of ignition-transport8
[1.127s] -- Found Protobuf: /usr/lib/x86_64-linux-gnu/libprotobuf.so;-lpthread (found suitable version "3.6.1", minimum required is "3") 
[1.139s] -- Config-file not installed for ZeroMQ -- checking for pkg-config
[1.143s] -- Checking for module 'libzmq >= 4'
[1.155s] --   Found libzmq , version 4.3.2
[1.182s] -- Found ZeroMQ: TRUE (Required is at least version "4") 
[1.186s] -- Checking for module 'uuid'
[1.197s] --   Found uuid, version 2.34.0
[1.225s] -- Found UUID: TRUE  
[1.226s] -- Looking for ignition-msgs5 -- found version 5.11.0
[1.227s] -- Searching for dependencies of ignition-msgs5
[1.242s] -- Looking for ignition-math6 -- found version 6.13.0
[1.245s] -- Checking for module 'tinyxml2'
[1.256s] --   Found tinyxml2, version 6.2.0
[1.283s] -- Looking for ignition-msgs5 -- found version 5.11.0
[1.284s] -- Looking for ignition-common3 -- found version 3.15.1
[1.284s] -- Searching for dependencies of ignition-common3
[1.284s] -- Looking for dlfcn.h - found
[1.285s] -- Looking for libdl - found
[1.286s] -- Found DL: TRUE  
[1.294s] -- Searching for <ignition-common3> component [graphics]
[1.296s] -- Looking for ignition-common3-graphics -- found version 3.15.1
[1.296s] -- Searching for dependencies of ignition-common3-graphics
[1.296s] -- Looking for ignition-math6 -- found version 6.13.0
[1.299s] -- Looking for ignition-fuel_tools4 -- found version 4.8.0
[1.299s] -- Searching for dependencies of ignition-fuel_tools4
[1.351s] -- Found CURL: /usr/lib/x86_64-linux-gnu/libcurl.so (found version "7.68.0")  
[1.357s] -- Checking for module 'jsoncpp'
[1.366s] --   Found jsoncpp, version 1.7.4
[1.394s] -- Found JSONCPP: TRUE  
[1.398s] -- Checking for module 'libzip'
[1.408s] --   Found libzip, version 1.5.1
[1.436s] -- Found ZIP: TRUE  
[1.437s] -- Looking for ignition-common3 -- found version 3.15.1
[1.437s] -- Looking for ignition-math6 -- found version 6.13.0
[1.437s] -- Looking for ignition-msgs5 -- found version 5.11.0
[1.440s] -- Found gazebo_ros_pkgs: 3.5.2 (/opt/ros/galactic/share/gazebo_ros_pkgs/cmake)
[1.441s] -- Found geometry_msgs: 2.2.4 (/opt/ros/galactic/share/geometry_msgs/cmake)
[1.459s] -- Using all available rosidl_typesupport_c: rosidl_typesupport_fastrtps_c;rosidl_typesupport_introspection_c
[1.464s] -- Found rosidl_adapter: 2.2.3 (/opt/ros/galactic/share/rosidl_adapter/cmake)
[1.518s] -- Found OpenSSL: /usr/lib/x86_64-linux-gnu/libcrypto.so (found version "1.1.1f")  
[1.540s] -- Found FastRTPS: /opt/ros/galactic/include  
[1.604s] -- Using all available rosidl_typesupport_cpp: rosidl_typesupport_fastrtps_cpp;rosidl_typesupport_introspection_cpp
[1.669s] -- Found nav_msgs: 2.2.4 (/opt/ros/galactic/share/nav_msgs/cmake)
[1.724s] -- Found rclcpp: 9.2.2 (/opt/ros/galactic/share/rclcpp/cmake)
[1.765s] -- Found rmw_implementation_cmake: 3.3.1 (/opt/ros/galactic/share/rmw_implementation_cmake/cmake)
[1.767s] -- Found rmw_cyclonedds_cpp: 0.22.6 (/opt/ros/galactic/share/rmw_cyclonedds_cpp/cmake)
[1.787s] -- Using RMW implementation 'rmw_cyclonedds_cpp' as default
[1.789s] -- Found Threads: TRUE  
[1.905s] -- Found sensor_msgs: 2.2.4 (/opt/ros/galactic/share/sensor_msgs/cmake)
[1.963s] -- Found tf2: 0.17.5 (/opt/ros/galactic/share/tf2/cmake)
[2.025s] -- Configuring done
[2.034s] -- Generating done
[2.036s] -- Build files have been written to: /home/ab/final_ws/build/tb3_gazebo
[2.048s] Invoked command in '/home/ab/final_ws/build/tb3_gazebo' returned '0': CMAKE_PREFIX_PATH=/opt/ros/galactic /usr/bin/cmake /home/ab/final_ws/src/enpm809y_FinalFall2022/final/tb3_gazebo -DCMAKE_INSTALL_PREFIX=/home/ab/final_ws/install/tb3_gazebo
[2.052s] Invoking command in '/home/ab/final_ws/build/tb3_gazebo': CMAKE_PREFIX_PATH=/opt/ros/galactic /usr/bin/cmake --build /home/ab/final_ws/build/tb3_gazebo -- -j16 -l16
[2.087s] [35m[1mScanning dependencies of target turtlebot3_drive[0m
[2.121s] [ 50%] [32mBuilding CXX object CMakeFiles/turtlebot3_drive.dir/src/turtlebot3_drive.cpp.o[0m
[9.432s] [100%] [32m[1mLinking CXX executable turtlebot3_drive[0m
[9.683s] [100%] Built target turtlebot3_drive
