[0.023s] Invoking command in '/home/ab/final_ws/build/target_reacher': AMENT_PREFIX_PATH=/home/ab/final_ws/install/ros2_aruco_interfaces:/home/ab/final_ws/install/bot_controller:${AMENT_PREFIX_PATH} CMAKE_PREFIX_PATH=/home/ab/final_ws/install/ros2_aruco_interfaces:/home/ab/final_ws/install/bot_controller:/opt/ros/galactic LD_LIBRARY_PATH=/home/ab/final_ws/install/ros2_aruco_interfaces/lib:/home/ab/final_ws/install/bot_controller/lib:${LD_LIBRARY_PATH} PYTHONPATH=/home/ab/final_ws/install/ros2_aruco_interfaces/lib/python3.8/site-packages:${PYTHONPATH} /usr/bin/cmake /home/ab/final_ws/src/enpm809y_FinalFall2022/final/target_reacher -DCMAKE_INSTALL_PREFIX=/home/ab/final_ws/install/target_reacher
[0.033s] -- Found ament_cmake: 1.1.6 (/opt/ros/galactic/share/ament_cmake/cmake)
[0.051s] -- Using PYTHON_EXECUTABLE: /usr/bin/python3
[0.096s] -- Found rclcpp: 9.2.2 (/opt/ros/galactic/share/rclcpp/cmake)
[0.123s] -- Using all available rosidl_typesupport_c: rosidl_typesupport_fastrtps_c;rosidl_typesupport_introspection_c
[0.125s] -- Found rosidl_adapter: 2.2.3 (/opt/ros/galactic/share/rosidl_adapter/cmake)
[0.223s] -- Using all available rosidl_typesupport_cpp: rosidl_typesupport_fastrtps_cpp;rosidl_typesupport_introspection_cpp
[0.261s] -- Found rmw_implementation_cmake: 3.3.1 (/opt/ros/galactic/share/rmw_implementation_cmake/cmake)
[0.263s] -- Found rmw_cyclonedds_cpp: 0.22.6 (/opt/ros/galactic/share/rmw_cyclonedds_cpp/cmake)
[0.277s] -- Using RMW implementation 'rmw_cyclonedds_cpp' as default
[0.380s] -- Found geometry_msgs: 2.2.4 (/opt/ros/galactic/share/geometry_msgs/cmake)
[0.406s] -- Found bot_controller: 0.0.0 (/home/ab/final_ws/install/bot_controller/share/bot_controller/cmake)
[0.732s] -- Found ros2_aruco_interfaces: 0.1.0 (/home/ab/final_ws/install/ros2_aruco_interfaces/share/ros2_aruco_interfaces/cmake)
[0.816s] -- Configuring done
[0.823s] -- Generating done
[0.824s] -- Build files have been written to: /home/ab/final_ws/build/target_reacher
[0.829s] Invoked command in '/home/ab/final_ws/build/target_reacher' returned '0': AMENT_PREFIX_PATH=/home/ab/final_ws/install/ros2_aruco_interfaces:/home/ab/final_ws/install/bot_controller:${AMENT_PREFIX_PATH} CMAKE_PREFIX_PATH=/home/ab/final_ws/install/ros2_aruco_interfaces:/home/ab/final_ws/install/bot_controller:/opt/ros/galactic LD_LIBRARY_PATH=/home/ab/final_ws/install/ros2_aruco_interfaces/lib:/home/ab/final_ws/install/bot_controller/lib:${LD_LIBRARY_PATH} PYTHONPATH=/home/ab/final_ws/install/ros2_aruco_interfaces/lib/python3.8/site-packages:${PYTHONPATH} /usr/bin/cmake /home/ab/final_ws/src/enpm809y_FinalFall2022/final/target_reacher -DCMAKE_INSTALL_PREFIX=/home/ab/final_ws/install/target_reacher
[0.832s] Invoking command in '/home/ab/final_ws/build/target_reacher': AMENT_PREFIX_PATH=/home/ab/final_ws/install/ros2_aruco_interfaces:/home/ab/final_ws/install/bot_controller:${AMENT_PREFIX_PATH} CMAKE_PREFIX_PATH=/home/ab/final_ws/install/ros2_aruco_interfaces:/home/ab/final_ws/install/bot_controller:/opt/ros/galactic LD_LIBRARY_PATH=/home/ab/final_ws/install/ros2_aruco_interfaces/lib:/home/ab/final_ws/install/bot_controller/lib:${LD_LIBRARY_PATH} PYTHONPATH=/home/ab/final_ws/install/ros2_aruco_interfaces/lib/python3.8/site-packages:${PYTHONPATH} /usr/bin/cmake --build /home/ab/final_ws/build/target_reacher -- -j16 -l16
[0.869s] [35m[1mScanning dependencies of target target_reacher[0m
[0.905s] [ 33%] [32mBuilding CXX object CMakeFiles/target_reacher.dir/src/main.cpp.o[0m
[0.905s] [ 66%] [32mBuilding CXX object CMakeFiles/target_reacher.dir/src/target_reacher.cpp.o[0m
[4.096s] [100%] [32m[1mLinking CXX executable target_reacher[0m
[4.248s] [100%] Built target target_reacher
[4.260s] Invoked command in '/home/ab/final_ws/build/target_reacher' returned '0': AMENT_PREFIX_PATH=/home/ab/final_ws/install/ros2_aruco_interfaces:/home/ab/final_ws/install/bot_controller:${AMENT_PREFIX_PATH} CMAKE_PREFIX_PATH=/home/ab/final_ws/install/ros2_aruco_interfaces:/home/ab/final_ws/install/bot_controller:/opt/ros/galactic LD_LIBRARY_PATH=/home/ab/final_ws/install/ros2_aruco_interfaces/lib:/home/ab/final_ws/install/bot_controller/lib:${LD_LIBRARY_PATH} PYTHONPATH=/home/ab/final_ws/install/ros2_aruco_interfaces/lib/python3.8/site-packages:${PYTHONPATH} /usr/bin/cmake --build /home/ab/final_ws/build/target_reacher -- -j16 -l16
[4.283s] Invoking command in '/home/ab/final_ws/build/target_reacher': AMENT_PREFIX_PATH=/home/ab/final_ws/install/ros2_aruco_interfaces:/home/ab/final_ws/install/bot_controller:${AMENT_PREFIX_PATH} CMAKE_PREFIX_PATH=/home/ab/final_ws/install/ros2_aruco_interfaces:/home/ab/final_ws/install/bot_controller:/opt/ros/galactic LD_LIBRARY_PATH=/home/ab/final_ws/install/ros2_aruco_interfaces/lib:/home/ab/final_ws/install/bot_controller/lib:${LD_LIBRARY_PATH} PYTHONPATH=/home/ab/final_ws/install/ros2_aruco_interfaces/lib/python3.8/site-packages:${PYTHONPATH} /usr/bin/cmake --install /home/ab/final_ws/build/target_reacher
[4.290s] -- Install configuration: ""
[4.291s] -- Installing: /home/ab/final_ws/install/target_reacher/include/target_reacher
[4.291s] -- Installing: /home/ab/final_ws/install/target_reacher/include/target_reacher/target_reacher.h
[4.291s] -- Installing: /home/ab/final_ws/install/target_reacher/share/target_reacher/params
[4.291s] -- Installing: /home/ab/final_ws/install/target_reacher/share/target_reacher/params/final_params.yaml
[4.291s] -- Installing: /home/ab/final_ws/install/target_reacher/lib/target_reacher/target_reacher
[4.292s] -- Set runtime path of "/home/ab/final_ws/install/target_reacher/lib/target_reacher/target_reacher" to ""
[4.292s] -- Installing: /home/ab/final_ws/install/target_reacher/share/ament_index/resource_index/package_run_dependencies/target_reacher
[4.293s] -- Installing: /home/ab/final_ws/install/target_reacher/share/ament_index/resource_index/parent_prefix_path/target_reacher
[4.293s] -- Installing: /home/ab/final_ws/install/target_reacher/share/target_reacher/environment/ament_prefix_path.sh
[4.293s] -- Installing: /home/ab/final_ws/install/target_reacher/share/target_reacher/environment/ament_prefix_path.dsv
[4.293s] -- Installing: /home/ab/final_ws/install/target_reacher/share/target_reacher/environment/path.sh
[4.293s] -- Installing: /home/ab/final_ws/install/target_reacher/share/target_reacher/environment/path.dsv
[4.293s] -- Installing: /home/ab/final_ws/install/target_reacher/share/target_reacher/local_setup.bash
[4.293s] -- Installing: /home/ab/final_ws/install/target_reacher/share/target_reacher/local_setup.sh
[4.293s] -- Installing: /home/ab/final_ws/install/target_reacher/share/target_reacher/local_setup.zsh
[4.294s] -- Installing: /home/ab/final_ws/install/target_reacher/share/target_reacher/local_setup.dsv
[4.294s] -- Installing: /home/ab/final_ws/install/target_reacher/share/target_reacher/package.dsv
[4.294s] -- Installing: /home/ab/final_ws/install/target_reacher/share/ament_index/resource_index/packages/target_reacher
[4.294s] -- Installing: /home/ab/final_ws/install/target_reacher/share/target_reacher/cmake/target_reacherConfig.cmake
[4.294s] -- Installing: /home/ab/final_ws/install/target_reacher/share/target_reacher/cmake/target_reacherConfig-version.cmake
[4.294s] -- Installing: /home/ab/final_ws/install/target_reacher/share/target_reacher/package.xml
[4.296s] Invoked command in '/home/ab/final_ws/build/target_reacher' returned '0': AMENT_PREFIX_PATH=/home/ab/final_ws/install/ros2_aruco_interfaces:/home/ab/final_ws/install/bot_controller:${AMENT_PREFIX_PATH} CMAKE_PREFIX_PATH=/home/ab/final_ws/install/ros2_aruco_interfaces:/home/ab/final_ws/install/bot_controller:/opt/ros/galactic LD_LIBRARY_PATH=/home/ab/final_ws/install/ros2_aruco_interfaces/lib:/home/ab/final_ws/install/bot_controller/lib:${LD_LIBRARY_PATH} PYTHONPATH=/home/ab/final_ws/install/ros2_aruco_interfaces/lib/python3.8/site-packages:${PYTHONPATH} /usr/bin/cmake --install /home/ab/final_ws/build/target_reacher
