[0.364s] Invoking command in '/home/ab/final_ws/build/world_odom_broadcaster': CMAKE_PREFIX_PATH=/opt/ros/galactic /usr/bin/cmake --build /home/ab/final_ws/build/world_odom_broadcaster -- -j16 -l16
[0.417s] [100%] Built target world_odom_broadcaster
[0.470s] Invoked command in '/home/ab/final_ws/build/world_odom_broadcaster' returned '0': CMAKE_PREFIX_PATH=/opt/ros/galactic /usr/bin/cmake --build /home/ab/final_ws/build/world_odom_broadcaster -- -j16 -l16
[0.520s] Invoking command in '/home/ab/final_ws/build/world_odom_broadcaster': CMAKE_PREFIX_PATH=/opt/ros/galactic /usr/bin/cmake --install /home/ab/final_ws/build/world_odom_broadcaster
[0.527s] -- Install configuration: ""
[0.527s] -- Up-to-date: /home/ab/final_ws/install/world_odom_broadcaster/lib/world_odom_broadcaster/world_odom_broadcaster
[0.527s] -- Up-to-date: /home/ab/final_ws/install/world_odom_broadcaster/share/ament_index/resource_index/package_run_dependencies/world_odom_broadcaster
[0.527s] -- Up-to-date: /home/ab/final_ws/install/world_odom_broadcaster/share/ament_index/resource_index/parent_prefix_path/world_odom_broadcaster
[0.527s] -- Up-to-date: /home/ab/final_ws/install/world_odom_broadcaster/share/world_odom_broadcaster/environment/ament_prefix_path.sh
[0.527s] -- Up-to-date: /home/ab/final_ws/install/world_odom_broadcaster/share/world_odom_broadcaster/environment/ament_prefix_path.dsv
[0.527s] -- Up-to-date: /home/ab/final_ws/install/world_odom_broadcaster/share/world_odom_broadcaster/environment/path.sh
[0.528s] -- Up-to-date: /home/ab/final_ws/install/world_odom_broadcaster/share/world_odom_broadcaster/environment/path.dsv
[0.528s] -- Up-to-date: /home/ab/final_ws/install/world_odom_broadcaster/share/world_odom_broadcaster/local_setup.bash
[0.528s] -- Up-to-date: /home/ab/final_ws/install/world_odom_broadcaster/share/world_odom_broadcaster/local_setup.sh
[0.528s] -- Up-to-date: /home/ab/final_ws/install/world_odom_broadcaster/share/world_odom_broadcaster/local_setup.zsh
[0.528s] -- Up-to-date: /home/ab/final_ws/install/world_odom_broadcaster/share/world_odom_broadcaster/local_setup.dsv
[0.528s] -- Installing: /home/ab/final_ws/install/world_odom_broadcaster/share/world_odom_broadcaster/package.dsv
[0.528s] -- Up-to-date: /home/ab/final_ws/install/world_odom_broadcaster/share/ament_index/resource_index/packages/world_odom_broadcaster
[0.529s] -- Up-to-date: /home/ab/final_ws/install/world_odom_broadcaster/share/world_odom_broadcaster/cmake/world_odom_broadcasterConfig.cmake
[0.529s] -- Up-to-date: /home/ab/final_ws/install/world_odom_broadcaster/share/world_odom_broadcaster/cmake/world_odom_broadcasterConfig-version.cmake
[0.529s] -- Up-to-date: /home/ab/final_ws/install/world_odom_broadcaster/share/world_odom_broadcaster/package.xml
[0.548s] Invoked command in '/home/ab/final_ws/build/world_odom_broadcaster' returned '0': CMAKE_PREFIX_PATH=/opt/ros/galactic /usr/bin/cmake --install /home/ab/final_ws/build/world_odom_broadcaster
