[0.041s] Invoking command in '/home/ab/final_ws/build/ros2_aruco_interfaces': CMAKE_PREFIX_PATH=/opt/ros/galactic /usr/bin/cmake /home/ab/final_ws/src/enpm809y_FinalFall2022/final/ros2_aruco/ros2_aruco_interfaces -DCMAKE_INSTALL_PREFIX=/home/ab/final_ws/install/ros2_aruco_interfaces
[0.430s] -- The C compiler identification is GNU 9.4.0
[0.430s] -- The CXX compiler identification is GNU 9.4.0
[0.430s] -- Check for working C compiler: /usr/bin/cc
[0.430s] -- Check for working C compiler: /usr/bin/cc -- works
[0.431s] -- Detecting C compiler ABI info
[0.431s] -- Detecting C compiler ABI info - done
[0.431s] -- Detecting C compile features
[0.431s] -- Detecting C compile features - done
[0.431s] -- Check for working CXX compiler: /usr/bin/c++
[0.431s] -- Check for working CXX compiler: /usr/bin/c++ -- works
[0.431s] -- Detecting CXX compiler ABI info
[0.431s] -- Detecting CXX compiler ABI info - done
[0.431s] -- Detecting CXX compile features
[0.431s] -- Detecting CXX compile features - done
[0.431s] -- Found ament_cmake: 1.1.6 (/opt/ros/galactic/share/ament_cmake/cmake)
[0.431s] -- Found PythonInterp: /usr/bin/python3 (found suitable version "3.8.10", minimum required is "3") 
[0.431s] -- Using PYTHON_EXECUTABLE: /usr/bin/python3
[0.456s] -- Found geometry_msgs: 2.2.4 (/opt/ros/galactic/share/geometry_msgs/cmake)
[0.479s] -- Using all available rosidl_typesupport_c: rosidl_typesupport_fastrtps_c;rosidl_typesupport_introspection_c
[0.484s] -- Found rosidl_adapter: 2.2.3 (/opt/ros/galactic/share/rosidl_adapter/cmake)
[0.545s] -- Found OpenSSL: /usr/lib/x86_64-linux-gnu/libcrypto.so (found version "1.1.1f")  
[0.576s] -- Found FastRTPS: /opt/ros/galactic/include  
[0.641s] -- Using all available rosidl_typesupport_cpp: rosidl_typesupport_fastrtps_cpp;rosidl_typesupport_introspection_cpp
[0.705s] -- Found rosidl_default_generators: 1.1.1 (/opt/ros/galactic/share/rosidl_default_generators/cmake)
[0.732s] -- Found PythonInterp: /usr/bin/python3 (found version "3.8.10") 
[0.897s] -- Found ament_cmake_ros: 0.9.2 (/opt/ros/galactic/share/ament_cmake_ros/cmake)
[1.112s] -- Using all available rosidl_typesupport_c: rosidl_typesupport_fastrtps_c;rosidl_typesupport_introspection_c
[1.188s] -- Using all available rosidl_typesupport_cpp: rosidl_typesupport_fastrtps_cpp;rosidl_typesupport_introspection_cpp
[1.208s] -- Found PythonInterp: /usr/bin/python3 (found suitable version "3.8.10", minimum required is "3.5") 
[1.210s] -- Found python_cmake_module: 0.8.1 (/opt/ros/galactic/share/python_cmake_module/cmake)
[1.233s] -- Found PythonLibs: /usr/lib/x86_64-linux-gnu/libpython3.8.so (found suitable version "3.8.10", minimum required is "3.5") 
[1.234s] -- Using PYTHON_EXECUTABLE: /usr/bin/python3
[1.234s] -- Using PYTHON_INCLUDE_DIRS: /usr/include/python3.8
[1.234s] -- Using PYTHON_LIBRARIES: /usr/lib/x86_64-linux-gnu/libpython3.8.so
[1.251s] -- Found PythonExtra: .so  
[1.330s] -- Found ament_lint_auto: 0.10.7 (/opt/ros/galactic/share/ament_lint_auto/cmake)
[1.345s] -- Added test 'copyright' to check source files copyright and LICENSE
[1.346s] -- Added test 'lint_cmake' to check CMake code style
[1.347s] -- Added test 'xmllint' to check XML markup files
[1.350s] -- Configuring done
[1.383s] -- Generating done
[1.385s] -- Build files have been written to: /home/ab/final_ws/build/ros2_aruco_interfaces
[1.393s] Invoked command in '/home/ab/final_ws/build/ros2_aruco_interfaces' returned '0': CMAKE_PREFIX_PATH=/opt/ros/galactic /usr/bin/cmake /home/ab/final_ws/src/enpm809y_FinalFall2022/final/ros2_aruco/ros2_aruco_interfaces -DCMAKE_INSTALL_PREFIX=/home/ab/final_ws/install/ros2_aruco_interfaces
[1.397s] Invoking command in '/home/ab/final_ws/build/ros2_aruco_interfaces': CMAKE_PREFIX_PATH=/opt/ros/galactic /usr/bin/cmake --build /home/ab/final_ws/build/ros2_aruco_interfaces -- -j16 -l16
[1.429s] [  3%] [34m[1mGenerating C code for ROS interfaces[0m
[1.429s] [35m[1mScanning dependencies of target ros2_aruco_interfaces__cpp[0m
[1.438s] [  6%] [34m[1mGenerating C++ code for ROS interfaces[0m
[1.600s] [35m[1mScanning dependencies of target ros2_aruco_interfaces__rosidl_generator_c[0m
[1.606s] [  6%] Built target ros2_aruco_interfaces__cpp
[1.609s] [  9%] [32mBuilding C object CMakeFiles/ros2_aruco_interfaces__rosidl_generator_c.dir/rosidl_generator_c/ros2_aruco_interfaces/msg/detail/aruco_markers__functions.c.o[0m
[1.614s] [ 19%] [34m[1mGenerating C++ type support dispatch for ROS interfaces[0m
[1.615s] [ 19%] [34m[1mGenerating C++ type support for eProsima Fast-RTPS[0m
[1.615s] [ 19%] [34m[1mGenerating C++ introspection for ROS interfaces[0m
[1.645s] [ 22%] [32m[1mLinking C shared library libros2_aruco_interfaces__rosidl_generator_c.so[0m
[1.675s] [ 22%] Built target ros2_aruco_interfaces__rosidl_generator_c
[1.683s] [ 25%] [34m[1mGenerating C type support dispatch for ROS interfaces[0m
[1.685s] [ 29%] [34m[1mGenerating C introspection for ROS interfaces[0m
[1.770s] [35m[1mScanning dependencies of target ros2_aruco_interfaces__rosidl_typesupport_cpp[0m
[1.781s] [ 32%] [32mBuilding CXX object CMakeFiles/ros2_aruco_interfaces__rosidl_typesupport_cpp.dir/rosidl_typesupport_cpp/ros2_aruco_interfaces/msg/aruco_markers__type_support.cpp.o[0m
[1.781s] [35m[1mScanning dependencies of target ros2_aruco_interfaces__rosidl_typesupport_introspection_cpp[0m
[1.791s] [ 35%] [32mBuilding CXX object CMakeFiles/ros2_aruco_interfaces__rosidl_typesupport_introspection_cpp.dir/rosidl_typesupport_introspection_cpp/ros2_aruco_interfaces/msg/detail/aruco_markers__type_support.cpp.o[0m
[1.792s] [35m[1mScanning dependencies of target ros2_aruco_interfaces__rosidl_typesupport_fastrtps_cpp[0m
[1.807s] [ 38%] [32mBuilding CXX object CMakeFiles/ros2_aruco_interfaces__rosidl_typesupport_fastrtps_cpp.dir/rosidl_typesupport_fastrtps_cpp/ros2_aruco_interfaces/msg/detail/dds_fastrtps/aruco_markers__type_support.cpp.o[0m
[1.861s] [35m[1mScanning dependencies of target ros2_aruco_interfaces__rosidl_typesupport_c[0m
[1.874s] [ 41%] [32mBuilding CXX object CMakeFiles/ros2_aruco_interfaces__rosidl_typesupport_c.dir/rosidl_typesupport_c/ros2_aruco_interfaces/msg/aruco_markers__type_support.cpp.o[0m
[1.886s] [35m[1mScanning dependencies of target ros2_aruco_interfaces__rosidl_typesupport_introspection_c[0m
[1.903s] [ 45%] [32mBuilding C object CMakeFiles/ros2_aruco_interfaces__rosidl_typesupport_introspection_c.dir/rosidl_typesupport_introspection_c/ros2_aruco_interfaces/msg/detail/aruco_markers__type_support.c.o[0m
[1.904s] [ 48%] [32m[1mLinking CXX shared library libros2_aruco_interfaces__rosidl_typesupport_c.so[0m
[1.937s] [ 51%] [32m[1mLinking C shared library libros2_aruco_interfaces__rosidl_typesupport_introspection_c.so[0m
[1.954s] [ 51%] Built target ros2_aruco_interfaces__rosidl_typesupport_c
[1.965s] [ 51%] Built target ros2_aruco_interfaces__rosidl_typesupport_introspection_c
[2.008s] [ 54%] [32m[1mLinking CXX shared library libros2_aruco_interfaces__rosidl_typesupport_cpp.so[0m
[2.042s] [ 54%] Built target ros2_aruco_interfaces__rosidl_typesupport_cpp
[2.103s] [ 58%] [32m[1mLinking CXX shared library libros2_aruco_interfaces__rosidl_typesupport_introspection_cpp.so[0m
[2.181s] [ 58%] Built target ros2_aruco_interfaces__rosidl_typesupport_introspection_cpp
[2.245s] [ 61%] [32m[1mLinking CXX shared library libros2_aruco_interfaces__rosidl_typesupport_fastrtps_cpp.so[0m
[2.312s] [ 61%] Built target ros2_aruco_interfaces__rosidl_typesupport_fastrtps_cpp
[2.321s] [ 64%] [34m[1mGenerating C type support for eProsima Fast-RTPS[0m
[2.497s] [35m[1mScanning dependencies of target ros2_aruco_interfaces__rosidl_typesupport_fastrtps_c[0m
[2.510s] [ 67%] [32mBuilding CXX object CMakeFiles/ros2_aruco_interfaces__rosidl_typesupport_fastrtps_c.dir/rosidl_typesupport_fastrtps_c/ros2_aruco_interfaces/msg/detail/aruco_markers__type_support_c.cpp.o[0m
[2.778s] [ 70%] [32m[1mLinking CXX shared library libros2_aruco_interfaces__rosidl_typesupport_fastrtps_c.so[0m
[2.850s] [ 70%] Built target ros2_aruco_interfaces__rosidl_typesupport_fastrtps_c
[2.859s] [35m[1mScanning dependencies of target ros2_aruco_interfaces[0m
[2.868s] [ 70%] Built target ros2_aruco_interfaces
[2.877s] [35m[1mScanning dependencies of target ros2_aruco_interfaces__py[0m
[2.886s] [ 74%] [34m[1mGenerating Python code for ROS interfaces[0m
[3.156s] [ 74%] Built target ros2_aruco_interfaces__py
[3.165s] [35m[1mScanning dependencies of target ros2_aruco_interfaces__python[0m
[3.180s] [ 77%] [32mBuilding C object CMakeFiles/ros2_aruco_interfaces__python.dir/rosidl_generator_py/ros2_aruco_interfaces/msg/_aruco_markers_s.c.o[0m
[3.255s] [ 80%] [32m[1mLinking C shared library rosidl_generator_py/ros2_aruco_interfaces/libros2_aruco_interfaces__python.so[0m
[3.290s] [ 80%] Built target ros2_aruco_interfaces__python
[3.299s] [35m[1mScanning dependencies of target ros2_aruco_interfaces__rosidl_typesupport_introspection_c__pyext[0m
[3.299s] [35m[1mScanning dependencies of target ros2_aruco_interfaces__rosidl_typesupport_c__pyext[0m
[3.299s] [35m[1mScanning dependencies of target ros2_aruco_interfaces__rosidl_typesupport_fastrtps_c__pyext[0m
[3.314s] [ 87%] [32mBuilding C object CMakeFiles/ros2_aruco_interfaces__rosidl_typesupport_introspection_c__pyext.dir/rosidl_generator_py/ros2_aruco_interfaces/_ros2_aruco_interfaces_s.ep.rosidl_typesupport_introspection_c.c.o[0m
[3.314s] [ 87%] [32mBuilding C object CMakeFiles/ros2_aruco_interfaces__rosidl_typesupport_c__pyext.dir/rosidl_generator_py/ros2_aruco_interfaces/_ros2_aruco_interfaces_s.ep.rosidl_typesupport_c.c.o[0m
[3.317s] [ 90%] [32mBuilding C object CMakeFiles/ros2_aruco_interfaces__rosidl_typesupport_fastrtps_c__pyext.dir/rosidl_generator_py/ros2_aruco_interfaces/_ros2_aruco_interfaces_s.ep.rosidl_typesupport_fastrtps_c.c.o[0m
[3.371s] [ 93%] [32m[1mLinking C shared library rosidl_generator_py/ros2_aruco_interfaces/ros2_aruco_interfaces_s__rosidl_typesupport_c.cpython-38-x86_64-linux-gnu.so[0m
[3.375s] [ 96%] [32m[1mLinking C shared library rosidl_generator_py/ros2_aruco_interfaces/ros2_aruco_interfaces_s__rosidl_typesupport_introspection_c.cpython-38-x86_64-linux-gnu.so[0m
[3.378s] [100%] [32m[1mLinking CXX shared library rosidl_generator_py/ros2_aruco_interfaces/ros2_aruco_interfaces_s__rosidl_typesupport_fastrtps_c.cpython-38-x86_64-linux-gnu.so[0m
[3.402s] [100%] Built target ros2_aruco_interfaces__rosidl_typesupport_c__pyext
[3.407s] [100%] Built target ros2_aruco_interfaces__rosidl_typesupport_introspection_c__pyext
[3.430s] [100%] Built target ros2_aruco_interfaces__rosidl_typesupport_fastrtps_c__pyext
[3.440s] Invoked command in '/home/ab/final_ws/build/ros2_aruco_interfaces' returned '0': CMAKE_PREFIX_PATH=/opt/ros/galactic /usr/bin/cmake --build /home/ab/final_ws/build/ros2_aruco_interfaces -- -j16 -l16
[3.485s] Invoking command in '/home/ab/final_ws/build/ros2_aruco_interfaces': CMAKE_PREFIX_PATH=/opt/ros/galactic /usr/bin/cmake --install /home/ab/final_ws/build/ros2_aruco_interfaces
[3.493s] -- Install configuration: ""
[3.493s] -- Installing: /home/ab/final_ws/install/ros2_aruco_interfaces/share/ament_index/resource_index/rosidl_interfaces/ros2_aruco_interfaces
[3.494s] -- Installing: /home/ab/final_ws/install/ros2_aruco_interfaces/include/ros2_aruco_interfaces
[3.494s] -- Installing: /home/ab/final_ws/install/ros2_aruco_interfaces/include/ros2_aruco_interfaces/msg
[3.494s] -- Installing: /home/ab/final_ws/install/ros2_aruco_interfaces/include/ros2_aruco_interfaces/msg/aruco_markers.h
[3.494s] -- Installing: /home/ab/final_ws/install/ros2_aruco_interfaces/include/ros2_aruco_interfaces/msg/rosidl_generator_c__visibility_control.h
[3.494s] -- Installing: /home/ab/final_ws/install/ros2_aruco_interfaces/include/ros2_aruco_interfaces/msg/detail
[3.494s] -- Installing: /home/ab/final_ws/install/ros2_aruco_interfaces/include/ros2_aruco_interfaces/msg/detail/aruco_markers__functions.h
[3.494s] -- Installing: /home/ab/final_ws/install/ros2_aruco_interfaces/include/ros2_aruco_interfaces/msg/detail/aruco_markers__functions.c
[3.494s] -- Installing: /home/ab/final_ws/install/ros2_aruco_interfaces/include/ros2_aruco_interfaces/msg/detail/aruco_markers__type_support.h
[3.494s] -- Installing: /home/ab/final_ws/install/ros2_aruco_interfaces/include/ros2_aruco_interfaces/msg/detail/aruco_markers__struct.h
[3.494s] -- Installing: /home/ab/final_ws/install/ros2_aruco_interfaces/share/ros2_aruco_interfaces/environment/library_path.sh
[3.494s] -- Installing: /home/ab/final_ws/install/ros2_aruco_interfaces/share/ros2_aruco_interfaces/environment/library_path.dsv
[3.494s] -- Installing: /home/ab/final_ws/install/ros2_aruco_interfaces/lib/libros2_aruco_interfaces__rosidl_generator_c.so
[3.495s] -- Set runtime path of "/home/ab/final_ws/install/ros2_aruco_interfaces/lib/libros2_aruco_interfaces__rosidl_generator_c.so" to ""
[3.495s] -- Up-to-date: /home/ab/final_ws/install/ros2_aruco_interfaces/include/ros2_aruco_interfaces
[3.495s] -- Up-to-date: /home/ab/final_ws/install/ros2_aruco_interfaces/include/ros2_aruco_interfaces/msg
[3.495s] -- Installing: /home/ab/final_ws/install/ros2_aruco_interfaces/include/ros2_aruco_interfaces/msg/rosidl_typesupport_fastrtps_c__visibility_control.h
[3.495s] -- Up-to-date: /home/ab/final_ws/install/ros2_aruco_interfaces/include/ros2_aruco_interfaces/msg/detail
[3.495s] -- Installing: /home/ab/final_ws/install/ros2_aruco_interfaces/include/ros2_aruco_interfaces/msg/detail/aruco_markers__rosidl_typesupport_fastrtps_c.h
[3.495s] -- Installing: /home/ab/final_ws/install/ros2_aruco_interfaces/lib/libros2_aruco_interfaces__rosidl_typesupport_fastrtps_c.so
[3.495s] -- Set runtime path of "/home/ab/final_ws/install/ros2_aruco_interfaces/lib/libros2_aruco_interfaces__rosidl_typesupport_fastrtps_c.so" to ""
[3.495s] -- Up-to-date: /home/ab/final_ws/install/ros2_aruco_interfaces/include/ros2_aruco_interfaces
[3.495s] -- Up-to-date: /home/ab/final_ws/install/ros2_aruco_interfaces/include/ros2_aruco_interfaces/msg
[3.495s] -- Installing: /home/ab/final_ws/install/ros2_aruco_interfaces/include/ros2_aruco_interfaces/msg/rosidl_typesupport_fastrtps_cpp__visibility_control.h
[3.496s] -- Up-to-date: /home/ab/final_ws/install/ros2_aruco_interfaces/include/ros2_aruco_interfaces/msg/detail
[3.496s] -- Installing: /home/ab/final_ws/install/ros2_aruco_interfaces/include/ros2_aruco_interfaces/msg/detail/dds_fastrtps
[3.496s] -- Installing: /home/ab/final_ws/install/ros2_aruco_interfaces/include/ros2_aruco_interfaces/msg/detail/aruco_markers__rosidl_typesupport_fastrtps_cpp.hpp
[3.496s] -- Installing: /home/ab/final_ws/install/ros2_aruco_interfaces/lib/libros2_aruco_interfaces__rosidl_typesupport_fastrtps_cpp.so
[3.496s] -- Set runtime path of "/home/ab/final_ws/install/ros2_aruco_interfaces/lib/libros2_aruco_interfaces__rosidl_typesupport_fastrtps_cpp.so" to ""
[3.496s] -- Up-to-date: /home/ab/final_ws/install/ros2_aruco_interfaces/include/ros2_aruco_interfaces
[3.496s] -- Up-to-date: /home/ab/final_ws/install/ros2_aruco_interfaces/include/ros2_aruco_interfaces/msg
[3.496s] -- Up-to-date: /home/ab/final_ws/install/ros2_aruco_interfaces/include/ros2_aruco_interfaces/msg/detail
[3.496s] -- Installing: /home/ab/final_ws/install/ros2_aruco_interfaces/include/ros2_aruco_interfaces/msg/detail/aruco_markers__rosidl_typesupport_introspection_c.h
[3.496s] -- Installing: /home/ab/final_ws/install/ros2_aruco_interfaces/include/ros2_aruco_interfaces/msg/detail/aruco_markers__type_support.c
[3.496s] -- Installing: /home/ab/final_ws/install/ros2_aruco_interfaces/include/ros2_aruco_interfaces/msg/rosidl_typesupport_introspection_c__visibility_control.h
[3.496s] -- Installing: /home/ab/final_ws/install/ros2_aruco_interfaces/lib/libros2_aruco_interfaces__rosidl_typesupport_introspection_c.so
[3.496s] -- Set runtime path of "/home/ab/final_ws/install/ros2_aruco_interfaces/lib/libros2_aruco_interfaces__rosidl_typesupport_introspection_c.so" to ""
[3.497s] -- Installing: /home/ab/final_ws/install/ros2_aruco_interfaces/lib/libros2_aruco_interfaces__rosidl_typesupport_c.so
[3.497s] -- Set runtime path of "/home/ab/final_ws/install/ros2_aruco_interfaces/lib/libros2_aruco_interfaces__rosidl_typesupport_c.so" to ""
[3.497s] -- Up-to-date: /home/ab/final_ws/install/ros2_aruco_interfaces/include/ros2_aruco_interfaces
[3.497s] -- Up-to-date: /home/ab/final_ws/install/ros2_aruco_interfaces/include/ros2_aruco_interfaces/msg
[3.497s] -- Installing: /home/ab/final_ws/install/ros2_aruco_interfaces/include/ros2_aruco_interfaces/msg/aruco_markers.hpp
[3.497s] -- Up-to-date: /home/ab/final_ws/install/ros2_aruco_interfaces/include/ros2_aruco_interfaces/msg/detail
[3.497s] -- Installing: /home/ab/final_ws/install/ros2_aruco_interfaces/include/ros2_aruco_interfaces/msg/detail/aruco_markers__builder.hpp
[3.497s] -- Installing: /home/ab/final_ws/install/ros2_aruco_interfaces/include/ros2_aruco_interfaces/msg/detail/aruco_markers__traits.hpp
[3.498s] -- Installing: /home/ab/final_ws/install/ros2_aruco_interfaces/include/ros2_aruco_interfaces/msg/detail/aruco_markers__struct.hpp
[3.498s] -- Up-to-date: /home/ab/final_ws/install/ros2_aruco_interfaces/include/ros2_aruco_interfaces
[3.498s] -- Up-to-date: /home/ab/final_ws/install/ros2_aruco_interfaces/include/ros2_aruco_interfaces/msg
[3.498s] -- Up-to-date: /home/ab/final_ws/install/ros2_aruco_interfaces/include/ros2_aruco_interfaces/msg/detail
[3.498s] -- Installing: /home/ab/final_ws/install/ros2_aruco_interfaces/include/ros2_aruco_interfaces/msg/detail/aruco_markers__type_support.cpp
[3.498s] -- Installing: /home/ab/final_ws/install/ros2_aruco_interfaces/include/ros2_aruco_interfaces/msg/detail/aruco_markers__rosidl_typesupport_introspection_cpp.hpp
[3.498s] -- Installing: /home/ab/final_ws/install/ros2_aruco_interfaces/lib/libros2_aruco_interfaces__rosidl_typesupport_introspection_cpp.so
[3.498s] -- Set runtime path of "/home/ab/final_ws/install/ros2_aruco_interfaces/lib/libros2_aruco_interfaces__rosidl_typesupport_introspection_cpp.so" to ""
[3.498s] -- Installing: /home/ab/final_ws/install/ros2_aruco_interfaces/lib/libros2_aruco_interfaces__rosidl_typesupport_cpp.so
[3.498s] -- Set runtime path of "/home/ab/final_ws/install/ros2_aruco_interfaces/lib/libros2_aruco_interfaces__rosidl_typesupport_cpp.so" to ""
[3.498s] -- Installing: /home/ab/final_ws/install/ros2_aruco_interfaces/share/ros2_aruco_interfaces/environment/pythonpath.sh
[3.498s] -- Installing: /home/ab/final_ws/install/ros2_aruco_interfaces/share/ros2_aruco_interfaces/environment/pythonpath.dsv
[3.498s] -- Installing: /home/ab/final_ws/install/ros2_aruco_interfaces/lib/python3.8/site-packages/ros2_aruco_interfaces/__init__.py
[3.523s] Compiling '/home/ab/final_ws/install/ros2_aruco_interfaces/lib/python3.8/site-packages/ros2_aruco_interfaces/__init__.py'...
[3.527s] -- Installing: /home/ab/final_ws/install/ros2_aruco_interfaces/lib/python3.8/site-packages/ros2_aruco_interfaces/msg
[3.527s] -- Installing: /home/ab/final_ws/install/ros2_aruco_interfaces/lib/python3.8/site-packages/ros2_aruco_interfaces/msg/_aruco_markers_s.c
[3.527s] -- Installing: /home/ab/final_ws/install/ros2_aruco_interfaces/lib/python3.8/site-packages/ros2_aruco_interfaces/msg/_aruco_markers.py
[3.527s] -- Installing: /home/ab/final_ws/install/ros2_aruco_interfaces/lib/python3.8/site-packages/ros2_aruco_interfaces/msg/__init__.py
[3.527s] -- Installing: /home/ab/final_ws/install/ros2_aruco_interfaces/lib/python3.8/site-packages/ros2_aruco_interfaces/ros2_aruco_interfaces_s__rosidl_typesupport_fastrtps_c.cpython-38-x86_64-linux-gnu.so
[3.527s] -- Set runtime path of "/home/ab/final_ws/install/ros2_aruco_interfaces/lib/python3.8/site-packages/ros2_aruco_interfaces/ros2_aruco_interfaces_s__rosidl_typesupport_fastrtps_c.cpython-38-x86_64-linux-gnu.so" to ""
[3.528s] -- Installing: /home/ab/final_ws/install/ros2_aruco_interfaces/lib/python3.8/site-packages/ros2_aruco_interfaces/ros2_aruco_interfaces_s__rosidl_typesupport_introspection_c.cpython-38-x86_64-linux-gnu.so
[3.528s] -- Set runtime path of "/home/ab/final_ws/install/ros2_aruco_interfaces/lib/python3.8/site-packages/ros2_aruco_interfaces/ros2_aruco_interfaces_s__rosidl_typesupport_introspection_c.cpython-38-x86_64-linux-gnu.so" to ""
[3.528s] -- Installing: /home/ab/final_ws/install/ros2_aruco_interfaces/lib/python3.8/site-packages/ros2_aruco_interfaces/ros2_aruco_interfaces_s__rosidl_typesupport_c.cpython-38-x86_64-linux-gnu.so
[3.529s] -- Set runtime path of "/home/ab/final_ws/install/ros2_aruco_interfaces/lib/python3.8/site-packages/ros2_aruco_interfaces/ros2_aruco_interfaces_s__rosidl_typesupport_c.cpython-38-x86_64-linux-gnu.so" to ""
[3.529s] -- Installing: /home/ab/final_ws/install/ros2_aruco_interfaces/lib/libros2_aruco_interfaces__python.so
[3.529s] -- Set runtime path of "/home/ab/final_ws/install/ros2_aruco_interfaces/lib/libros2_aruco_interfaces__python.so" to ""
[3.529s] -- Installing: /home/ab/final_ws/install/ros2_aruco_interfaces/share/ros2_aruco_interfaces/msg/ArucoMarkers.idl
[3.529s] -- Installing: /home/ab/final_ws/install/ros2_aruco_interfaces/share/ros2_aruco_interfaces/msg/ArucoMarkers.msg
[3.529s] -- Installing: /home/ab/final_ws/install/ros2_aruco_interfaces/share/ament_index/resource_index/package_run_dependencies/ros2_aruco_interfaces
[3.530s] -- Installing: /home/ab/final_ws/install/ros2_aruco_interfaces/share/ament_index/resource_index/parent_prefix_path/ros2_aruco_interfaces
[3.530s] -- Installing: /home/ab/final_ws/install/ros2_aruco_interfaces/share/ros2_aruco_interfaces/environment/ament_prefix_path.sh
[3.530s] -- Installing: /home/ab/final_ws/install/ros2_aruco_interfaces/share/ros2_aruco_interfaces/environment/ament_prefix_path.dsv
[3.530s] -- Installing: /home/ab/final_ws/install/ros2_aruco_interfaces/share/ros2_aruco_interfaces/environment/path.sh
[3.530s] -- Installing: /home/ab/final_ws/install/ros2_aruco_interfaces/share/ros2_aruco_interfaces/environment/path.dsv
[3.530s] -- Installing: /home/ab/final_ws/install/ros2_aruco_interfaces/share/ros2_aruco_interfaces/local_setup.bash
[3.530s] -- Installing: /home/ab/final_ws/install/ros2_aruco_interfaces/share/ros2_aruco_interfaces/local_setup.sh
[3.530s] -- Installing: /home/ab/final_ws/install/ros2_aruco_interfaces/share/ros2_aruco_interfaces/local_setup.zsh
[3.530s] -- Installing: /home/ab/final_ws/install/ros2_aruco_interfaces/share/ros2_aruco_interfaces/local_setup.dsv
[3.530s] -- Installing: /home/ab/final_ws/install/ros2_aruco_interfaces/share/ros2_aruco_interfaces/package.dsv
[3.531s] -- Installing: /home/ab/final_ws/install/ros2_aruco_interfaces/share/ament_index/resource_index/packages/ros2_aruco_interfaces
[3.531s] -- Installing: /home/ab/final_ws/install/ros2_aruco_interfaces/share/ros2_aruco_interfaces/cmake/ros2_aruco_interfaces__rosidl_generator_cExport.cmake
[3.531s] -- Installing: /home/ab/final_ws/install/ros2_aruco_interfaces/share/ros2_aruco_interfaces/cmake/ros2_aruco_interfaces__rosidl_generator_cExport-noconfig.cmake
[3.531s] -- Installing: /home/ab/final_ws/install/ros2_aruco_interfaces/share/ros2_aruco_interfaces/cmake/ros2_aruco_interfaces__rosidl_typesupport_introspection_cExport.cmake
[3.531s] -- Installing: /home/ab/final_ws/install/ros2_aruco_interfaces/share/ros2_aruco_interfaces/cmake/ros2_aruco_interfaces__rosidl_typesupport_introspection_cExport-noconfig.cmake
[3.531s] -- Installing: /home/ab/final_ws/install/ros2_aruco_interfaces/share/ros2_aruco_interfaces/cmake/ros2_aruco_interfaces__rosidl_typesupport_cExport.cmake
[3.531s] -- Installing: /home/ab/final_ws/install/ros2_aruco_interfaces/share/ros2_aruco_interfaces/cmake/ros2_aruco_interfaces__rosidl_typesupport_cExport-noconfig.cmake
[3.532s] -- Installing: /home/ab/final_ws/install/ros2_aruco_interfaces/share/ros2_aruco_interfaces/cmake/ros2_aruco_interfaces__rosidl_generator_cppExport.cmake
[3.532s] -- Installing: /home/ab/final_ws/install/ros2_aruco_interfaces/share/ros2_aruco_interfaces/cmake/ros2_aruco_interfaces__rosidl_typesupport_introspection_cppExport.cmake
[3.532s] -- Installing: /home/ab/final_ws/install/ros2_aruco_interfaces/share/ros2_aruco_interfaces/cmake/ros2_aruco_interfaces__rosidl_typesupport_introspection_cppExport-noconfig.cmake
[3.532s] -- Installing: /home/ab/final_ws/install/ros2_aruco_interfaces/share/ros2_aruco_interfaces/cmake/ros2_aruco_interfaces__rosidl_typesupport_cppExport.cmake
[3.532s] -- Installing: /home/ab/final_ws/install/ros2_aruco_interfaces/share/ros2_aruco_interfaces/cmake/ros2_aruco_interfaces__rosidl_typesupport_cppExport-noconfig.cmake
[3.532s] -- Installing: /home/ab/final_ws/install/ros2_aruco_interfaces/share/ros2_aruco_interfaces/cmake/rosidl_cmake-extras.cmake
[3.532s] -- Installing: /home/ab/final_ws/install/ros2_aruco_interfaces/share/ros2_aruco_interfaces/cmake/ament_cmake_export_dependencies-extras.cmake
[3.532s] -- Installing: /home/ab/final_ws/install/ros2_aruco_interfaces/share/ros2_aruco_interfaces/cmake/ament_cmake_export_libraries-extras.cmake
[3.532s] -- Installing: /home/ab/final_ws/install/ros2_aruco_interfaces/share/ros2_aruco_interfaces/cmake/ament_cmake_export_targets-extras.cmake
[3.533s] -- Installing: /home/ab/final_ws/install/ros2_aruco_interfaces/share/ros2_aruco_interfaces/cmake/ament_cmake_export_include_directories-extras.cmake
[3.533s] -- Installing: /home/ab/final_ws/install/ros2_aruco_interfaces/share/ros2_aruco_interfaces/cmake/rosidl_cmake_export_typesupport_libraries-extras.cmake
[3.533s] -- Installing: /home/ab/final_ws/install/ros2_aruco_interfaces/share/ros2_aruco_interfaces/cmake/rosidl_cmake_export_typesupport_targets-extras.cmake
[3.533s] -- Installing: /home/ab/final_ws/install/ros2_aruco_interfaces/share/ros2_aruco_interfaces/cmake/ros2_aruco_interfacesConfig.cmake
[3.533s] -- Installing: /home/ab/final_ws/install/ros2_aruco_interfaces/share/ros2_aruco_interfaces/cmake/ros2_aruco_interfacesConfig-version.cmake
[3.533s] -- Installing: /home/ab/final_ws/install/ros2_aruco_interfaces/share/ros2_aruco_interfaces/package.xml
[3.535s] Invoked command in '/home/ab/final_ws/build/ros2_aruco_interfaces' returned '0': CMAKE_PREFIX_PATH=/opt/ros/galactic /usr/bin/cmake --install /home/ab/final_ws/build/ros2_aruco_interfaces
