[0.055s] Invoking command in '/home/ab/final_ws/build/final_plugins': CMAKE_PREFIX_PATH=/opt/ros/galactic /usr/bin/cmake --build /home/ab/final_ws/build/final_plugins -- -j16 -l16
[0.457s] [100%] Built target disable_shadows_plugin
[0.461s] Invoked command in '/home/ab/final_ws/build/final_plugins' returned '0': CMAKE_PREFIX_PATH=/opt/ros/galactic /usr/bin/cmake --build /home/ab/final_ws/build/final_plugins -- -j16 -l16
[0.493s] Invoking command in '/home/ab/final_ws/build/final_plugins': CMAKE_PREFIX_PATH=/opt/ros/galactic /usr/bin/cmake --install /home/ab/final_ws/build/final_plugins
[0.505s] -- Install configuration: ""
[0.505s] -- Up-to-date: /home/ab/final_ws/install/final_plugins/share/final_plugins/environment/library_path.sh
[0.505s] -- Up-to-date: /home/ab/final_ws/install/final_plugins/share/final_plugins/environment/library_path.dsv
[0.505s] -- Up-to-date: /home/ab/final_ws/install/final_plugins/share/ament_index/resource_index/package_run_dependencies/final_plugins
[0.505s] -- Up-to-date: /home/ab/final_ws/install/final_plugins/share/ament_index/resource_index/parent_prefix_path/final_plugins
[0.505s] -- Up-to-date: /home/ab/final_ws/install/final_plugins/share/final_plugins/environment/ament_prefix_path.sh
[0.505s] -- Up-to-date: /home/ab/final_ws/install/final_plugins/share/final_plugins/environment/ament_prefix_path.dsv
[0.505s] -- Up-to-date: /home/ab/final_ws/install/final_plugins/share/final_plugins/environment/path.sh
[0.505s] -- Up-to-date: /home/ab/final_ws/install/final_plugins/share/final_plugins/environment/path.dsv
[0.505s] -- Up-to-date: /home/ab/final_ws/install/final_plugins/share/final_plugins/local_setup.bash
[0.505s] -- Up-to-date: /home/ab/final_ws/install/final_plugins/share/final_plugins/local_setup.sh
[0.506s] -- Up-to-date: /home/ab/final_ws/install/final_plugins/share/final_plugins/local_setup.zsh
[0.506s] -- Up-to-date: /home/ab/final_ws/install/final_plugins/share/final_plugins/local_setup.dsv
[0.506s] -- Installing: /home/ab/final_ws/install/final_plugins/share/final_plugins/package.dsv
[0.506s] -- Up-to-date: /home/ab/final_ws/install/final_plugins/share/ament_index/resource_index/packages/final_plugins
[0.507s] -- Up-to-date: /home/ab/final_ws/install/final_plugins/share/final_plugins/cmake/ament_cmake_export_libraries-extras.cmake
[0.507s] -- Up-to-date: /home/ab/final_ws/install/final_plugins/share/final_plugins/cmake/final_pluginsConfig.cmake
[0.507s] -- Up-to-date: /home/ab/final_ws/install/final_plugins/share/final_plugins/cmake/final_pluginsConfig-version.cmake
[0.507s] -- Up-to-date: /home/ab/final_ws/install/final_plugins/share/final_plugins/package.xml
[0.507s] -- Up-to-date: /home/ab/final_ws/install/final_plugins/include
[0.507s] -- Up-to-date: /home/ab/final_ws/install/final_plugins/include/disable_shadows_plugin.hpp
[0.507s] -- Up-to-date: /home/ab/final_ws/install/final_plugins/lib/libdisable_shadows_plugin.so
[0.551s] Invoked command in '/home/ab/final_ws/build/final_plugins' returned '0': CMAKE_PREFIX_PATH=/opt/ros/galactic /usr/bin/cmake --install /home/ab/final_ws/build/final_plugins
