[0.803s] Invoking command in '/home/ab/final_ws/src/enpm809y_FinalFall2022/final/tb3_bringup/tb3_gazebo_spawner': PYTHONPATH=/home/ab/final_ws/build/tb3_gazebo_spawner/prefix_override:/home/ab/final_ws/install/tb3_gazebo_spawner/lib/python3.8/site-packages:${PYTHONPATH} /usr/bin/python3 setup.py egg_info --egg-base ../../../../../build/tb3_gazebo_spawner build --build-base /home/ab/final_ws/build/tb3_gazebo_spawner/build install --record /home/ab/final_ws/build/tb3_gazebo_spawner/install.log --install-scripts $base/lib/tb3_gazebo_spawner --single-version-externally-managed
[0.973s] running egg_info
[0.973s] creating ../../../../../build/tb3_gazebo_spawner/tb3_gazebo_spawner.egg-info
[0.974s] writing ../../../../../build/tb3_gazebo_spawner/tb3_gazebo_spawner.egg-info/PKG-INFO
[0.974s] writing dependency_links to ../../../../../build/tb3_gazebo_spawner/tb3_gazebo_spawner.egg-info/dependency_links.txt
[0.974s] writing entry points to ../../../../../build/tb3_gazebo_spawner/tb3_gazebo_spawner.egg-info/entry_points.txt
[0.974s] writing requirements to ../../../../../build/tb3_gazebo_spawner/tb3_gazebo_spawner.egg-info/requires.txt
[0.974s] writing top-level names to ../../../../../build/tb3_gazebo_spawner/tb3_gazebo_spawner.egg-info/top_level.txt
[0.975s] writing manifest file '../../../../../build/tb3_gazebo_spawner/tb3_gazebo_spawner.egg-info/SOURCES.txt'
[0.999s] reading manifest file '../../../../../build/tb3_gazebo_spawner/tb3_gazebo_spawner.egg-info/SOURCES.txt'
[0.999s] writing manifest file '../../../../../build/tb3_gazebo_spawner/tb3_gazebo_spawner.egg-info/SOURCES.txt'
[0.999s] running build
[0.999s] running build_py
[0.999s] creating /home/ab/final_ws/build/tb3_gazebo_spawner/build
[1.000s] creating /home/ab/final_ws/build/tb3_gazebo_spawner/build/lib
[1.000s] creating /home/ab/final_ws/build/tb3_gazebo_spawner/build/lib/tb3_gazebo_spawner
[1.000s] copying tb3_gazebo_spawner/__init__.py -> /home/ab/final_ws/build/tb3_gazebo_spawner/build/lib/tb3_gazebo_spawner
[1.000s] copying tb3_gazebo_spawner/tb3_gazebo_spawner.py -> /home/ab/final_ws/build/tb3_gazebo_spawner/build/lib/tb3_gazebo_spawner
[1.000s] running install
[1.000s] running install_lib
[1.001s] creating /home/ab/final_ws/install/tb3_gazebo_spawner/lib/python3.8/site-packages/tb3_gazebo_spawner
[1.001s] copying /home/ab/final_ws/build/tb3_gazebo_spawner/build/lib/tb3_gazebo_spawner/__init__.py -> /home/ab/final_ws/install/tb3_gazebo_spawner/lib/python3.8/site-packages/tb3_gazebo_spawner
[1.001s] copying /home/ab/final_ws/build/tb3_gazebo_spawner/build/lib/tb3_gazebo_spawner/tb3_gazebo_spawner.py -> /home/ab/final_ws/install/tb3_gazebo_spawner/lib/python3.8/site-packages/tb3_gazebo_spawner
[1.001s] byte-compiling /home/ab/final_ws/install/tb3_gazebo_spawner/lib/python3.8/site-packages/tb3_gazebo_spawner/__init__.py to __init__.cpython-38.pyc
[1.002s] byte-compiling /home/ab/final_ws/install/tb3_gazebo_spawner/lib/python3.8/site-packages/tb3_gazebo_spawner/tb3_gazebo_spawner.py to tb3_gazebo_spawner.cpython-38.pyc
[1.003s] running install_data
[1.003s] creating /home/ab/final_ws/install/tb3_gazebo_spawner/share/ament_index
[1.004s] creating /home/ab/final_ws/install/tb3_gazebo_spawner/share/ament_index/resource_index
[1.004s] creating /home/ab/final_ws/install/tb3_gazebo_spawner/share/ament_index/resource_index/packages
[1.004s] copying resource/tb3_gazebo_spawner -> /home/ab/final_ws/install/tb3_gazebo_spawner/share/ament_index/resource_index/packages
[1.004s] copying package.xml -> /home/ab/final_ws/install/tb3_gazebo_spawner/share/tb3_gazebo_spawner
[1.004s] running install_egg_info
[1.005s] Copying ../../../../../build/tb3_gazebo_spawner/tb3_gazebo_spawner.egg-info to /home/ab/final_ws/install/tb3_gazebo_spawner/lib/python3.8/site-packages/tb3_gazebo_spawner-0.3.0-py3.8.egg-info
[1.006s] running install_scripts
[1.018s] Installing tb3_gazebo_spawner script to /home/ab/final_ws/install/tb3_gazebo_spawner/lib/tb3_gazebo_spawner
[1.019s] writing list of installed files to '/home/ab/final_ws/build/tb3_gazebo_spawner/install.log'
[1.040s] Invoked command in '/home/ab/final_ws/src/enpm809y_FinalFall2022/final/tb3_bringup/tb3_gazebo_spawner' returned '0': PYTHONPATH=/home/ab/final_ws/build/tb3_gazebo_spawner/prefix_override:/home/ab/final_ws/install/tb3_gazebo_spawner/lib/python3.8/site-packages:${PYTHONPATH} /usr/bin/python3 setup.py egg_info --egg-base ../../../../../build/tb3_gazebo_spawner build --build-base /home/ab/final_ws/build/tb3_gazebo_spawner/build install --record /home/ab/final_ws/build/tb3_gazebo_spawner/install.log --install-scripts $base/lib/tb3_gazebo_spawner --single-version-externally-managed
