[0.035s] Invoking command in '/home/ab/final_ws/build/final_plugins': CMAKE_PREFIX_PATH=/opt/ros/galactic /usr/bin/cmake /home/ab/final_ws/src/enpm809y_FinalFall2022/final/final_plugins -DCMAKE_INSTALL_PREFIX=/home/ab/final_ws/install/final_plugins
[0.423s] -- The C compiler identification is GNU 9.4.0
[0.423s] -- The CXX compiler identification is GNU 9.4.0
[0.423s] -- Check for working C compiler: /usr/bin/cc
[0.424s] -- Check for working C compiler: /usr/bin/cc -- works
[0.424s] -- Detecting C compiler ABI info
[0.424s] -- Detecting C compiler ABI info - done
[0.424s] -- Detecting C compile features
[0.424s] -- Detecting C compile features - done
[0.424s] -- Check for working CXX compiler: /usr/bin/c++
[0.424s] -- Check for working CXX compiler: /usr/bin/c++ -- works
[0.424s] -- Detecting CXX compiler ABI info
[0.425s] -- Detecting CXX compiler ABI info - done
[0.425s] -- Detecting CXX compile features
[0.425s] -- Detecting CXX compile features - done
[0.425s] -- Found ament_cmake: 1.1.6 (/opt/ros/galactic/share/ament_cmake/cmake)
[0.425s] -- Found PythonInterp: /usr/bin/python3 (found suitable version "3.8.10", minimum required is "3") 
[0.425s] -- Using PYTHON_EXECUTABLE: /usr/bin/python3
[0.435s] -- Found gazebo_msgs: 3.5.2 (/opt/ros/galactic/share/gazebo_msgs/cmake)
[0.458s] -- Using all available rosidl_typesupport_c: rosidl_typesupport_fastrtps_c;rosidl_typesupport_introspection_c
[0.462s] -- Found rosidl_adapter: 2.2.3 (/opt/ros/galactic/share/rosidl_adapter/cmake)
[0.517s] -- Found OpenSSL: /usr/lib/x86_64-linux-gnu/libcrypto.so (found version "1.1.1f")  
[0.542s] -- Found FastRTPS: /opt/ros/galactic/include  
[0.600s] -- Using all available rosidl_typesupport_cpp: rosidl_typesupport_fastrtps_cpp;rosidl_typesupport_introspection_cpp
[0.830s] -- Found gazebo_ros: 3.5.2 (/opt/ros/galactic/share/gazebo_ros/cmake)
[0.871s] -- Found rmw_implementation_cmake: 3.3.1 (/opt/ros/galactic/share/rmw_implementation_cmake/cmake)
[0.873s] -- Found rmw_cyclonedds_cpp: 0.22.6 (/opt/ros/galactic/share/rmw_cyclonedds_cpp/cmake)
[0.887s] -- Using RMW implementation 'rmw_cyclonedds_cpp' as default
[0.888s] -- Looking for pthread.h
[0.943s] -- Looking for pthread.h - found
[0.943s] -- Performing Test CMAKE_HAVE_LIBC_PTHREAD
[0.999s] -- Performing Test CMAKE_HAVE_LIBC_PTHREAD - Failed
[0.999s] -- Looking for pthread_create in pthreads
[1.046s] -- Looking for pthread_create in pthreads - not found
[1.046s] -- Looking for pthread_create in pthread
[1.100s] -- Looking for pthread_create in pthread - found
[1.101s] -- Found Threads: TRUE  
[1.226s] -- Found PkgConfig: /usr/bin/pkg-config (found version "0.29.1") 
[1.228s] -- Checking for module 'bullet>=2.82'
[1.239s] --   Found bullet, version 2.88
[1.321s] -- Found ccd: /usr/include (found suitable version "2.0", minimum required is "2.0") 
[1.359s] -- Found fcl: /usr/include (found suitable version "0.5.0", minimum required is "0.3.2") 
[1.398s] -- Found assimp: /usr/include (found version "5.0.0") 
[1.417s] -- Found DART: /usr/include (Required is at least version "6.6") found components: dart 
[1.442s] -- Found Boost: /usr/lib/x86_64-linux-gnu/cmake/Boost-1.71.0/BoostConfig.cmake (found suitable version "1.71.0", minimum required is "1.40.0") found components: thread system filesystem program_options regex iostreams date_time 
[1.466s] -- Found Protobuf: /usr/lib/x86_64-linux-gnu/libprotobuf.so;-lpthread (found version "3.6.1") 
[1.466s] -- Looking for ignition-math6 -- found version 6.13.0
[1.471s] -- Searching for dependencies of ignition-math6
[1.472s] -- Looking for OGRE...
[1.473s] -- OGRE_PREFIX_WATCH changed.
[1.476s] -- Checking for module 'OGRE'
[1.486s] --   Found OGRE, version 1.9.0
[1.511s] -- Found Ogre Ghadamon (1.9.0)
[1.518s] -- Found OGRE: optimized;/usr/lib/x86_64-linux-gnu/libOgreMain.so;debug;/usr/lib/x86_64-linux-gnu/libOgreMain.so
[1.528s] -- Looking for OGRE_Paging...
[1.533s] -- Found OGRE_Paging: optimized;/usr/lib/x86_64-linux-gnu/libOgrePaging.so;debug;/usr/lib/x86_64-linux-gnu/libOgrePaging.so
[1.533s] -- Looking for OGRE_Terrain...
[1.537s] -- Found OGRE_Terrain: optimized;/usr/lib/x86_64-linux-gnu/libOgreTerrain.so;debug;/usr/lib/x86_64-linux-gnu/libOgreTerrain.so
[1.537s] -- Looking for OGRE_Property...
[1.541s] -- Found OGRE_Property: optimized;/usr/lib/x86_64-linux-gnu/libOgreProperty.so;debug;/usr/lib/x86_64-linux-gnu/libOgreProperty.so
[1.541s] -- Looking for OGRE_RTShaderSystem...
[1.546s] -- Found OGRE_RTShaderSystem: optimized;/usr/lib/x86_64-linux-gnu/libOgreRTShaderSystem.so;debug;/usr/lib/x86_64-linux-gnu/libOgreRTShaderSystem.so
[1.546s] -- Looking for OGRE_Volume...
[1.551s] -- Found OGRE_Volume: optimized;/usr/lib/x86_64-linux-gnu/libOgreVolume.so;debug;/usr/lib/x86_64-linux-gnu/libOgreVolume.so
[1.551s] -- Looking for OGRE_Overlay...
[1.555s] -- Found OGRE_Overlay: optimized;/usr/lib/x86_64-linux-gnu/libOgreOverlay.so;debug;/usr/lib/x86_64-linux-gnu/libOgreOverlay.so
[1.652s] -- Looking for ignition-math6 -- found version 6.13.0
[1.653s] -- Looking for ignition-transport8 -- found version 8.4.0
[1.653s] -- Searching for dependencies of ignition-transport8
[1.668s] -- Found Protobuf: /usr/lib/x86_64-linux-gnu/libprotobuf.so;-lpthread (found suitable version "3.6.1", minimum required is "3") 
[1.678s] -- Config-file not installed for ZeroMQ -- checking for pkg-config
[1.681s] -- Checking for module 'libzmq >= 4'
[1.693s] --   Found libzmq , version 4.3.2
[1.727s] -- Found ZeroMQ: TRUE (Required is at least version "4") 
[1.732s] -- Checking for module 'uuid'
[1.748s] --   Found uuid, version 2.34.0
[1.790s] -- Found UUID: TRUE  
[1.792s] -- Looking for ignition-msgs5 -- found version 5.11.0
[1.793s] -- Searching for dependencies of ignition-msgs5
[1.815s] -- Looking for ignition-math6 -- found version 6.13.0
[1.821s] -- Checking for module 'tinyxml2'
[1.840s] --   Found tinyxml2, version 6.2.0
[1.886s] -- Looking for ignition-msgs5 -- found version 5.11.0
[1.888s] -- Looking for ignition-common3 -- found version 3.15.1
[1.888s] -- Searching for dependencies of ignition-common3
[1.889s] -- Looking for dlfcn.h - found
[1.891s] -- Looking for libdl - found
[1.892s] -- Found DL: TRUE  
[1.904s] -- Searching for <ignition-common3> component [graphics]
[1.906s] -- Looking for ignition-common3-graphics -- found version 3.15.1
[1.907s] -- Searching for dependencies of ignition-common3-graphics
[1.907s] -- Looking for ignition-math6 -- found version 6.13.0
[1.911s] -- Looking for ignition-fuel_tools4 -- found version 4.8.0
[1.911s] -- Searching for dependencies of ignition-fuel_tools4
[1.994s] -- Found CURL: /usr/lib/x86_64-linux-gnu/libcurl.so (found version "7.68.0")  
[2.004s] -- Checking for module 'jsoncpp'
[2.020s] --   Found jsoncpp, version 1.7.4
[2.060s] -- Found JSONCPP: TRUE  
[2.066s] -- Checking for module 'libzip'
[2.081s] --   Found libzip, version 1.5.1
[2.114s] -- Found ZIP: TRUE  
[2.114s] -- Looking for ignition-common3 -- found version 3.15.1
[2.115s] -- Looking for ignition-math6 -- found version 6.13.0
[2.115s] -- Looking for ignition-msgs5 -- found version 5.11.0
[2.117s] -- Gazebo version: 11.12
[2.198s] -- Configuring done
[2.216s] -- Generating done
[2.217s] -- Build files have been written to: /home/ab/final_ws/build/final_plugins
[2.230s] Invoked command in '/home/ab/final_ws/build/final_plugins' returned '0': CMAKE_PREFIX_PATH=/opt/ros/galactic /usr/bin/cmake /home/ab/final_ws/src/enpm809y_FinalFall2022/final/final_plugins -DCMAKE_INSTALL_PREFIX=/home/ab/final_ws/install/final_plugins
[2.232s] Invoking command in '/home/ab/final_ws/build/final_plugins': CMAKE_PREFIX_PATH=/opt/ros/galactic /usr/bin/cmake --build /home/ab/final_ws/build/final_plugins -- -j16 -l16
[2.267s] [35m[1mScanning dependencies of target disable_shadows_plugin[0m
[2.346s] [ 50%] [32mBuilding CXX object CMakeFiles/disable_shadows_plugin.dir/src/disable_shadows_plugin.cpp.o[0m
[8.888s] [100%] [32m[1mLinking CXX shared library libdisable_shadows_plugin.so[0m
[9.093s] [100%] Built target disable_shadows_plugin
